
Date: Thu Aug 26 17:46:25 2021


conditional: false
input_file: ../../REDUZE/3_no_distribute/list_of_integrals.yaml
output_file: masters_tmp/tmp/AMP_MI.sol
notfound_file: masters_tmp/MI_NF.rest
preferred_masters_file: ""
generate_crossed: false

Finding selected integrals
Reading integrals from file "../../REDUZE/3_no_distribute/list_of_integrals.yaml"
Using integral family T1 (id reset to 1)
Loading crossings from file ./sectormappings/crossings.yaml
Crossing equivalence: '' -> ''
using crossing x12 (invs: {t==-t+mw^2-s+mh^2}, mom: {p2==p1,p1==p2})
Crossing equivalence: 'x12' -> 'x12'
Crossing equivalence: '' -> ''
Loaded crossings for kinematics ''
Loaded crossings for 1 kinematics
Done loading crossings
  generated crossed integral family T1x12 (id set to 2)
Using integral family T2 (id reset to 3)
  generated crossed integral family T2x12 (id set to 4)
Done loading integral families
Solutions for 549 different integrals requested
Finding crossing equivalences
Opening output file 'masters_tmp/tmp/AMP_MI.sol'
Writing shift identities
Search shift for T1 2 18  3 0  0 2 0 0 1 0 0 0 0read key 'sectormappings' in file './sectormappings/sectormappings_T1.yaml'
Found valid sector mappings for T1
 => found shift, select red for rhs
Search shift for T1 2 36  3 0  0 0 2 0 0 1 0 0 0 => found shift, select red for rhs
Search shift for T1 2 65  3 0  2 0 0 0 0 0 1 0 0 => found shift, select red for rhs
Search shift for T1 3 19  3 0  1 1 0 0 1 0 0 0 0 => found shift, select red for rhs
Search shift for T1 3 19  4 0  1 2 0 0 1 0 0 0 0 => found shift, select red for rhs
Search shift for T1 3 19  4 1  1 2 -1 0 1 0 0 0 0 => found shift, select red for rhs
Search shift for T1 3 19  4 1  1 2 0 -1 1 0 0 0 0 => found shift, select red for rhs
Search shift for T1 3 19  4 1  1 2 0 0 1 -1 0 0 0 => found shift, select red for rhs
Search shift for T1 3 19  4 1  1 2 0 0 1 0 -1 0 0 => found shift, select red for rhs
Search shift for T1 3 19  4 1  1 2 0 0 1 0 0 -1 0 => found shift, select red for rhs
Search shift for T1 3 19  4 1  1 2 0 0 1 0 0 0 -1 => found shift, select red for rhs
Search shift for T1 3 21  3 0  1 0 1 0 1 0 0 0 0 => found shift, select red for rhs
Search shift for T1 3 22  3 0  0 1 1 0 1 0 0 0 0 => found shift, select red for rhs
Search shift for T1 3 22  4 1  -1 2 1 0 1 0 0 0 0 => found shift, select red for rhs
Search shift for T1 3 22  4 1  0 2 1 -1 1 0 0 0 0 => found shift, select red for rhs
Search shift for T1 3 22  4 1  0 2 1 0 1 -1 0 0 0 => found shift, select red for rhs
Search shift for T1 3 22  4 1  0 2 1 0 1 0 -1 0 0 => found shift, select red for rhs
Search shift for T1 3 22  4 1  0 2 1 0 1 0 0 -1 0 => found shift, select red for rhs
Search shift for T1 3 22  4 1  0 2 1 0 1 0 0 0 -1 => found shift, select red for rhs
Search shift for T1 3 25  3 0  1 0 0 1 1 0 0 0 0 => found shift, select red for rhs
Search shift for T1 3 26  3 0  0 1 0 1 1 0 0 0 0 => found shift, select red for rhs
Search shift for T1 3 28  3 0  0 0 1 1 1 0 0 0 0 => found shift, select red for rhs
Search shift for T1 3 35  3 0  1 1 0 0 0 1 0 0 0 => found shift, select red for rhs
Search shift for T1 3 37  3 0  1 0 1 0 0 1 0 0 0 => found shift, select red for rhs
Search shift for T1 3 37  4 0  1 0 2 0 0 1 0 0 0 => found shift, select red for rhs
Search shift for T1 3 37  4 1  1 0 2 -1 0 1 0 0 0 => found shift, select red for rhs
Search shift for T1 3 37  4 1  1 0 2 0 0 1 -1 0 0 => found shift, select red for rhs
Search shift for T1 3 37  4 1  1 0 2 0 0 1 0 -1 0 => found shift, select red for rhs
Search shift for T1 3 37  4 1  1 0 2 0 0 1 0 0 -1 => found shift, select red for rhs
Search shift for T1 3 38  3 0  0 1 1 0 0 1 0 0 0 => found shift, select red for rhs
Search shift for T1 3 38  4 0  0 1 2 0 0 1 0 0 0 => found shift, select red for rhs
Search shift for T1 3 38  4 1  -1 1 2 0 0 1 0 0 0 => found shift, select red for rhs
Search shift for T1 3 38  4 1  0 1 2 -1 0 1 0 0 0 => found shift, select red for rhs
Search shift for T1 3 38  4 1  0 1 2 0 -1 1 0 0 0 => found shift, select red for rhs
Search shift for T1 3 38  4 1  0 1 2 0 0 1 -1 0 0 => found shift, select red for rhs
Search shift for T1 3 38  4 1  0 1 2 0 0 1 0 -1 0 => found shift, select red for rhs
Search shift for T1 3 38  4 1  0 1 2 0 0 1 0 0 -1 => found shift, select red for rhs
Search shift for T1 3 41  3 0  1 0 0 1 0 1 0 0 0 => found shift, select red for rhs
Search shift for T1 3 42  3 0  0 1 0 1 0 1 0 0 0 => found shift, select red for rhs
Search shift for T1 3 44  3 0  0 0 1 1 0 1 0 0 0 => found shift, select red for rhs
Search shift for T1 3 49  3 0  1 0 0 0 1 1 0 0 0 => found shift, select red for rhs
Search shift for T1 3 50  3 0  0 1 0 0 1 1 0 0 0 => found shift, select red for rhs
Search shift for T1 3 52  3 0  0 0 1 0 1 1 0 0 0 => found shift, select red for rhs
Search shift for T1 3 56  3 0  0 0 0 1 1 1 0 0 0 => found shift, select red for rhs
Search shift for T1 3 67  4 0  2 1 0 0 0 0 1 0 0 => found shift, select red for rhs
Search shift for T1 3 67  4 1  2 1 -1 0 0 0 1 0 0 => found shift, select red for rhs
Search shift for T1 3 67  4 1  2 1 0 -1 0 0 1 0 0 => found shift, select red for rhs
Search shift for T1 3 67  4 1  2 1 0 0 -1 0 1 0 0 => found shift, select red for rhs
Search shift for T1 3 67  4 1  2 1 0 0 0 -1 1 0 0 => found shift, select red for rhs
Search shift for T1 3 67  4 1  2 1 0 0 0 0 1 -1 0 => found shift, select red for rhs
Search shift for T1 3 67  4 1  2 1 0 0 0 0 1 0 -1 => found shift, select red for rhs
Search shift for T1 3 69  3 0  1 0 1 0 0 0 1 0 0 => found shift, select red for rhs
Search shift for T1 3 69  4 0  2 0 1 0 0 0 1 0 0 => found shift, select red for rhs
Search shift for T1 3 69  4 1  2 0 1 -1 0 0 1 0 0 => found shift, select red for rhs
Search shift for T1 3 69  4 1  2 0 1 0 0 -1 1 0 0 => found shift, select red for rhs
Search shift for T1 3 69  4 1  2 0 1 0 0 0 1 -1 0 => found shift, select red for rhs
Search shift for T1 3 69  4 1  2 0 1 0 0 0 1 0 -1 => found shift, select red for rhs
Search shift for T1 3 70  3 0  0 1 1 0 0 0 1 0 0 => found shift, select red for rhs
Search shift for T1 3 70  3 1  0 1 1 0 0 -1 1 0 0 => found shift, select red for rhs
Search shift for T1 3 73  3 0  1 0 0 1 0 0 1 0 0 => found shift, select red for rhs
Search shift for T1 3 73  4 0  2 0 0 1 0 0 1 0 0 => found shift, select red for rhs
Search shift for T1 3 73  4 1  2 -1 0 1 0 0 1 0 0 => found shift, select red for rhs
Search shift for T1 3 73  4 1  2 0 -1 1 0 0 1 0 0 => found shift, select red for rhs
Search shift for T1 3 73  4 1  2 0 0 1 -1 0 1 0 0 => found shift, select red for rhs
Search shift for T1 3 73  4 1  2 0 0 1 0 -1 1 0 0 => found shift, select red for rhs
Search shift for T1 3 73  4 1  2 0 0 1 0 0 1 -1 0 => found shift, select red for rhs
Search shift for T1 3 73  4 1  2 0 0 1 0 0 1 0 -1 => found shift, select red for rhs
Search shift for T1 3 74  3 0  0 1 0 1 0 0 1 0 0 => found shift, select red for rhs
Search shift for T1 3 76  3 0  0 0 1 1 0 0 1 0 0 => found shift, select red for rhs
Search shift for T1 3 81  3 0  1 0 0 0 1 0 1 0 0 => found shift, select red for rhs
Search shift for T1 3 82  3 0  0 1 0 0 1 0 1 0 0 => found shift, select red for rhs
Search shift for T1 3 82  3 1  0 1 0 0 1 -1 1 0 0 => found shift, select red for rhs
Search shift for T1 3 84  3 0  0 0 1 0 1 0 1 0 0 => none
Search shift for T1 3 88  3 0  0 0 0 1 1 0 1 0 0 => found shift, select red for rhs
Search shift for T1 3 97  3 0  1 0 0 0 0 1 1 0 0 => found shift, select red for rhs
Search shift for T1 3 98  3 0  0 1 0 0 0 1 1 0 0 => found shift, select red for rhs
Search shift for T1 3 100  3 0  0 0 1 0 0 1 1 0 0 => found shift, select red for rhs
Search shift for T1 3 104  3 0  0 0 0 1 0 1 1 0 0 => found shift, select red for rhs
Search shift for T1 3 112  3 0  0 0 0 0 1 1 1 0 0 => found shift, select red for rhs
Search shift for T1 4 15  4 1  1 1 1 1 0 0 0 -1 0 => found shift, select red for rhs
Search shift for T1 4 15  5 1  2 1 1 1 -1 0 0 0 0 => found shift, select red for rhs
Search shift for T1 4 23  4 0  1 1 1 0 1 0 0 0 0 => found shift, select red for rhs
Search shift for T1 4 23  4 1  1 1 1 -1 1 0 0 0 0 => found shift, select red for rhs
Search shift for T1 4 23  4 1  1 1 1 0 1 -1 0 0 0 => found shift, select red for rhs
Search shift for T1 4 23  4 1  1 1 1 0 1 0 -1 0 0 => found shift, select red for rhs
Search shift for T1 4 23  4 1  1 1 1 0 1 0 0 -1 0 => found shift, select red for rhs
Search shift for T1 4 23  4 1  1 1 1 0 1 0 0 0 -1 => found shift, select red for rhs
Search shift for T1 4 23  5 0  1 2 1 0 1 0 0 0 0 => found shift, select red for rhs
Search shift for T1 4 23  5 1  1 2 1 -1 1 0 0 0 0 => found shift, select red for rhs
Search shift for T1 4 23  5 1  1 2 1 0 1 -1 0 0 0 => found shift, select red for rhs
Search shift for T1 4 23  5 1  1 2 1 0 1 0 -1 0 0 => found shift, select red for rhs
Search shift for T1 4 23  5 1  1 2 1 0 1 0 0 -1 0 => found shift, select red for rhs
Search shift for T1 4 23  5 1  1 2 1 0 1 0 0 0 -1 => found shift, select red for rhs
Search shift for T1 4 23  5 2  1 2 1 -1 1 0 0 -1 0 => found shift, select red for rhs
Search shift for T1 4 23  5 2  1 2 1 0 1 0 -1 -1 0 => found shift, select red for rhs
Search shift for T1 4 23  5 2  1 2 1 0 1 0 0 -1 -1 => found shift, select red for rhs
Search shift for T1 4 27  4 0  1 1 0 1 1 0 0 0 0 => found shift, select red for rhs
Search shift for T1 4 27  4 1  1 1 -1 1 1 0 0 0 0 => found shift, select red for rhs
Search shift for T1 4 27  4 1  1 1 0 1 1 -1 0 0 0 => found shift, select red for rhs
Search shift for T1 4 27  4 1  1 1 0 1 1 0 -1 0 0 => found shift, select red for rhs
Search shift for T1 4 27  4 1  1 1 0 1 1 0 0 -1 0 => found shift, select red for rhs
Search shift for T1 4 27  4 1  1 1 0 1 1 0 0 0 -1 => found shift, select red for rhs
Search shift for T1 4 29  4 0  1 0 1 1 1 0 0 0 0 => found shift, select red for rhs
Search shift for T1 4 29  4 1  1 -1 1 1 1 0 0 0 0 => found shift, select red for rhs
Search shift for T1 4 29  4 1  1 0 1 1 1 -1 0 0 0 => found shift, select red for rhs
Search shift for T1 4 29  4 1  1 0 1 1 1 0 -1 0 0 => found shift, select red for rhs
Search shift for T1 4 29  4 1  1 0 1 1 1 0 0 -1 0 => found shift, select red for rhs
Search shift for T1 4 29  4 1  1 0 1 1 1 0 0 0 -1 => found shift, select red for rhs
Search shift for T1 4 30  4 0  0 1 1 1 1 0 0 0 0 => found shift, select red for rhs
Search shift for T1 4 30  4 1  -1 1 1 1 1 0 0 0 0 => found shift, select red for rhs
Search shift for T1 4 30  4 1  0 1 1 1 1 -1 0 0 0 => found shift, select red for rhs
Search shift for T1 4 30  4 1  0 1 1 1 1 0 -1 0 0 => found shift, select red for rhs
Search shift for T1 4 30  4 1  0 1 1 1 1 0 0 -1 0 => found shift, select red for rhs
Search shift for T1 4 30  4 1  0 1 1 1 1 0 0 0 -1 => found shift, select red for rhs
Search shift for T1 4 39  4 0  1 1 1 0 0 1 0 0 0 => found shift, select red for rhs
Search shift for T1 4 39  4 1  1 1 1 -1 0 1 0 0 0 => found shift, select red for rhs
Search shift for T1 4 39  4 1  1 1 1 0 -1 1 0 0 0 => found shift, select red for rhs
Search shift for T1 4 39  4 1  1 1 1 0 0 1 -1 0 0 => found shift, select red for rhs
Search shift for T1 4 39  4 1  1 1 1 0 0 1 0 -1 0 => found shift, select red for rhs
Search shift for T1 4 39  4 1  1 1 1 0 0 1 0 0 -1 => found shift, select red for rhs
Search shift for T1 4 39  5 1  1 1 2 -1 0 1 0 0 0 => found shift, select red for rhs
Search shift for T1 4 39  5 1  1 1 2 0 -1 1 0 0 0 => found shift, select red for rhs
Search shift for T1 4 39  5 1  1 1 2 0 0 1 -1 0 0 => found shift, select red for rhs
Search shift for T1 4 39  5 1  1 1 2 0 0 1 0 -1 0 => found shift, select red for rhs
Search shift for T1 4 39  5 2  1 1 2 -1 0 1 0 -1 0 => found shift, select red for rhs
Search shift for T1 4 39  5 2  1 1 2 0 -1 1 0 -1 0 => found shift, select red for rhs
Search shift for T1 4 39  5 2  1 1 2 0 0 1 -1 -1 0 => found shift, select red for rhs
Search shift for T1 4 39  5 2  1 1 2 0 0 1 0 -1 -1 => found shift, select red for rhs
Search shift for T1 4 43  4 0  1 1 0 1 0 1 0 0 0 => found shift, select red for rhs
Search shift for T1 4 43  4 1  1 1 -1 1 0 1 0 0 0 => found shift, select red for rhs
Search shift for T1 4 43  4 1  1 1 0 1 -1 1 0 0 0 => found shift, select red for rhs
Search shift for T1 4 43  4 1  1 1 0 1 0 1 -1 0 0 => found shift, select red for rhs
Search shift for T1 4 43  4 1  1 1 0 1 0 1 0 -1 0 => found shift, select red for rhs
Search shift for T1 4 43  4 1  1 1 0 1 0 1 0 0 -1 => found shift, select red for rhs
Search shift for T1 4 45  4 0  1 0 1 1 0 1 0 0 0 => found shift, select red for rhs
Search shift for T1 4 45  4 1  1 -1 1 1 0 1 0 0 0 => found shift, select red for rhs
Search shift for T1 4 45  4 1  1 0 1 1 0 1 -1 0 0 => found shift, select red for rhs
Search shift for T1 4 45  4 1  1 0 1 1 0 1 0 -1 0 => found shift, select red for rhs
Search shift for T1 4 45  4 1  1 0 1 1 0 1 0 0 -1 => found shift, select red for rhs
Search shift for T1 4 46  4 0  0 1 1 1 0 1 0 0 0 => found shift, select red for rhs
Search shift for T1 4 46  4 1  -1 1 1 1 0 1 0 0 0 => found shift, select red for rhs
Search shift for T1 4 46  4 1  0 1 1 1 -1 1 0 0 0 => found shift, select red for rhs
Search shift for T1 4 46  4 1  0 1 1 1 0 1 -1 0 0 => found shift, select red for rhs
Search shift for T1 4 46  4 1  0 1 1 1 0 1 0 -1 0 => found shift, select red for rhs
Search shift for T1 4 46  4 1  0 1 1 1 0 1 0 0 -1 => found shift, select red for rhs
Search shift for T1 4 51  4 0  1 1 0 0 1 1 0 0 0 => found shift, select red for rhs
Search shift for T1 4 51  4 1  1 1 -1 0 1 1 0 0 0 => found shift, select red for rhs
Search shift for T1 4 51  4 1  1 1 0 0 1 1 0 -1 0 => found shift, select red for rhs
Search shift for T1 4 53  4 0  1 0 1 0 1 1 0 0 0 => found shift, select red for rhs
Search shift for T1 4 53  4 1  1 -1 1 0 1 1 0 0 0 => found shift, select red for rhs
Search shift for T1 4 53  4 1  1 0 1 0 1 1 0 -1 0 => found shift, select red for rhs
Search shift for T1 4 54  4 0  0 1 1 0 1 1 0 0 0 => none
Search shift for T1 4 54  4 1  -1 1 1 0 1 1 0 0 0 => none
Search shift for T1 4 54  4 1  0 1 1 0 1 1 0 -1 0 => none
Search shift for T1 4 57  4 0  1 0 0 1 1 1 0 0 0 => found shift, select red for rhs
Search shift for T1 4 57  4 1  1 -1 0 1 1 1 0 0 0 => found shift, select red for rhs
Search shift for T1 4 57  4 1  1 0 -1 1 1 1 0 0 0 => found shift, select red for rhs
Search shift for T1 4 57  4 1  1 0 0 1 1 1 -1 0 0 => found shift, select red for rhs
Search shift for T1 4 57  4 1  1 0 0 1 1 1 0 -1 0 => found shift, select red for rhs
Search shift for T1 4 57  4 1  1 0 0 1 1 1 0 0 -1 => found shift, select red for rhs
Search shift for T1 4 58  4 1  -1 1 0 1 1 1 0 0 0 => found shift, select red for rhs
Search shift for T1 4 58  4 1  0 1 -1 1 1 1 0 0 0 => found shift, select red for rhs
Search shift for T1 4 58  4 1  0 1 0 1 1 1 -1 0 0 => found shift, select red for rhs
Search shift for T1 4 58  4 1  0 1 0 1 1 1 0 -1 0 => found shift, select red for rhs
Search shift for T1 4 58  4 1  0 1 0 1 1 1 0 0 -1 => found shift, select red for rhs
Search shift for T1 4 60  4 0  0 0 1 1 1 1 0 0 0 => found shift, select red for rhs
Search shift for T1 4 60  4 1  -1 0 1 1 1 1 0 0 0 => found shift, select red for rhs
Search shift for T1 4 60  4 1  0 -1 1 1 1 1 0 0 0 => found shift, select red for rhs
Search shift for T1 4 60  4 1  0 0 1 1 1 1 -1 0 0 => found shift, select red for rhs
Search shift for T1 4 60  4 1  0 0 1 1 1 1 0 -1 0 => found shift, select red for rhs
Search shift for T1 4 60  4 1  0 0 1 1 1 1 0 0 -1 => found shift, select red for rhs
Search shift for T1 4 71  4 0  1 1 1 0 0 0 1 0 0 => found shift, select red for rhs
Search shift for T1 4 71  4 1  1 1 1 0 -1 0 1 0 0 => found shift, select red for rhs
Search shift for T1 4 71  4 1  1 1 1 0 0 -1 1 0 0 => found shift, select red for rhs
Search shift for T1 4 71  4 1  1 1 1 0 0 0 1 -1 0 => found shift, select red for rhs
Search shift for T1 4 71  4 1  1 1 1 0 0 0 1 0 -1 => found shift, select red for rhs
Search shift for T1 4 71  5 0  2 1 1 0 0 0 1 0 0 => found shift, select red for rhs
Search shift for T1 4 71  5 1  2 1 1 -1 0 0 1 0 0 => found shift, select red for rhs
Search shift for T1 4 71  5 1  2 1 1 0 -1 0 1 0 0 => found shift, select red for rhs
Search shift for T1 4 71  5 1  2 1 1 0 0 0 1 -1 0 => found shift, select red for rhs
Search shift for T1 4 71  5 2  2 1 1 -1 0 0 1 -1 0 => found shift, select red for rhs
Search shift for T1 4 71  5 2  2 1 1 0 -1 -1 1 0 0 => found shift, select red for rhs
Search shift for T1 4 71  5 2  2 1 1 0 -1 0 1 -1 0 => found shift, select red for rhs
Search shift for T1 4 71  5 2  2 1 1 0 0 -1 1 -1 0 => found shift, select red for rhs
Search shift for T1 4 71  5 2  2 1 1 0 0 0 1 -2 0 => found shift, select red for rhs
Search shift for T1 4 75  4 0  1 1 0 1 0 0 1 0 0 => found shift, select red for rhs
Search shift for T1 4 75  4 1  1 1 -1 1 0 0 1 0 0 => found shift, select red for rhs
Search shift for T1 4 75  4 1  1 1 0 1 -1 0 1 0 0 => found shift, select red for rhs
Search shift for T1 4 75  4 1  1 1 0 1 0 0 1 -1 0 => found shift, select red for rhs
Search shift for T1 4 75  4 1  1 1 0 1 0 0 1 0 -1 => found shift, select red for rhs
Search shift for T1 4 75  5 1  2 1 0 1 -1 0 1 0 0 => found shift, select red for rhs
Search shift for T1 4 75  5 2  2 1 0 1 -2 0 1 0 0 => found shift, select red for rhs
Search shift for T1 4 75  5 2  2 1 0 1 -1 -1 1 0 0 => found shift, select red for rhs
Search shift for T1 4 75  5 2  2 1 0 1 -1 0 1 0 -1 => found shift, select red for rhs
Search shift for T1 4 77  4 0  1 0 1 1 0 0 1 0 0 => found shift, select red for rhs
Search shift for T1 4 77  4 1  1 -1 1 1 0 0 1 0 0 => found shift, select red for rhs
Search shift for T1 4 77  4 1  1 0 1 1 -1 0 1 0 0 => found shift, select red for rhs
Search shift for T1 4 77  4 1  1 0 1 1 0 0 1 -1 0 => found shift, select red for rhs
Search shift for T1 4 77  4 1  1 0 1 1 0 0 1 0 -1 => found shift, select red for rhs
Search shift for T1 4 77  5 0  2 0 1 1 0 0 1 0 0 => found shift, select red for rhs
Search shift for T1 4 77  5 1  2 -1 1 1 0 0 1 0 0 => found shift, select red for rhs
Search shift for T1 4 77  5 1  2 0 1 1 -1 0 1 0 0 => found shift, select red for rhs
Search shift for T1 4 77  5 1  2 0 1 1 0 0 1 -1 0 => found shift, select red for rhs
Search shift for T1 4 77  5 1  2 0 1 1 0 0 1 0 -1 => found shift, select red for rhs
Search shift for T1 4 77  5 2  2 -1 1 1 0 0 1 -1 0 => found shift, select red for rhs
Search shift for T1 4 77  5 2  2 0 1 1 -1 -1 1 0 0 => found shift, select red for rhs
Search shift for T1 4 77  5 2  2 0 1 1 -1 0 1 -1 0 => found shift, select red for rhs
Search shift for T1 4 77  5 2  2 0 1 1 0 -2 1 0 0 => found shift, select red for rhs
Search shift for T1 4 77  5 2  2 0 1 1 0 -1 1 0 -1 => found shift, select red for rhs
Search shift for T1 4 78  4 0  0 1 1 1 0 0 1 0 0 => none
Search shift for T1 4 78  4 1  -1 1 1 1 0 0 1 0 0 => none
Search shift for T1 4 78  4 1  0 1 1 1 -1 0 1 0 0 => none
Search shift for T1 4 78  4 1  0 1 1 1 0 0 1 -1 0 => none
Search shift for T1 4 78  4 1  0 1 1 1 0 0 1 0 -1 => none
Search shift for T1 4 83  4 0  1 1 0 0 1 0 1 0 0 => found shift, select red for rhs
Search shift for T1 4 83  4 1  1 1 -1 0 1 0 1 0 0 => found shift, select red for rhs
Search shift for T1 4 83  4 1  1 1 0 -1 1 0 1 0 0 => found shift, select red for rhs
Search shift for T1 4 83  4 1  1 1 0 0 1 -1 1 0 0 => found shift, select red for rhs
Search shift for T1 4 83  4 1  1 1 0 0 1 0 1 -1 0 => found shift, select red for rhs
Search shift for T1 4 83  4 1  1 1 0 0 1 0 1 0 -1 => found shift, select red for rhs
Search shift for T1 4 85  4 0  1 0 1 0 1 0 1 0 0 => none
Search shift for T1 4 85  4 1  1 -1 1 0 1 0 1 0 0 => none
Search shift for T1 4 85  4 1  1 0 1 -1 1 0 1 0 0 => none
Search shift for T1 4 85  4 1  1 0 1 0 1 -1 1 0 0 => none
Search shift for T1 4 85  4 1  1 0 1 0 1 0 1 -1 0 => none
Search shift for T1 4 85  4 1  1 0 1 0 1 0 1 0 -1 => none
Search shift for T1 4 86  4 0  0 1 1 0 1 0 1 0 0 => none
Search shift for T1 4 86  4 1  -1 1 1 0 1 0 1 0 0 => none
Search shift for T1 4 86  4 1  0 1 1 -1 1 0 1 0 0 => none
Search shift for T1 4 86  4 1  0 1 1 0 1 -1 1 0 0 => none
Search shift for T1 4 86  4 1  0 1 1 0 1 0 1 -1 0 => none
Search shift for T1 4 86  4 1  0 1 1 0 1 0 1 0 -1 => none
Search shift for T1 4 86  4 2  0 1 1 0 1 0 1 -2 0 => none
Search shift for T1 4 89  4 0  1 0 0 1 1 0 1 0 0 => found shift, select red for rhs
Search shift for T1 4 89  4 1  1 -1 0 1 1 0 1 0 0 => found shift, select red for rhs
Search shift for T1 4 89  4 1  1 0 -1 1 1 0 1 0 0 => found shift, select red for rhs
Search shift for T1 4 89  4 1  1 0 0 1 1 -1 1 0 0 => found shift, select red for rhs
Search shift for T1 4 89  4 1  1 0 0 1 1 0 1 -1 0 => found shift, select red for rhs
Search shift for T1 4 89  4 1  1 0 0 1 1 0 1 0 -1 => found shift, select red for rhs
Search shift for T1 4 90  4 0  0 1 0 1 1 0 1 0 0 => found shift, select red for rhs
Search shift for T1 4 90  4 1  -1 1 0 1 1 0 1 0 0 => found shift, select red for rhs
Search shift for T1 4 90  4 1  0 1 -1 1 1 0 1 0 0 => found shift, select red for rhs
Search shift for T1 4 90  4 1  0 1 0 1 1 -1 1 0 0 => found shift, select red for rhs
Search shift for T1 4 90  4 1  0 1 0 1 1 0 1 -1 0 => found shift, select red for rhs
Search shift for T1 4 90  4 1  0 1 0 1 1 0 1 0 -1 => found shift, select red for rhs
Search shift for T1 4 92  4 0  0 0 1 1 1 0 1 0 0 => found shift, select red for rhs
Search shift for T1 4 92  4 1  -1 0 1 1 1 0 1 0 0 => found shift, select red for rhs
Search shift for T1 4 92  4 1  0 -1 1 1 1 0 1 0 0 => found shift, select red for rhs
Search shift for T1 4 92  4 1  0 0 1 1 1 -1 1 0 0 => found shift, select red for rhs
Search shift for T1 4 92  4 1  0 0 1 1 1 0 1 -1 0 => found shift, select red for rhs
Search shift for T1 4 92  4 1  0 0 1 1 1 0 1 0 -1 => found shift, select red for rhs
Search shift for T1 4 99  4 0  1 1 0 0 0 1 1 0 0 => found shift, select red for rhs
Search shift for T1 4 99  4 1  1 1 -1 0 0 1 1 0 0 => found shift, select red for rhs
Search shift for T1 4 99  4 1  1 1 0 -1 0 1 1 0 0 => found shift, select red for rhs
Search shift for T1 4 99  4 1  1 1 0 0 -1 1 1 0 0 => found shift, select red for rhs
Search shift for T1 4 99  4 1  1 1 0 0 0 1 1 -1 0 => found shift, select red for rhs
Search shift for T1 4 99  4 1  1 1 0 0 0 1 1 0 -1 => found shift, select red for rhs
Search shift for T1 4 101  4 0  1 0 1 0 0 1 1 0 0 => found shift, select red for rhs
Search shift for T1 4 101  4 1  1 -1 1 0 0 1 1 0 0 => found shift, select red for rhs
Search shift for T1 4 101  4 1  1 0 1 0 -1 1 1 0 0 => found shift, select red for rhs
Search shift for T1 4 101  4 1  1 0 1 0 0 1 1 -1 0 => found shift, select red for rhs
Search shift for T1 4 101  4 1  1 0 1 0 0 1 1 0 -1 => found shift, select red for rhs
Search shift for T1 4 102  4 0  0 1 1 0 0 1 1 0 0 => found shift, select red for rhs
Search shift for T1 4 102  4 1  -1 1 1 0 0 1 1 0 0 => found shift, select red for rhs
Search shift for T1 4 102  4 1  0 1 1 -1 0 1 1 0 0 => found shift, select red for rhs
Search shift for T1 4 102  4 1  0 1 1 0 -1 1 1 0 0 => found shift, select red for rhs
Search shift for T1 4 102  4 1  0 1 1 0 0 1 1 -1 0 => found shift, select red for rhs
Search shift for T1 4 102  4 1  0 1 1 0 0 1 1 0 -1 => found shift, select red for rhs
Search shift for T1 4 105  4 0  1 0 0 1 0 1 1 0 0 => found shift, select red for rhs
Search shift for T1 4 105  4 1  1 -1 0 1 0 1 1 0 0 => found shift, select red for rhs
Search shift for T1 4 105  4 1  1 0 -1 1 0 1 1 0 0 => found shift, select red for rhs
Search shift for T1 4 105  4 1  1 0 0 1 -1 1 1 0 0 => found shift, select red for rhs
Search shift for T1 4 105  4 1  1 0 0 1 0 1 1 -1 0 => found shift, select red for rhs
Search shift for T1 4 105  4 1  1 0 0 1 0 1 1 0 -1 => found shift, select red for rhs
Search shift for T1 4 106  4 0  0 1 0 1 0 1 1 0 0 => found shift, select red for rhs
Search shift for T1 4 106  4 1  -1 1 0 1 0 1 1 0 0 => found shift, select red for rhs
Search shift for T1 4 106  4 1  0 1 -1 1 0 1 1 0 0 => found shift, select red for rhs
Search shift for T1 4 106  4 1  0 1 0 1 -1 1 1 0 0 => found shift, select red for rhs
Search shift for T1 4 106  4 1  0 1 0 1 0 1 1 -1 0 => found shift, select red for rhs
Search shift for T1 4 106  4 1  0 1 0 1 0 1 1 0 -1 => found shift, select red for rhs
Search shift for T1 4 108  4 0  0 0 1 1 0 1 1 0 0 => found shift, select red for rhs
Search shift for T1 4 108  4 1  -1 0 1 1 0 1 1 0 0 => found shift, select red for rhs
Search shift for T1 4 108  4 1  0 -1 1 1 0 1 1 0 0 => found shift, select red for rhs
Search shift for T1 4 108  4 1  0 0 1 1 -1 1 1 0 0 => found shift, select red for rhs
Search shift for T1 4 108  4 1  0 0 1 1 0 1 1 -1 0 => found shift, select red for rhs
Search shift for T1 4 108  4 1  0 0 1 1 0 1 1 0 -1 => found shift, select red for rhs
Search shift for T1 4 113  4 0  1 0 0 0 1 1 1 0 0 => found shift, select red for rhs
Search shift for T1 4 113  4 1  1 -1 0 0 1 1 1 0 0 => found shift, select red for rhs
Search shift for T1 4 113  4 1  1 0 -1 0 1 1 1 0 0 => found shift, select red for rhs
Search shift for T1 4 113  4 1  1 0 0 -1 1 1 1 0 0 => found shift, select red for rhs
Search shift for T1 4 113  4 1  1 0 0 0 1 1 1 -1 0 => found shift, select red for rhs
Search shift for T1 4 113  4 1  1 0 0 0 1 1 1 0 -1 => found shift, select red for rhs
Search shift for T1 4 114  4 0  0 1 0 0 1 1 1 0 0 => found shift, select red for rhs
Search shift for T1 4 114  4 1  -1 1 0 0 1 1 1 0 0 => found shift, select red for rhs
Search shift for T1 4 114  4 1  0 1 -1 0 1 1 1 0 0 => found shift, select red for rhs
Search shift for T1 4 114  4 1  0 1 0 -1 1 1 1 0 0 => found shift, select red for rhs
Search shift for T1 4 114  4 1  0 1 0 0 1 1 1 -1 0 => found shift, select red for rhs
Search shift for T1 4 114  4 1  0 1 0 0 1 1 1 0 -1 => found shift, select red for rhs
Search shift for T1 4 116  4 0  0 0 1 0 1 1 1 0 0 => found shift, select red for rhs
Search shift for T1 4 116  4 1  -1 0 1 0 1 1 1 0 0 => found shift, select red for rhs
Search shift for T1 4 116  4 1  0 -1 1 0 1 1 1 0 0 => found shift, select red for rhs
Search shift for T1 4 116  4 1  0 0 1 -1 1 1 1 0 0 => found shift, select red for rhs
Search shift for T1 4 116  4 1  0 0 1 0 1 1 1 -1 0 => found shift, select red for rhs
Search shift for T1 4 116  4 1  0 0 1 0 1 1 1 0 -1 => found shift, select red for rhs
Search shift for T1 4 116  4 2  0 -1 1 -1 1 1 1 0 0 => found shift, select red for rhs
Search shift for T1 4 116  4 2  0 0 1 0 1 1 1 -1 -1 => found shift, select red for rhs
Search shift for T1 4 120  4 0  0 0 0 1 1 1 1 0 0 => found shift, select red for rhs
Search shift for T1 4 120  4 1  -1 0 0 1 1 1 1 0 0 => found shift, select red for rhs
Search shift for T1 4 120  4 1  0 -1 0 1 1 1 1 0 0 => found shift, select red for rhs
Search shift for T1 4 120  4 1  0 0 -1 1 1 1 1 0 0 => found shift, select red for rhs
Search shift for T1 4 120  4 1  0 0 0 1 1 1 1 -1 0 => found shift, select red for rhs
Search shift for T1 4 120  4 1  0 0 0 1 1 1 1 0 -1 => found shift, select red for rhs
Search shift for T1 4 120  4 2  0 -1 -1 1 1 1 1 0 0 => found shift, select red for rhs
Search shift for T1 5 31  5 0  1 1 1 1 1 0 0 0 0 => found shift, select red for rhs
Search shift for T1 5 31  5 1  1 1 1 1 1 -1 0 0 0 => found shift, select red for rhs
Search shift for T1 5 31  5 1  1 1 1 1 1 0 -1 0 0 => found shift, select red for rhs
Search shift for T1 5 31  5 1  1 1 1 1 1 0 0 -1 0 => found shift, select red for rhs
Search shift for T1 5 31  5 1  1 1 1 1 1 0 0 0 -1 => found shift, select red for rhs
Search shift for T1 5 31  5 2  1 1 1 1 1 -1 0 -1 0 => found shift, select red for rhs
Search shift for T1 5 31  5 2  1 1 1 1 1 0 -1 -1 0 => found shift, select red for rhs
Search shift for T1 5 31  5 2  1 1 1 1 1 0 0 -2 0 => found shift, select red for rhs
Search shift for T1 5 31  5 2  1 1 1 1 1 0 0 -1 -1 => found shift, select red for rhs
Search shift for T1 5 47  5 0  1 1 1 1 0 1 0 0 0 => found shift, select red for rhs
Search shift for T1 5 47  5 1  1 1 1 1 -1 1 0 0 0 => found shift, select red for rhs
Search shift for T1 5 47  5 1  1 1 1 1 0 1 -1 0 0 => found shift, select red for rhs
Search shift for T1 5 47  5 1  1 1 1 1 0 1 0 -1 0 => found shift, select red for rhs
Search shift for T1 5 47  5 1  1 1 1 1 0 1 0 0 -1 => found shift, select red for rhs
Search shift for T1 5 47  5 2  1 1 1 1 -1 1 0 -1 0 => found shift, select red for rhs
Search shift for T1 5 47  5 2  1 1 1 1 0 1 -1 -1 0 => found shift, select red for rhs
Search shift for T1 5 47  5 2  1 1 1 1 0 1 0 -2 0 => found shift, select red for rhs
Search shift for T1 5 47  5 2  1 1 1 1 0 1 0 -1 -1 => found shift, select red for rhs
Search shift for T1 5 55  5 0  1 1 1 0 1 1 0 0 0 => none
Search shift for T1 5 55  5 1  1 1 1 -1 1 1 0 0 0 => none
Search shift for T1 5 55  5 2  1 1 1 0 1 1 0 -2 0 => none
Search shift for T1 5 59  5 0  1 1 0 1 1 1 0 0 0 => found shift, select red for rhs
Search shift for T1 5 59  5 1  1 1 -1 1 1 1 0 0 0 => found shift, select red for rhs
Search shift for T1 5 59  5 1  1 1 0 1 1 1 -1 0 0 => found shift, select red for rhs
Search shift for T1 5 59  5 1  1 1 0 1 1 1 0 -1 0 => found shift, select red for rhs
Search shift for T1 5 59  5 2  1 1 -2 1 1 1 0 0 0 => found shift, select red for rhs
Search shift for T1 5 59  5 2  1 1 -1 1 1 1 -1 0 0 => found shift, select red for rhs
Search shift for T1 5 59  5 2  1 1 -1 1 1 1 0 -1 0 => found shift, select red for rhs
Search shift for T1 5 59  5 2  1 1 0 1 1 1 -1 -1 0 => found shift, select red for rhs
Search shift for T1 5 61  5 0  1 0 1 1 1 1 0 0 0 => found shift, select red for rhs
Search shift for T1 5 61  5 1  1 -1 1 1 1 1 0 0 0 => found shift, select red for rhs
Search shift for T1 5 61  5 1  1 0 1 1 1 1 -1 0 0 => found shift, select red for rhs
Search shift for T1 5 61  5 1  1 0 1 1 1 1 0 -1 0 => found shift, select red for rhs
Search shift for T1 5 61  5 2  1 -1 1 1 1 1 0 -1 0 => found shift, select red for rhs
Search shift for T1 5 61  5 2  1 0 1 1 1 1 -1 -1 0 => found shift, select red for rhs
Search shift for T1 5 79  5 0  1 1 1 1 0 0 1 0 0 => none
Search shift for T1 5 79  5 1  1 1 1 1 -1 0 1 0 0 => none
Search shift for T1 5 79  5 1  1 1 1 1 0 0 1 0 -1 => none
Search shift for T1 5 79  5 2  1 1 1 1 -2 0 1 0 0 => none
Search shift for T1 5 79  5 2  1 1 1 1 -1 -1 1 0 0 => none
Search shift for T1 5 79  5 2  1 1 1 1 -1 0 1 -1 0 => none
Search shift for T1 5 79  5 2  1 1 1 1 -1 0 1 0 -1 => none
Search shift for T1 5 79  5 2  1 1 1 1 0 -2 1 0 0 => none
Search shift for T1 5 79  5 2  1 1 1 1 0 -1 1 -1 0 => none
Search shift for T1 5 79  5 2  1 1 1 1 0 -1 1 0 -1 => none
Search shift for T1 5 79  5 2  1 1 1 1 0 0 1 -2 0 => none
Search shift for T1 5 79  6 1  2 1 1 1 -1 0 1 0 0 => none
Search shift for T1 5 79  6 2  2 1 1 1 -1 -1 1 0 0 => none
Search shift for T1 5 79  6 2  2 1 1 1 -1 0 1 -1 0 => none
Search shift for T1 5 79  6 3  2 1 1 1 -1 -1 1 -1 0 => none
Search shift for T1 5 79  6 3  2 1 1 1 -1 0 1 -2 0 => none
Search shift for T1 5 87  5 0  1 1 1 0 1 0 1 0 0 => none
Search shift for T1 5 87  5 1  1 1 1 -1 1 0 1 0 0 => none
Search shift for T1 5 87  5 1  1 1 1 0 1 -1 1 0 0 => none
Search shift for T1 5 87  5 1  1 1 1 0 1 0 1 -1 0 => none
Search shift for T1 5 87  5 1  1 1 1 0 1 0 1 0 -1 => none
Search shift for T1 5 87  5 2  1 1 1 -1 1 0 1 -1 0 => none
Search shift for T1 5 87  5 2  1 1 1 0 1 -1 1 -1 0 => none
Search shift for T1 5 87  5 2  1 1 1 0 1 0 1 -2 0 => none
Search shift for T1 5 87  5 2  1 1 1 0 1 0 1 -1 -1 => none
Search shift for T1 5 93  5 0  1 0 1 1 1 0 1 0 0 => none
Search shift for T1 5 93  5 1  1 -1 1 1 1 0 1 0 0 => none
Search shift for T1 5 93  5 1  1 0 1 1 1 -1 1 0 0 => none
Search shift for T1 5 93  5 1  1 0 1 1 1 0 1 -1 0 => none
Search shift for T1 5 93  5 1  1 0 1 1 1 0 1 0 -1 => none
Search shift for T1 5 93  5 2  1 -2 1 1 1 0 1 0 0 => none
Search shift for T1 5 93  5 2  1 -1 1 1 1 -1 1 0 0 => none
Search shift for T1 5 93  5 2  1 -1 1 1 1 0 1 -1 0 => none
Search shift for T1 5 93  5 2  1 -1 1 1 1 0 1 0 -1 => none
Search shift for T1 5 93  5 2  1 0 1 1 1 -2 1 0 0 => none
Search shift for T1 5 93  5 2  1 0 1 1 1 -1 1 -1 0 => none
Search shift for T1 5 93  5 2  1 0 1 1 1 -1 1 0 -1 => none
Search shift for T1 5 93  5 2  1 0 1 1 1 0 1 -1 -1 => none
Search shift for T1 5 94  5 0  0 1 1 1 1 0 1 0 0 => none
Search shift for T1 5 94  5 1  -1 1 1 1 1 0 1 0 0 => none
Search shift for T1 5 94  5 1  0 1 1 1 1 -1 1 0 0 => none
Search shift for T1 5 94  5 1  0 1 1 1 1 0 1 -1 0 => none
Search shift for T1 5 94  5 1  0 1 1 1 1 0 1 0 -1 => none
Search shift for T1 5 94  5 2  -2 1 1 1 1 0 1 0 0 => none
Search shift for T1 5 94  5 2  -1 1 1 1 1 -1 1 0 0 => none
Search shift for T1 5 94  5 2  -1 1 1 1 1 0 1 -1 0 => none
Search shift for T1 5 94  5 2  -1 1 1 1 1 0 1 0 -1 => none
Search shift for T1 5 94  5 2  0 1 1 1 1 -2 1 0 0 => none
Search shift for T1 5 94  5 2  0 1 1 1 1 -1 1 0 -1 => none
Search shift for T1 5 103  5 0  1 1 1 0 0 1 1 0 0 => found shift, select red for rhs
Search shift for T1 5 103  5 1  1 1 1 -1 0 1 1 0 0 => found shift, select red for rhs
Search shift for T1 5 103  5 1  1 1 1 0 -1 1 1 0 0 => found shift, select red for rhs
Search shift for T1 5 103  5 1  1 1 1 0 0 1 1 -1 0 => found shift, select red for rhs
Search shift for T1 5 103  5 1  1 1 1 0 0 1 1 0 -1 => found shift, select red for rhs
Search shift for T1 5 103  5 2  1 1 1 -1 0 1 1 -1 0 => found shift, select red for rhs
Search shift for T1 5 103  5 2  1 1 1 0 -1 1 1 -1 0 => found shift, select red for rhs
Search shift for T1 5 103  5 2  1 1 1 0 0 1 1 -2 0 => found shift, select red for rhs
Search shift for T1 5 103  5 2  1 1 1 0 0 1 1 -1 -1 => found shift, select red for rhs
Search shift for T1 5 107  5 0  1 1 0 1 0 1 1 0 0 => found shift, select red for rhs
Search shift for T1 5 107  5 1  1 1 -1 1 0 1 1 0 0 => found shift, select red for rhs
Search shift for T1 5 107  5 1  1 1 0 1 -1 1 1 0 0 => found shift, select red for rhs
Search shift for T1 5 107  5 1  1 1 0 1 0 1 1 -1 0 => found shift, select red for rhs
Search shift for T1 5 107  5 1  1 1 0 1 0 1 1 0 -1 => found shift, select red for rhs
Search shift for T1 5 107  5 2  1 1 -2 1 0 1 1 0 0 => found shift, select red for rhs
Search shift for T1 5 107  5 2  1 1 -1 1 -1 1 1 0 0 => found shift, select red for rhs
Search shift for T1 5 107  5 2  1 1 -1 1 0 1 1 -1 0 => found shift, select red for rhs
Search shift for T1 5 107  5 2  1 1 -1 1 0 1 1 0 -1 => found shift, select red for rhs
Search shift for T1 5 107  5 2  1 1 0 1 -2 1 1 0 0 => found shift, select red for rhs
Search shift for T1 5 107  5 2  1 1 0 1 -1 1 1 -1 0 => found shift, select red for rhs
Search shift for T1 5 107  5 2  1 1 0 1 -1 1 1 0 -1 => found shift, select red for rhs
Search shift for T1 5 107  5 2  1 1 0 1 0 1 1 -2 0 => found shift, select red for rhs
Search shift for T1 5 107  5 2  1 1 0 1 0 1 1 -1 -1 => found shift, select red for rhs
Search shift for T1 5 109  5 0  1 0 1 1 0 1 1 0 0 => found shift, select red for rhs
Search shift for T1 5 109  5 1  1 -1 1 1 0 1 1 0 0 => found shift, select red for rhs
Search shift for T1 5 109  6 1  2 -1 1 1 0 1 1 0 0 => found shift, select red for rhs
Search shift for T1 5 109  6 1  2 0 1 1 0 1 1 -1 0 => found shift, select red for rhs
Search shift for T1 5 110  5 0  0 1 1 1 0 1 1 0 0 => found shift, select red for rhs
Search shift for T1 5 110  5 1  -1 1 1 1 0 1 1 0 0 => found shift, select red for rhs
Search shift for T1 5 110  5 1  0 1 1 1 -1 1 1 0 0 => found shift, select red for rhs
Search shift for T1 5 110  5 1  0 1 1 1 0 1 1 -1 0 => found shift, select red for rhs
Search shift for T1 5 110  5 1  0 1 1 1 0 1 1 0 -1 => found shift, select red for rhs
Search shift for T1 5 110  5 2  -2 1 1 1 0 1 1 0 0 => found shift, select red for rhs
Search shift for T1 5 110  5 2  -1 1 1 1 -1 1 1 0 0 => found shift, select red for rhs
Search shift for T1 5 110  5 2  -1 1 1 1 0 1 1 0 -1 => found shift, select red for rhs
Search shift for T1 5 110  5 2  0 1 1 1 -2 1 1 0 0 => found shift, select red for rhs
Search shift for T1 5 110  5 2  0 1 1 1 -1 1 1 0 -1 => found shift, select red for rhs
Search shift for T1 5 110  5 2  0 1 1 1 0 1 1 -2 0 => found shift, select red for rhs
Search shift for T1 5 115  5 0  1 1 0 0 1 1 1 0 0 => found shift, select red for rhs
Search shift for T1 5 115  5 1  1 1 -1 0 1 1 1 0 0 => found shift, select red for rhs
Search shift for T1 5 115  5 1  1 1 0 -1 1 1 1 0 0 => found shift, select red for rhs
Search shift for T1 5 115  5 1  1 1 0 0 1 1 1 -1 0 => found shift, select red for rhs
Search shift for T1 5 115  5 1  1 1 0 0 1 1 1 0 -1 => found shift, select red for rhs
Search shift for T1 5 115  5 2  1 1 -2 0 1 1 1 0 0 => found shift, select red for rhs
Search shift for T1 5 115  5 2  1 1 -1 -1 1 1 1 0 0 => found shift, select red for rhs
Search shift for T1 5 115  5 2  1 1 -1 0 1 1 1 -1 0 => found shift, select red for rhs
Search shift for T1 5 115  5 2  1 1 -1 0 1 1 1 0 -1 => found shift, select red for rhs
Search shift for T1 5 115  5 2  1 1 0 -2 1 1 1 0 0 => found shift, select red for rhs
Search shift for T1 5 115  5 2  1 1 0 -1 1 1 1 -1 0 => found shift, select red for rhs
Search shift for T1 5 115  5 2  1 1 0 -1 1 1 1 0 -1 => found shift, select red for rhs
Search shift for T1 5 115  5 2  1 1 0 0 1 1 1 -2 0 => found shift, select red for rhs
Search shift for T1 5 115  5 2  1 1 0 0 1 1 1 -1 -1 => found shift, select red for rhs
Search shift for T1 5 115  5 2  1 1 0 0 1 1 1 0 -2 => found shift, select red for rhs
Search shift for T1 5 117  5 0  1 0 1 0 1 1 1 0 0 => found shift, select red for rhs
Search shift for T1 5 117  5 1  1 -1 1 0 1 1 1 0 0 => found shift, select red for rhs
Search shift for T1 5 117  5 1  1 0 1 -1 1 1 1 0 0 => found shift, select red for rhs
Search shift for T1 5 117  5 1  1 0 1 0 1 1 1 -1 0 => found shift, select red for rhs
Search shift for T1 5 117  5 1  1 0 1 0 1 1 1 0 -1 => found shift, select red for rhs
Search shift for T1 5 117  5 2  1 -2 1 0 1 1 1 0 0 => found shift, select red for rhs
Search shift for T1 5 117  5 2  1 -1 1 -1 1 1 1 0 0 => found shift, select red for rhs
Search shift for T1 5 117  5 2  1 -1 1 0 1 1 1 -1 0 => found shift, select red for rhs
Search shift for T1 5 117  5 2  1 -1 1 0 1 1 1 0 -1 => found shift, select red for rhs
Search shift for T1 5 117  5 2  1 0 1 -2 1 1 1 0 0 => found shift, select red for rhs
Search shift for T1 5 117  5 2  1 0 1 -1 1 1 1 -1 0 => found shift, select red for rhs
Search shift for T1 5 117  5 2  1 0 1 -1 1 1 1 0 -1 => found shift, select red for rhs
Search shift for T1 5 117  5 2  1 0 1 0 1 1 1 -2 0 => found shift, select red for rhs
Search shift for T1 5 117  5 2  1 0 1 0 1 1 1 -1 -1 => found shift, select red for rhs
Search shift for T1 5 118  5 0  0 1 1 0 1 1 1 0 0 => none
Search shift for T1 5 118  5 1  -1 1 1 0 1 1 1 0 0 => none
Search shift for T1 5 118  5 1  0 1 1 -1 1 1 1 0 0 => none
Search shift for T1 5 118  5 1  0 1 1 0 1 1 1 -1 0 => none
Search shift for T1 5 118  5 1  0 1 1 0 1 1 1 0 -1 => none
Search shift for T1 5 118  5 2  -2 1 1 0 1 1 1 0 0 => none
Search shift for T1 5 118  5 2  -1 1 1 -1 1 1 1 0 0 => none
Search shift for T1 5 118  5 2  -1 1 1 0 1 1 1 -1 0 => none
Search shift for T1 5 118  5 2  0 1 1 -2 1 1 1 0 0 => none
Search shift for T1 5 118  5 2  0 1 1 -1 1 1 1 -1 0 => none
Search shift for T1 5 118  5 2  0 1 1 -1 1 1 1 0 -1 => none
Search shift for T1 5 118  5 2  0 1 1 0 1 1 1 -2 0 => none
Search shift for T1 5 118  5 2  0 1 1 0 1 1 1 -1 -1 => none
Search shift for T1 5 118  5 2  0 1 1 0 1 1 1 0 -2 => none
Search shift for T1 5 121  5 0  1 0 0 1 1 1 1 0 0 => found shift, select red for rhs
Search shift for T1 5 121  5 1  1 -1 0 1 1 1 1 0 0 => found shift, select red for rhs
Search shift for T1 5 121  5 1  1 0 0 1 1 1 1 -1 0 => found shift, select red for rhs
Search shift for T1 5 121  5 1  1 0 0 1 1 1 1 0 -1 => found shift, select red for rhs
Search shift for T1 5 121  5 2  1 -2 0 1 1 1 1 0 0 => found shift, select red for rhs
Search shift for T1 5 121  5 2  1 -1 -1 1 1 1 1 0 0 => found shift, select red for rhs
Search shift for T1 5 121  5 2  1 -1 0 1 1 1 1 -1 0 => found shift, select red for rhs
Search shift for T1 5 121  5 2  1 -1 0 1 1 1 1 0 -1 => found shift, select red for rhs
Search shift for T1 5 121  5 2  1 0 -2 1 1 1 1 0 0 => found shift, select red for rhs
Search shift for T1 5 121  5 2  1 0 -1 1 1 1 1 -1 0 => found shift, select red for rhs
Search shift for T1 5 121  5 2  1 0 -1 1 1 1 1 0 -1 => found shift, select red for rhs
Search shift for T1 5 121  5 2  1 0 0 1 1 1 1 -2 0 => found shift, select red for rhs
Search shift for T1 5 121  5 2  1 0 0 1 1 1 1 -1 -1 => found shift, select red for rhs
Search shift for T1 5 121  5 2  1 0 0 1 1 1 1 0 -2 => found shift, select red for rhs
Search shift for T1 5 122  5 0  0 1 0 1 1 1 1 0 0 => found shift, select red for rhs
Search shift for T1 5 122  5 1  -1 1 0 1 1 1 1 0 0 => found shift, select red for rhs
Search shift for T1 5 122  5 1  0 1 -1 1 1 1 1 0 0 => found shift, select red for rhs
Search shift for T1 5 122  5 1  0 1 0 1 1 1 1 -1 0 => found shift, select red for rhs
Search shift for T1 5 122  5 1  0 1 0 1 1 1 1 0 -1 => found shift, select red for rhs
Search shift for T1 5 122  5 2  -2 1 0 1 1 1 1 0 0 => found shift, select red for rhs
Search shift for T1 5 122  5 2  -1 1 -1 1 1 1 1 0 0 => found shift, select red for rhs
Search shift for T1 5 122  5 2  -1 1 0 1 1 1 1 -1 0 => found shift, select red for rhs
Search shift for T1 5 122  5 2  -1 1 0 1 1 1 1 0 -1 => found shift, select red for rhs
Search shift for T1 5 122  5 2  0 1 -2 1 1 1 1 0 0 => found shift, select red for rhs
Search shift for T1 5 122  5 2  0 1 -1 1 1 1 1 -1 0 => found shift, select red for rhs
Search shift for T1 5 122  5 2  0 1 -1 1 1 1 1 0 -1 => found shift, select red for rhs
Search shift for T1 5 122  5 2  0 1 0 1 1 1 1 -2 0 => found shift, select red for rhs
Search shift for T1 5 122  5 2  0 1 0 1 1 1 1 -1 -1 => found shift, select red for rhs
Search shift for T1 5 124  5 0  0 0 1 1 1 1 1 0 0 => found shift, select red for rhs
Search shift for T1 5 124  5 1  0 -1 1 1 1 1 1 0 0 => found shift, select red for rhs
Search shift for T1 5 124  5 1  0 0 1 1 1 1 1 -1 0 => found shift, select red for rhs
Search shift for T1 5 124  5 1  0 0 1 1 1 1 1 0 -1 => found shift, select red for rhs
Search shift for T1 5 124  5 2  -2 0 1 1 1 1 1 0 0 => found shift, select red for rhs
Search shift for T1 5 124  5 2  -1 -1 1 1 1 1 1 0 0 => found shift, select red for rhs
Search shift for T1 5 124  5 2  -1 0 1 1 1 1 1 -1 0 => found shift, select red for rhs
Search shift for T1 5 124  5 2  0 -1 1 1 1 1 1 -1 0 => found shift, select red for rhs
Search shift for T1 5 124  5 2  0 -1 1 1 1 1 1 0 -1 => found shift, select red for rhs
Search shift for T1 5 295  6 0  1 1 2 0 0 1 0 0 1 => found shift, select red for rhs
Search shift for T1 6 111  6 0  1 1 1 1 0 1 1 0 0 => found shift, select red for rhs
Search shift for T1 6 119  6 0  1 1 1 0 1 1 1 0 0 => none
Search shift for T1 6 119  6 1  1 1 1 -1 1 1 1 0 0 => none
Search shift for T1 6 119  6 1  1 1 1 0 1 1 1 -1 0 => none
Search shift for T1 6 119  6 1  1 1 1 0 1 1 1 0 -1 => none
Search shift for T1 6 119  6 2  1 1 1 -2 1 1 1 0 0 => none
Search shift for T1 6 119  6 2  1 1 1 -1 1 1 1 -1 0 => none
Search shift for T1 6 119  6 2  1 1 1 -1 1 1 1 0 -1 => none
Search shift for T1 6 119  6 2  1 1 1 0 1 1 1 -2 0 => none
Search shift for T1 6 119  6 2  1 1 1 0 1 1 1 -1 -1 => none
Search shift for T1 6 119  6 2  1 1 1 0 1 1 1 0 -2 => none
Search shift for T1 6 119  6 3  1 1 1 -2 1 1 1 -1 0 => none
Search shift for T1 6 119  6 3  1 1 1 -1 1 1 1 -2 0 => none
Search shift for T1 6 123  6 1  1 1 -1 1 1 1 1 0 0 => found shift, select red for rhs
Search shift for T1 6 123  6 2  1 1 -1 1 1 1 1 -1 0 => found shift, select red for rhs
Search shift for T1 6 311  6 1  1 1 1 0 1 1 0 -1 1 => found shift, select red for rhs
Search shift for T1 6 335  6 1  1 1 1 1 0 0 1 -1 1 => found shift, select red for rhs
Search shift for T1 6 374  6 0  0 1 1 0 1 1 1 0 1 => found shift, select red for rhs
Search shift for T2 3 22  4 0  0 2 1 0 1 0 0 0 0read key 'sectormappings' in file './sectormappings/sectormappings_T2.yaml'
Found valid sector mappings for T2
 => found shift, select red for rhs
Search shift for T2 3 35  3 0  1 1 0 0 0 1 0 0 0 => found shift, select red for rhs
Search shift for T2 4 27  4 0  1 1 0 1 1 0 0 0 0 => found shift, select red for rhs
Search shift for T2 4 29  4 0  1 0 1 1 1 0 0 0 0 => found shift, select red for rhs
Search shift for T2 4 30  4 0  0 1 1 1 1 0 0 0 0 => found shift, select red for rhs
Search shift for T2 4 43  4 0  1 1 0 1 0 1 0 0 0 => found shift, select red for rhs
Search shift for T2 4 45  4 0  1 0 1 1 0 1 0 0 0 => found shift, select red for rhs
Search shift for T2 4 77  4 0  1 0 1 1 0 0 1 0 0 => found shift, select red for rhs
Search shift for T2 4 83  4 0  1 1 0 0 1 0 1 0 0 => found shift, select red for rhs
Search shift for T2 4 85  4 0  1 0 1 0 1 0 1 0 0 => found shift, select red for rhs
Search shift for T2 4 89  4 0  1 0 0 1 1 0 1 0 0 => found shift, select red for rhs
Search shift for T2 4 101  4 0  1 0 1 0 0 1 1 0 0 => found shift, select red for rhs
Search shift for T2 5 117  5 1  1 0 1 -1 1 1 1 0 0 => found shift, select red for rhs
Search shift for T2 5 121  5 1  1 0 -1 1 1 1 1 0 0 => found shift, select red for rhs
Search shift for T2 5 124  5 1  -1 0 1 1 1 1 1 0 0 => found shift, select red for rhs
Selecting: T1 3 84  3 0  0 0 1 0 1 0 1 0 0
Selecting: T1 3 84  3 1  0 0 1 0 1 -1 1 0 0
Selecting: T1 3 84  3 1  0 0 1 0 1 0 1 0 -1
Selecting: T1 4 54  4 0  0 1 1 0 1 1 0 0 0
Selecting: T1 4 54  4 1  -1 1 1 0 1 1 0 0 0
Selecting: T1 4 54  4 1  0 1 1 0 1 1 0 -1 0
Selecting: T1 4 78  4 0  0 1 1 1 0 0 1 0 0
Selecting: T1 4 78  4 1  -1 1 1 1 0 0 1 0 0
Selecting: T1 4 78  4 1  0 1 1 1 -1 0 1 0 0
Selecting: T1 4 78  4 1  0 1 1 1 0 -1 1 0 0
Selecting: T1 4 78  4 1  0 1 1 1 0 0 1 -1 0
Selecting: T1 4 78  4 1  0 1 1 1 0 0 1 0 -1
Selecting: T1 4 85  4 0  1 0 1 0 1 0 1 0 0
Selecting: T1 4 85  4 1  1 -1 1 0 1 0 1 0 0
Selecting: T1 4 85  4 1  1 0 1 -1 1 0 1 0 0
Selecting: T1 4 85  4 1  1 0 1 0 1 -1 1 0 0
Selecting: T1 4 85  4 1  1 0 1 0 1 0 1 -1 0
Selecting: T1 4 85  4 1  1 0 1 0 1 0 1 0 -1
Construct solution for: T1x12 4 85  4 0  1 0 1 0 1 0 1 0 0 from result of T1 4 85  4 0  1 0 1 0 1 0 1 0 0 via crossing
Selecting: T1 4 85  4 0  1 0 1 0 1 0 1 0 0
Construct solution for: T1x12 4 85  4 1  1 -1 1 0 1 0 1 0 0 from result of T1 4 85  4 1  1 -1 1 0 1 0 1 0 0 via crossing
Selecting: T1 4 85  4 1  1 -1 1 0 1 0 1 0 0
Construct solution for: T1x12 4 85  4 1  1 0 1 -1 1 0 1 0 0 from result of T1 4 85  4 1  1 0 1 -1 1 0 1 0 0 via crossing
Selecting: T1 4 85  4 1  1 0 1 -1 1 0 1 0 0
Construct solution for: T1x12 4 85  4 1  1 0 1 0 1 -1 1 0 0 from result of T1 4 85  4 1  1 0 1 0 1 -1 1 0 0 via crossing
Selecting: T1 4 85  4 1  1 0 1 0 1 -1 1 0 0
Construct solution for: T1x12 4 85  4 1  1 0 1 0 1 0 1 -1 0 from result of T1 4 85  4 1  1 0 1 0 1 0 1 -1 0 via crossing
Selecting: T1 4 85  4 1  1 0 1 0 1 0 1 -1 0
Construct solution for: T1x12 4 85  4 1  1 0 1 0 1 0 1 0 -1 from result of T1 4 85  4 1  1 0 1 0 1 0 1 0 -1 via crossing
Selecting: T1 4 85  4 1  1 0 1 0 1 0 1 0 -1
Selecting: T1 4 86  4 0  0 1 1 0 1 0 1 0 0
Selecting: T1 4 86  4 1  -1 1 1 0 1 0 1 0 0
Selecting: T1 4 86  4 1  0 1 1 -1 1 0 1 0 0
Selecting: T1 4 86  4 1  0 1 1 0 1 -1 1 0 0
Selecting: T1 4 86  4 1  0 1 1 0 1 0 1 -1 0
Selecting: T1 4 86  4 1  0 1 1 0 1 0 1 0 -1
Selecting: T1 4 86  4 2  -1 1 1 0 1 -1 1 0 0
Selecting: T1 4 86  4 2  0 1 1 0 1 -1 1 -1 0
Selecting: T1 4 86  4 2  0 1 1 0 1 0 1 -2 0
Selecting: T1 4 86  4 2  0 1 1 0 1 0 1 -1 -1
Selecting: T1 5 55  5 0  1 1 1 0 1 1 0 0 0
Selecting: T1 5 55  5 1  1 1 1 -1 1 1 0 0 0
Selecting: T1 5 55  5 2  1 1 1 0 1 1 0 -2 0
Selecting: T1 5 79  5 0  1 1 1 1 0 0 1 0 0
Selecting: T1 5 79  5 1  1 1 1 1 -1 0 1 0 0
Selecting: T1 5 79  5 1  1 1 1 1 0 -1 1 0 0
Selecting: T1 5 79  5 1  1 1 1 1 0 0 1 -1 0
Selecting: T1 5 79  5 1  1 1 1 1 0 0 1 0 -1
Selecting: T1 5 79  5 2  1 1 1 1 -2 0 1 0 0
Selecting: T1 5 79  5 2  1 1 1 1 -1 -1 1 0 0
Selecting: T1 5 79  5 2  1 1 1 1 -1 0 1 -1 0
Selecting: T1 5 79  5 2  1 1 1 1 -1 0 1 0 -1
Selecting: T1 5 79  5 2  1 1 1 1 0 -2 1 0 0
Selecting: T1 5 79  5 2  1 1 1 1 0 -1 1 -1 0
Selecting: T1 5 79  5 2  1 1 1 1 0 -1 1 0 -1
Selecting: T1 5 79  5 2  1 1 1 1 0 0 1 -2 0
Selecting: T1 5 79  5 2  1 1 1 1 0 0 1 -1 -1
Selecting: T1 5 79  5 2  1 1 1 1 0 0 1 0 -2
Selecting: T1 5 79  6 1  2 1 1 1 -1 0 1 0 0
Selecting: T1 5 79  6 2  2 1 1 1 -1 -1 1 0 0
Selecting: T1 5 79  6 2  2 1 1 1 -1 0 1 -1 0
Selecting: T1 5 79  6 3  2 1 1 1 -1 -1 1 -1 0
Selecting: T1 5 79  6 3  2 1 1 1 -1 0 1 -2 0
Selecting: T1 5 87  5 0  1 1 1 0 1 0 1 0 0
Selecting: T1 5 87  5 1  1 1 1 -1 1 0 1 0 0
Selecting: T1 5 87  5 1  1 1 1 0 1 -1 1 0 0
Selecting: T1 5 87  5 1  1 1 1 0 1 0 1 -1 0
Selecting: T1 5 87  5 1  1 1 1 0 1 0 1 0 -1
Selecting: T1 5 87  5 2  1 1 1 -2 1 0 1 0 0
Selecting: T1 5 87  5 2  1 1 1 -1 1 -1 1 0 0
Selecting: T1 5 87  5 2  1 1 1 -1 1 0 1 -1 0
Selecting: T1 5 87  5 2  1 1 1 -1 1 0 1 0 -1
Selecting: T1 5 87  5 2  1 1 1 0 1 -2 1 0 0
Selecting: T1 5 87  5 2  1 1 1 0 1 -1 1 -1 0
Selecting: T1 5 87  5 2  1 1 1 0 1 -1 1 0 -1
Selecting: T1 5 87  5 2  1 1 1 0 1 0 1 -2 0
Selecting: T1 5 87  5 2  1 1 1 0 1 0 1 -1 -1
Selecting: T1 5 87  5 2  1 1 1 0 1 0 1 0 -2
Construct solution for: T1x12 5 87  5 0  1 1 1 0 1 0 1 0 0 from result of T1 5 87  5 0  1 1 1 0 1 0 1 0 0 via crossing
Selecting: T1 5 87  5 0  1 1 1 0 1 0 1 0 0
Construct solution for: T1x12 5 87  5 1  1 1 1 -1 1 0 1 0 0 from result of T1 5 87  5 1  1 1 1 -1 1 0 1 0 0 via crossing
Selecting: T1 5 87  5 1  1 1 1 -1 1 0 1 0 0
Construct solution for: T1x12 5 87  5 1  1 1 1 0 1 -1 1 0 0 from result of T1 5 87  5 1  1 1 1 0 1 -1 1 0 0 via crossing
Selecting: T1 5 87  5 1  1 1 1 0 1 -1 1 0 0
Construct solution for: T1x12 5 87  5 1  1 1 1 0 1 0 1 -1 0 from result of T1 5 87  5 1  1 1 1 0 1 0 1 -1 0 via crossing
Selecting: T1 5 87  5 1  1 1 1 0 1 0 1 -1 0
Construct solution for: T1x12 5 87  5 1  1 1 1 0 1 0 1 0 -1 from result of T1 5 87  5 1  1 1 1 0 1 0 1 0 -1 via crossing
Selecting: T1 5 87  5 1  1 1 1 0 1 0 1 0 -1
Construct solution for: T1x12 5 87  5 2  1 1 1 -2 1 0 1 0 0 from result of T1 5 87  5 2  1 1 1 -2 1 0 1 0 0 via crossing
Selecting: T1 5 87  5 2  1 1 1 -2 1 0 1 0 0
Construct solution for: T1x12 5 87  5 2  1 1 1 -1 1 -1 1 0 0 from result of T1 5 87  5 2  1 1 1 -1 1 -1 1 0 0 via crossing
Selecting: T1 5 87  5 2  1 1 1 -1 1 -1 1 0 0
Construct solution for: T1x12 5 87  5 2  1 1 1 -1 1 0 1 -1 0 from result of T1 5 87  5 2  1 1 1 -1 1 0 1 -1 0 via crossing
Selecting: T1 5 87  5 2  1 1 1 -1 1 0 1 -1 0
Construct solution for: T1x12 5 87  5 2  1 1 1 -1 1 0 1 0 -1 from result of T1 5 87  5 2  1 1 1 -1 1 0 1 0 -1 via crossing
Selecting: T1 5 87  5 2  1 1 1 -1 1 0 1 0 -1
Construct solution for: T1x12 5 87  5 2  1 1 1 0 1 -1 1 -1 0 from result of T1 5 87  5 2  1 1 1 0 1 -1 1 -1 0 via crossing
Selecting: T1 5 87  5 2  1 1 1 0 1 -1 1 -1 0
Construct solution for: T1x12 5 87  5 2  1 1 1 0 1 -1 1 0 -1 from result of T1 5 87  5 2  1 1 1 0 1 -1 1 0 -1 via crossing
Selecting: T1 5 87  5 2  1 1 1 0 1 -1 1 0 -1
Construct solution for: T1x12 5 87  5 2  1 1 1 0 1 0 1 -2 0 from result of T1 5 87  5 2  1 1 1 0 1 0 1 -2 0 via crossing
Selecting: T1 5 87  5 2  1 1 1 0 1 0 1 -2 0
Construct solution for: T1x12 5 87  5 2  1 1 1 0 1 0 1 -1 -1 from result of T1 5 87  5 2  1 1 1 0 1 0 1 -1 -1 via crossing
Selecting: T1 5 87  5 2  1 1 1 0 1 0 1 -1 -1
Selecting: T1 5 93  5 0  1 0 1 1 1 0 1 0 0
Selecting: T1 5 93  5 1  1 -1 1 1 1 0 1 0 0
Selecting: T1 5 93  5 1  1 0 1 1 1 -1 1 0 0
Selecting: T1 5 93  5 1  1 0 1 1 1 0 1 -1 0
Selecting: T1 5 93  5 1  1 0 1 1 1 0 1 0 -1
Selecting: T1 5 93  5 2  1 -2 1 1 1 0 1 0 0
Selecting: T1 5 93  5 2  1 -1 1 1 1 -1 1 0 0
Selecting: T1 5 93  5 2  1 -1 1 1 1 0 1 -1 0
Selecting: T1 5 93  5 2  1 -1 1 1 1 0 1 0 -1
Selecting: T1 5 93  5 2  1 0 1 1 1 -2 1 0 0
Selecting: T1 5 93  5 2  1 0 1 1 1 -1 1 -1 0
Selecting: T1 5 93  5 2  1 0 1 1 1 -1 1 0 -1
Selecting: T1 5 93  5 2  1 0 1 1 1 0 1 -1 -1
Selecting: T1 5 93  5 2  1 0 1 1 1 0 1 0 -2
Selecting: T1 5 94  5 0  0 1 1 1 1 0 1 0 0
Selecting: T1 5 94  5 1  -1 1 1 1 1 0 1 0 0
Selecting: T1 5 94  5 1  0 1 1 1 1 -1 1 0 0
Selecting: T1 5 94  5 1  0 1 1 1 1 0 1 -1 0
Selecting: T1 5 94  5 1  0 1 1 1 1 0 1 0 -1
Selecting: T1 5 94  5 2  -2 1 1 1 1 0 1 0 0
Selecting: T1 5 94  5 2  -1 1 1 1 1 -1 1 0 0
Selecting: T1 5 94  5 2  -1 1 1 1 1 0 1 -1 0
Selecting: T1 5 94  5 2  -1 1 1 1 1 0 1 0 -1
Selecting: T1 5 94  5 2  0 1 1 1 1 -2 1 0 0
Selecting: T1 5 94  5 2  0 1 1 1 1 -1 1 -1 0
Selecting: T1 5 94  5 2  0 1 1 1 1 -1 1 0 -1
Selecting: T1 5 94  5 2  0 1 1 1 1 0 1 -2 0
Selecting: T1 5 94  5 2  0 1 1 1 1 0 1 -1 -1
Selecting: T1 5 94  5 2  0 1 1 1 1 0 1 0 -2
Construct solution for: T1x12 5 94  5 0  0 1 1 1 1 0 1 0 0 from result of T1 5 94  5 0  0 1 1 1 1 0 1 0 0 via crossing
Selecting: T1 5 94  5 0  0 1 1 1 1 0 1 0 0
Construct solution for: T1x12 5 94  5 1  -1 1 1 1 1 0 1 0 0 from result of T1 5 94  5 1  -1 1 1 1 1 0 1 0 0 via crossing
Selecting: T1 5 94  5 1  -1 1 1 1 1 0 1 0 0
Construct solution for: T1x12 5 94  5 1  0 1 1 1 1 -1 1 0 0 from result of T1 5 94  5 1  0 1 1 1 1 -1 1 0 0 via crossing
Selecting: T1 5 94  5 1  0 1 1 1 1 -1 1 0 0
Construct solution for: T1x12 5 94  5 1  0 1 1 1 1 0 1 -1 0 from result of T1 5 94  5 1  0 1 1 1 1 0 1 -1 0 via crossing
Selecting: T1 5 94  5 1  0 1 1 1 1 0 1 -1 0
Construct solution for: T1x12 5 94  5 1  0 1 1 1 1 0 1 0 -1 from result of T1 5 94  5 1  0 1 1 1 1 0 1 0 -1 via crossing
Selecting: T1 5 94  5 1  0 1 1 1 1 0 1 0 -1
Construct solution for: T1x12 5 94  5 2  -2 1 1 1 1 0 1 0 0 from result of T1 5 94  5 2  -2 1 1 1 1 0 1 0 0 via crossing
Selecting: T1 5 94  5 2  -2 1 1 1 1 0 1 0 0
Construct solution for: T1x12 5 94  5 2  -1 1 1 1 1 -1 1 0 0 from result of T1 5 94  5 2  -1 1 1 1 1 -1 1 0 0 via crossing
Selecting: T1 5 94  5 2  -1 1 1 1 1 -1 1 0 0
Construct solution for: T1x12 5 94  5 2  -1 1 1 1 1 0 1 -1 0 from result of T1 5 94  5 2  -1 1 1 1 1 0 1 -1 0 via crossing
Selecting: T1 5 94  5 2  -1 1 1 1 1 0 1 -1 0
Construct solution for: T1x12 5 94  5 2  -1 1 1 1 1 0 1 0 -1 from result of T1 5 94  5 2  -1 1 1 1 1 0 1 0 -1 via crossing
Selecting: T1 5 94  5 2  -1 1 1 1 1 0 1 0 -1
Construct solution for: T1x12 5 94  5 2  0 1 1 1 1 -2 1 0 0 from result of T1 5 94  5 2  0 1 1 1 1 -2 1 0 0 via crossing
Selecting: T1 5 94  5 2  0 1 1 1 1 -2 1 0 0
Construct solution for: T1x12 5 94  5 2  0 1 1 1 1 -1 1 -1 0 from result of T1 5 94  5 2  0 1 1 1 1 -1 1 -1 0 via crossing
Selecting: T1 5 94  5 2  0 1 1 1 1 -1 1 -1 0
Construct solution for: T1x12 5 94  5 2  0 1 1 1 1 -1 1 0 -1 from result of T1 5 94  5 2  0 1 1 1 1 -1 1 0 -1 via crossing
Selecting: T1 5 94  5 2  0 1 1 1 1 -1 1 0 -1
Construct solution for: T1x12 5 94  5 2  0 1 1 1 1 0 1 -2 0 from result of T1 5 94  5 2  0 1 1 1 1 0 1 -2 0 via crossing
Selecting: T1 5 94  5 2  0 1 1 1 1 0 1 -2 0
Construct solution for: T1x12 5 94  5 2  0 1 1 1 1 0 1 -1 -1 from result of T1 5 94  5 2  0 1 1 1 1 0 1 -1 -1 via crossing
Selecting: T1 5 94  5 2  0 1 1 1 1 0 1 -1 -1
Construct solution for: T1x12 5 94  5 2  0 1 1 1 1 0 1 0 -2 from result of T1 5 94  5 2  0 1 1 1 1 0 1 0 -2 via crossing
Selecting: T1 5 94  5 2  0 1 1 1 1 0 1 0 -2
Selecting: T1 5 118  5 0  0 1 1 0 1 1 1 0 0
Selecting: T1 5 118  5 1  -1 1 1 0 1 1 1 0 0
Selecting: T1 5 118  5 1  0 1 1 -1 1 1 1 0 0
Selecting: T1 5 118  5 1  0 1 1 0 1 1 1 -1 0
Selecting: T1 5 118  5 1  0 1 1 0 1 1 1 0 -1
Selecting: T1 5 118  5 2  -2 1 1 0 1 1 1 0 0
Selecting: T1 5 118  5 2  -1 1 1 -1 1 1 1 0 0
Selecting: T1 5 118  5 2  -1 1 1 0 1 1 1 -1 0
Selecting: T1 5 118  5 2  0 1 1 -2 1 1 1 0 0
Selecting: T1 5 118  5 2  0 1 1 -1 1 1 1 -1 0
Selecting: T1 5 118  5 2  0 1 1 -1 1 1 1 0 -1
Selecting: T1 5 118  5 2  0 1 1 0 1 1 1 -2 0
Selecting: T1 5 118  5 2  0 1 1 0 1 1 1 -1 -1
Selecting: T1 5 118  5 2  0 1 1 0 1 1 1 0 -2
Selecting: T1 5 188  6 0  0 0 1 1 1 2 0 1 0
Selecting: T1 6 95  6 1  1 1 1 1 1 -1 1 0 0
Selecting: T1 6 95  6 2  1 1 1 1 1 -1 1 0 -1
Construct solution for: T1x12 6 95  6 0  1 1 1 1 1 0 1 0 0 from result of T1 6 95  6 0  1 1 1 1 1 0 1 0 0 via crossing
Selecting: T1 6 95  6 0  1 1 1 1 1 0 1 0 0
Selecting: T1 6 119  6 0  1 1 1 0 1 1 1 0 0
Selecting: T1 6 119  6 1  1 1 1 -1 1 1 1 0 0
Selecting: T1 6 119  6 1  1 1 1 0 1 1 1 -1 0
Selecting: T1 6 119  6 1  1 1 1 0 1 1 1 0 -1
Selecting: T1 6 119  6 2  1 1 1 -2 1 1 1 0 0
Selecting: T1 6 119  6 2  1 1 1 -1 1 1 1 -1 0
Selecting: T1 6 119  6 2  1 1 1 -1 1 1 1 0 -1
Selecting: T1 6 119  6 2  1 1 1 0 1 1 1 -2 0
Selecting: T1 6 119  6 2  1 1 1 0 1 1 1 -1 -1
Selecting: T1 6 119  6 2  1 1 1 0 1 1 1 0 -2
Selecting: T1 6 119  6 3  1 1 1 -2 1 1 1 -1 0
Selecting: T1 6 119  6 3  1 1 1 -1 1 1 1 -2 0
Selecting: T1 6 190  6 1  0 1 1 1 1 1 0 1 -1
Selecting: T1 6 246  6 0  0 1 1 0 1 1 1 1 0
Selecting: T1 6 249  6 1  1 0 0 1 1 1 1 1 -1
Need reductions for 17 different sectors
Searching integrals from sector (T1:3:84)
Reading ./reductions/reduction_T1_3_84
T1 3 84  3 1  0 0 1 0 1 -1 1 0 0: found reduction
T1 3 84  3 1  0 0 1 0 1 0 1 0 -1: found reduction
  time to read reductions:   0.160304 s
  time to search reductions: 0.0208976 s
T1 3 84  3 0  0 0 1 0 1 0 1 0 0: no reduction
Searching integrals from sector (T1:4:54)
Reading ./reductions/reduction_T1_4_54
T1 4 54  4 1  -1 1 1 0 1 1 0 0 0: found reduction
T1 4 54  4 1  0 1 1 0 1 1 0 -1 0: found reduction
  time to read reductions:   0.131735 s
  time to search reductions: 0.0172687 s
T1 4 54  4 0  0 1 1 0 1 1 0 0 0: no reduction
Searching integrals from sector (T1:4:78)
Reading ./reductions/reduction_T1_4_78
T1 4 78  4 1  -1 1 1 1 0 0 1 0 0: found reduction
T1 4 78  4 1  0 1 1 1 -1 0 1 0 0: found reduction
T1 4 78  4 1  0 1 1 1 0 -1 1 0 0: found reduction
T1 4 78  4 1  0 1 1 1 0 0 1 -1 0: found reduction
T1 4 78  4 1  0 1 1 1 0 0 1 0 -1: found reduction
  time to read reductions:   0.141468 s
  time to search reductions: 0.0189948 s
T1 4 78  4 0  0 1 1 1 0 0 1 0 0: no reduction
Searching integrals from sector (T1:4:85)
Reading ./reductions/reduction_T1_4_85
T1 4 85  4 0  1 0 1 0 1 0 1 0 0: found reduction
T1 4 85  4 1  1 -1 1 0 1 0 1 0 0: found reduction
T1 4 85  4 1  1 0 1 -1 1 0 1 0 0: found reduction
T1 4 85  4 1  1 0 1 0 1 -1 1 0 0: found reduction
T1 4 85  4 1  1 0 1 0 1 0 1 -1 0: found reduction
T1 4 85  4 1  1 0 1 0 1 0 1 0 -1: found reduction
  time to read reductions:   0.148481 s
  time to search reductions: 0.0175033 s
Searching integrals from sector (T1:4:86)
Reading ./reductions/reduction_T1_4_86
T1 4 86  4 0  0 1 1 0 1 0 1 0 0: found reduction
T1 4 86  4 1  -1 1 1 0 1 0 1 0 0: found reduction
T1 4 86  4 1  0 1 1 -1 1 0 1 0 0: found reduction
T1 4 86  4 1  0 1 1 0 1 -1 1 0 0: found reduction
T1 4 86  4 1  0 1 1 0 1 0 1 -1 0: found reduction
T1 4 86  4 1  0 1 1 0 1 0 1 0 -1: found reduction
T1 4 86  4 2  -1 1 1 0 1 -1 1 0 0: found reduction
T1 4 86  4 2  0 1 1 0 1 -1 1 -1 0: found reduction
T1 4 86  4 2  0 1 1 0 1 0 1 -2 0: found reduction
T1 4 86  4 2  0 1 1 0 1 0 1 -1 -1: found reduction
  time to read reductions:   0.206239 s
  time to search reductions: 0.0173624 s
Searching integrals from sector (T1:5:55)
Reading ./reductions/reduction_T1_5_55
T1 5 55  5 0  1 1 1 0 1 1 0 0 0: found reduction
T1 5 55  5 1  1 1 1 -1 1 1 0 0 0: found reduction
T1 5 55  5 2  1 1 1 0 1 1 0 -2 0: found reduction
  time to read reductions:   0.0735967 s
  time to search reductions: 0.00840759 s
Searching integrals from sector (T1:5:79)
Reading ./reductions/reduction_T1_5_79
T1 5 79  5 0  1 1 1 1 0 0 1 0 0: found reduction
T1 5 79  5 1  1 1 1 1 -1 0 1 0 0: found reduction
T1 5 79  5 1  1 1 1 1 0 -1 1 0 0: found reduction
T1 5 79  5 1  1 1 1 1 0 0 1 -1 0: found reduction
T1 5 79  5 1  1 1 1 1 0 0 1 0 -1: found reduction
T1 5 79  5 2  1 1 1 1 -2 0 1 0 0: found reduction
T1 5 79  5 2  1 1 1 1 -1 -1 1 0 0: found reduction
T1 5 79  5 2  1 1 1 1 -1 0 1 -1 0: found reduction
T1 5 79  5 2  1 1 1 1 -1 0 1 0 -1: found reduction
T1 5 79  5 2  1 1 1 1 0 -2 1 0 0: found reduction
T1 5 79  5 2  1 1 1 1 0 -1 1 -1 0: found reduction
T1 5 79  5 2  1 1 1 1 0 -1 1 0 -1: found reduction
T1 5 79  5 2  1 1 1 1 0 0 1 -2 0: found reduction
T1 5 79  5 2  1 1 1 1 0 0 1 -1 -1: found reduction
T1 5 79  5 2  1 1 1 1 0 0 1 0 -2: found reduction
T1 5 79  6 1  2 1 1 1 -1 0 1 0 0: found reduction
T1 5 79  6 2  2 1 1 1 -1 -1 1 0 0: found reduction
T1 5 79  6 2  2 1 1 1 -1 0 1 -1 0: found reduction
T1 5 79  6 3  2 1 1 1 -1 -1 1 -1 0: found reduction
T1 5 79  6 3  2 1 1 1 -1 0 1 -2 0: found reduction
  time to read reductions:   0.0935061 s
  time to search reductions: 0.0100682 s
Searching integrals from sector (T1:5:87)
Reading ./reductions/reduction_T1_5_87
T1 5 87  5 0  1 1 1 0 1 0 1 0 0: found reduction
T1 5 87  5 1  1 1 1 -1 1 0 1 0 0: found reduction
T1 5 87  5 1  1 1 1 0 1 -1 1 0 0: found reduction
T1 5 87  5 1  1 1 1 0 1 0 1 -1 0: found reduction
T1 5 87  5 1  1 1 1 0 1 0 1 0 -1: found reduction
T1 5 87  5 2  1 1 1 -2 1 0 1 0 0: found reduction
T1 5 87  5 2  1 1 1 -1 1 -1 1 0 0: found reduction
T1 5 87  5 2  1 1 1 -1 1 0 1 -1 0: found reduction
T1 5 87  5 2  1 1 1 -1 1 0 1 0 -1: found reduction
T1 5 87  5 2  1 1 1 0 1 -2 1 0 0: found reduction
T1 5 87  5 2  1 1 1 0 1 -1 1 -1 0: found reduction
T1 5 87  5 2  1 1 1 0 1 -1 1 0 -1: found reduction
T1 5 87  5 2  1 1 1 0 1 0 1 -2 0: found reduction
T1 5 87  5 2  1 1 1 0 1 0 1 -1 -1: found reduction
T1 5 87  5 2  1 1 1 0 1 0 1 0 -2: found reduction
  time to read reductions:   0.0921948 s
  time to search reductions: 0.0122075 s
Searching integrals from sector (T1:5:93)
Reading ./reductions/reduction_T1_5_93
T1 5 93  5 0  1 0 1 1 1 0 1 0 0: found reduction
T1 5 93  5 1  1 -1 1 1 1 0 1 0 0: found reduction
T1 5 93  5 1  1 0 1 1 1 -1 1 0 0: found reduction
T1 5 93  5 1  1 0 1 1 1 0 1 -1 0: found reduction
T1 5 93  5 1  1 0 1 1 1 0 1 0 -1: found reduction
T1 5 93  5 2  1 -2 1 1 1 0 1 0 0: found reduction
T1 5 93  5 2  1 -1 1 1 1 -1 1 0 0: found reduction
T1 5 93  5 2  1 -1 1 1 1 0 1 -1 0: found reduction
T1 5 93  5 2  1 -1 1 1 1 0 1 0 -1: found reduction
T1 5 93  5 2  1 0 1 1 1 -2 1 0 0: found reduction
T1 5 93  5 2  1 0 1 1 1 -1 1 -1 0: found reduction
T1 5 93  5 2  1 0 1 1 1 -1 1 0 -1: found reduction
T1 5 93  5 2  1 0 1 1 1 0 1 -1 -1: found reduction
T1 5 93  5 2  1 0 1 1 1 0 1 0 -2: found reduction
  time to read reductions:   0.0994253 s
  time to search reductions: 0.0101657 s
Searching integrals from sector (T1:5:94)
Reading ./reductions/reduction_T1_5_94
T1 5 94  5 0  0 1 1 1 1 0 1 0 0: found reduction
T1 5 94  5 1  -1 1 1 1 1 0 1 0 0: found reduction
T1 5 94  5 1  0 1 1 1 1 -1 1 0 0: found reduction
T1 5 94  5 1  0 1 1 1 1 0 1 -1 0: found reduction
T1 5 94  5 1  0 1 1 1 1 0 1 0 -1: found reduction
T1 5 94  5 2  -2 1 1 1 1 0 1 0 0: found reduction
T1 5 94  5 2  -1 1 1 1 1 -1 1 0 0: found reduction
T1 5 94  5 2  -1 1 1 1 1 0 1 -1 0: found reduction
T1 5 94  5 2  -1 1 1 1 1 0 1 0 -1: found reduction
T1 5 94  5 2  0 1 1 1 1 -2 1 0 0: found reduction
T1 5 94  5 2  0 1 1 1 1 -1 1 -1 0: found reduction
T1 5 94  5 2  0 1 1 1 1 -1 1 0 -1: found reduction
T1 5 94  5 2  0 1 1 1 1 0 1 -2 0: found reduction
T1 5 94  5 2  0 1 1 1 1 0 1 -1 -1: found reduction
T1 5 94  5 2  0 1 1 1 1 0 1 0 -2: found reduction
  time to read reductions:   0.130431 s
  time to search reductions: 0.0184972 s
Searching integrals from sector (T1:5:118)
Reading ./reductions/reduction_T1_5_118
T1 5 118  5 0  0 1 1 0 1 1 1 0 0: found reduction
T1 5 118  5 1  -1 1 1 0 1 1 1 0 0: found reduction
T1 5 118  5 1  0 1 1 -1 1 1 1 0 0: found reduction
T1 5 118  5 1  0 1 1 0 1 1 1 -1 0: found reduction
T1 5 118  5 1  0 1 1 0 1 1 1 0 -1: found reduction
T1 5 118  5 2  -2 1 1 0 1 1 1 0 0: found reduction
T1 5 118  5 2  -1 1 1 -1 1 1 1 0 0: found reduction
T1 5 118  5 2  -1 1 1 0 1 1 1 -1 0: found reduction
T1 5 118  5 2  0 1 1 -2 1 1 1 0 0: found reduction
T1 5 118  5 2  0 1 1 -1 1 1 1 -1 0: found reduction
T1 5 118  5 2  0 1 1 -1 1 1 1 0 -1: found reduction
T1 5 118  5 2  0 1 1 0 1 1 1 -2 0: found reduction
T1 5 118  5 2  0 1 1 0 1 1 1 -1 -1: found reduction
T1 5 118  5 2  0 1 1 0 1 1 1 0 -2: found reduction
  time to read reductions:   0.15504 s
  time to search reductions: 0.0101845 s
Searching integrals from sector (T1:5:188)
File ./reductions/reduction_T1_5_188 is not readable
T1 5 188  6 0  0 0 1 1 1 2 0 1 0: no reduction
Searching integrals from sector (T1:6:95)
Reading ./reductions/reduction_T1_6_95
T1 6 95  6 0  1 1 1 1 1 0 1 0 0: found reduction
T1 6 95  6 1  1 1 1 1 1 -1 1 0 0: found reduction
T1 6 95  6 2  1 1 1 1 1 -1 1 0 -1: found reduction
  time to read reductions:   0.0877306 s
  time to search reductions: 0.00354552 s
Searching integrals from sector (T1:6:119)
Reading ./reductions/reduction_T1_6_119
T1 6 119  6 0  1 1 1 0 1 1 1 0 0: found reduction
T1 6 119  6 1  1 1 1 -1 1 1 1 0 0: found reduction
T1 6 119  6 1  1 1 1 0 1 1 1 -1 0: found reduction
T1 6 119  6 1  1 1 1 0 1 1 1 0 -1: found reduction
T1 6 119  6 2  1 1 1 -2 1 1 1 0 0: found reduction
T1 6 119  6 2  1 1 1 -1 1 1 1 -1 0: found reduction
T1 6 119  6 2  1 1 1 -1 1 1 1 0 -1: found reduction
T1 6 119  6 2  1 1 1 0 1 1 1 -2 0: found reduction
T1 6 119  6 2  1 1 1 0 1 1 1 -1 -1: found reduction
T1 6 119  6 2  1 1 1 0 1 1 1 0 -2: found reduction
T1 6 119  6 3  1 1 1 -2 1 1 1 -1 0: found reduction
T1 6 119  6 3  1 1 1 -1 1 1 1 -2 0: found reduction
  time to read reductions:   0.0646892 s
  time to search reductions: 0.00713587 s
Searching integrals from sector (T1:6:190)
File ./reductions/reduction_T1_6_190 is not readable
T1 6 190  6 1  0 1 1 1 1 1 0 1 -1: no reduction
Searching integrals from sector (T1:6:246)
File ./reductions/reduction_T1_6_246 is not readable
T1 6 246  6 0  0 1 1 0 1 1 1 1 0: no reduction
Searching integrals from sector (T1:6:249)
File ./reductions/reduction_T1_6_249 is not readable
T1 6 249  6 1  1 0 0 1 1 1 1 1 -1: no reduction
Output written to file "masters_tmp/tmp/AMP_MI.sol"
Couldn't find solutions for 7 (selected) integral(s)
  writing these integrals to file 'masters_tmp/MI_NF.rest'

Some solutions were constructed on the fly via a shift symmetry
or a crossing. It is recommended to run the job reduce_files on
the output file to ensure fully reduced solutions.

Job done (total time: 2 s)
