
Date: Thu Aug 26 10:57:36 2021


conditional: false
input_file: ./tmp/T2_6_63/seeds/seeds_T2_6_63_sector_symmetries
output_file: ./tmp/T2_6_63/identities/identities_T2_6_63_sector_symmetries_1_of_1
type: sector_symmetries
options:
  transform_integrals_to_equivalent: true
  solve_equations: true
  set_subsectors_to_zero: false
  eliminate_subsectors_by_shift: true
  map_on_coeff: []
from: 1
to: 1000

  Adjusting last integral 1000 to 20
  Generating identities of type sector_symmetries: identities_T2_6_63_sector_symmetries_1_of_1
  identities from 20 seeds, range: [1, 20]
  ..................................................  **************************************************
  Identities generated: 19 (time: 0.7 s)
  Average number of integrals per equation: 1e+01

Job done (total time: 1 s)
