
Date: Thu Aug 26 10:57:30 2021


conditional: false
input_file: ./tmp/T2_6_63/seeds/seeds_T2_6_63_lorentz
output_file: ./tmp/T2_6_63/identities/identities_T2_6_63_lorentz_1_of_1
type: lorentz
options:
  transform_integrals_to_equivalent: true
  solve_equations: true
  set_subsectors_to_zero: false
  eliminate_subsectors_by_shift: true
  map_on_coeff: []
from: 1
to: 1000

  Adjusting last integral 1000 to 20
  Generating identities of type lorentz: identities_T2_6_63_lorentz_1_of_1
  identities from 20 seeds, range: [1, 20]
  ..................................................  **************************************************
  Identities generated: 60 (time: 6.0 s)
  Average number of integrals per equation: 1e+02

Job done (total time: 6 s)
