
Date: Thu Aug 26 10:10:20 2021


conditional: false
input_file: ./tmp/T1_4_78/seeds/seeds_T1_4_78_ibp
output_file: ./tmp/T1_4_78/identities/identities_T1_4_78_ibp_4_of_4
type: ibp
options:
  transform_integrals_to_equivalent: true
  solve_equations: true
  set_subsectors_to_zero: false
  eliminate_subsectors_by_shift: true
  map_on_coeff: []
from: 3001
to: 4000

  Adjusting last integral 4000 to 3920
  Generating identities of type ibp: identities_T1_4_78_ibp_4_of_4
  identities from 920 seeds, range: [3001, 3920]
  ..................................................  **************************************************
  Identities generated: 9200 (time: 3.0 s)
  Average number of integrals per equation: 8

Job done (total time: 3 s)
