
Date: Thu Aug 26 10:05:04 2021


conditional: false
input_file: ./tmp/T1_3_84/seeds/seeds_T1_3_84_lorentz
output_file: ./tmp/T1_3_84/identities/identities_T1_3_84_lorentz_1_of_1
type: lorentz
options:
  transform_integrals_to_equivalent: true
  solve_equations: true
  set_subsectors_to_zero: false
  eliminate_subsectors_by_shift: true
  map_on_coeff: []
from: 1
to: 1000

  Adjusting last integral 1000 to 84
  Generating identities of type lorentz: identities_T1_3_84_lorentz_1_of_1
  identities from 84 seeds, range: [1, 84]
  ..................................................  **************************************************
  Identities generated: 252 (time: 0.2 s)
  Average number of integrals per equation: 7

Job done (total time: 0 s)
