
Date: Thu Aug 26 10:49:28 2021


conditional: false
input_file: ./tmp/T1_6_95/seeds/seeds_T1_6_95_sector_symmetries
output_file: ./tmp/T1_6_95/identities/identities_T1_6_95_sector_symmetries_1_of_1
type: sector_symmetries
options:
  transform_integrals_to_equivalent: true
  solve_equations: true
  set_subsectors_to_zero: false
  eliminate_subsectors_by_shift: true
  map_on_coeff: []
from: 1
to: 1000

  Adjusting last integral 1000 to 20
  Generating identities of type sector_symmetries: identities_T1_6_95_sector_symmetries_1_of_1
  identities from 20 seeds, range: [1, 20]
  ..................................................  **************************************************
  Identities generated: 0 (time: 0.0 s)
  Average number of integrals per equation: -nan

Job done (total time: 0 s)
