
Date: Thu Aug 26 10:35:47 2021


conditional: false
input_file: ./tmp/T1_5_94/seeds/seeds_T1_5_94_lorentz
output_file: ./tmp/T1_5_94/identities/identities_T1_5_94_lorentz_1_of_1
type: lorentz
options:
  transform_integrals_to_equivalent: true
  solve_equations: true
  set_subsectors_to_zero: false
  eliminate_subsectors_by_shift: true
  map_on_coeff: []
from: 1
to: 1000

  Adjusting last integral 1000 to 35
  Generating identities of type lorentz: identities_T1_5_94_lorentz_1_of_1
  identities from 35 seeds, range: [1, 35]
  ..................................................  **************************************************
  Identities generated: 105 (time: 0.9 s)
  Average number of integrals per equation: 2e+01

Job done (total time: 1 s)
