
Date: Mon Apr  4 10:14:17 2022


conditional: false
min_workers: 1
max_workers: 1000
tmp_directory: ./tmp/AMP_MIF3.sol_dir/
identity_filenames:
  - ./masters_tmp/tmp/AMP_MIF2.sol
subst_filenames:
  []
output_file: ./masters_tmp/tmp/AMP_MIF3.sol
output_file_external: ""
solutions:
  requested_solutions:
    - {r: [0, -1], s: [0, -1]}
  set_subsectors_to_zero: false
  map_on_coeff: []
  discard_new_subsector_identities: false
reduzer_options:
  num_equations_per_subjob: 1
  num_blocks_per_subjob: 1
  only_substitute: false
preferred_masters_file: ""
delete_files:
  []
delete_directories:
  []
subst_subsectors: true
sector:
  []

Checking for aborted previous run
Setting up in-memory reduction
Determining integrals: all_ints, external_ints, helper_ints, critical_ints, discard_ints
Find integrals in identities
  scanning ./masters_tmp/tmp/AMP_MIF2.sol (0.0003s)
Find integrals in substitutions
No sector specified:
  Setting critical_ints to all_ints
  No external integrals
Initialize reduzer
Allocated maps for data during reduction.
Building INT translations
Insert integrals for algorithm control:
Insert substitutions
Insert equations to be reduced
  Inserting equations ./masters_tmp/tmp/AMP_MIF2.sol to database
  inserting 3054 bytes to database
  ..................................................  **************************************************
  file loaded (time: 0.0 s)
Starting with 32 reducible integrals
Setup done
Setup of reduction done (time: 0.0 s)
Running Reduction
Performing computation in serial mode
  reduction
  ..................................................
Reduction done !
Writing results to ./masters_tmp/tmp/AMP_MIF3.sol
  write result
  ..................................................  **************************************************
  file size: 3053 Bytes
  time unabbreviate: 0.0 s
  time I/O:        0.0 s
  time write tot   0.0 s (1249166 Bytes/s)

Reduction done (time: 0.0 s)

Cleaning up
Analyzing reduction result

Analyzing reduction file ./masters_tmp/tmp/AMP_MIF3.sol

Number of equations: 32
Average coefficient length [bytes]: 3

Extracting status of reduction for each r,s point
Showing statistics for reductions found in each sector
Number of sectors for which this file provides reductions: 10


First table shows the following entries:
A: Number of all integrals
B: Number of unreduced integrals
C: Number of different integrals
D: Number of different unreduced integrals
E: Identities are interreduced w.r.t. this file (.) or not (x)

Second table shows different unreduced integrals in r-s diagram


(INT:1:1)        A       B       C       D       E
.....................................................
r=1, s=0:        1       0       1       1       .

(INT:1:1)      s=0
.....................
r=1:            1.




(INT:1:2)        A       B       C       D       E
.....................................................
r=1, s=0:        1       0       1       1       .

(INT:1:2)      s=0
.....................
r=1:            1.




(INT:1:4)        A       B       C       D       E
.....................................................
r=1, s=0:        1       0       1       1       .

(INT:1:4)      s=0
.....................
r=1:            1.




(INT:1:8)        A       B       C       D       E
.....................................................
r=1, s=0:        1       0       1       1       .

(INT:1:8)      s=0
.....................
r=1:            1.




(INT:2:3)        A       B       C       D       E
.....................................................
r=2, s=0:        1       0       1       1       .
r=2, s=1:        3       0       3       3       .

(INT:2:3)      s=0     s=1
.............................
r=2:            1.      3.




(INT:2:6)        A       B       C       D       E
.....................................................
r=2, s=0:        1       0       1       1       .
r=2, s=1:        3       0       3       3       .

(INT:2:6)      s=0     s=1
.............................
r=2:            1.      3.




(INT:2:10)        A       B       C       D       E
......................................................
r=2, s=0:         1       0       1       0       .
r=2, s=1:         3       0       3       0       .

(INT:2:10)      s=0     s=1
..............................
r=2:             0.      0.




(INT:2:12)        A       B       C       D       E
......................................................
r=2, s=0:         1       0       1       1       .
r=2, s=1:         3       0       3       3       .

(INT:2:12)      s=0     s=1
..............................
r=2:             1.      3.




(INT:3:13)        A       B       C       D       E
......................................................
r=3, s=0:         1       0       1       0       .
r=3, s=1:         2       0       2       0       .
r=3, s=2:         3       0       3       0       .

(INT:3:13)      s=0     s=1     s=2
......................................
r=3:             0.      0.      0.




(INT:3:14)        A       B       C       D       E
......................................................
r=3, s=0:         1       0       1       0       .
r=3, s=1:         2       0       2       0       .
r=3, s=2:         3       0       3       0       .

(INT:3:14)      s=0     s=1     s=2
......................................
r=3:             0.      0.      0.


Check for masters done (time: 0.0 s)

Done [0 s]
Setup:         0 s  (22 %)
Reduction:     0 s  (24 %)
Write/analyze: 0 s  (53 %)


Job done (total time: 0 s)
