
Date: Thu Aug 26 10:01:23 2021

Setting up job queue from jobs_A_diagramshift.yaml
Updating job queue dependencies
Processing jobs in serial mode (non-MPI build)
Inserted new job in queue: job(1): find diagram shifts (alt) for ../../QGRAF/qgraf-3.4.2/qaqHV_REDUZE.yaml
Inserted new job in queue: job(2): find diagram shifts for ../../QGRAF/qgraf-3.4.2/qaqHV_REDUZE.yaml
Updating job queue dependencies
Loading uncrossed integral families from file ./config/integralfamilies.yaml
Initialize integral family 'T1'
Loaded integral family T1
Initialize integral family 'T2'
Loaded integral family T2
Loaded 2 (uncrossed) integral families
Done loading uncrossed integral families
Using integral family T1 (id reset to 1)
Loading crossings from file ./sectormappings/crossings.yaml
Crossing equivalence: '' -> ''
using crossing x12 (invs: {t==-t+mw^2-s+mh^2}, mom: {p2==p1,p1==p2})
Crossing equivalence: 'x12' -> 'x12'
Crossing equivalence: '' -> ''
Loaded crossings for kinematics ''
Loaded crossings for 1 kinematics
Done loading crossings
  generated crossed integral family T1x12 (id set to 2)
Using integral family T2 (id reset to 3)
  generated crossed integral family T2x12 (id set to 4)
Done loading integral families
Updated job queue:
  [p] job(1): find diagram shifts (alt) for ../../QGRAF/qgraf-3.4.2/qaqHV_REDUZE.yaml  [dep: ]
  [p] job(2): find diagram shifts for ../../QGRAF/qgraf-3.4.2/qaqHV_REDUZE.yaml  [dep: ]


Date: Thu Aug 26 10:01:23 2021

Run ID: f359088c

Starting job(1): find diagram shifts (alt) for ../../QGRAF/qgraf-3.4.2/qaqHV_REDUZE.yaml
Completed Job(1) [Time: 1s, CPU: 1s]
Updating job queue dependencies

Date: Thu Aug 26 10:01:24 2021

Run ID: f359088c

Starting job(2): find diagram shifts for ../../QGRAF/qgraf-3.4.2/qaqHV_REDUZE.yaml
Completed Job(2) [Time: 0s, CPU: 0s]
Updating job queue dependencies
Completed jobs in jobqueue

Completed all jobs
Total run time: 2 s
Killing Fermat
