
Date: Mon Apr  4 10:33:57 2022

Setting up job queue from jobs_1_reduction.yaml
Updating job queue dependencies
Processing jobs in serial mode (non-MPI build)
Loading uncrossed integral families from file ./config/integralfamilies.yaml
Initialize integral family 'INT'
Loaded integral family INT
Loaded 1 (uncrossed) integral families
Done loading uncrossed integral families
Using integral family INT (id reset to 1)
Loading crossings from file ./sectormappings/crossings.yaml
Crossing equivalence: '' -> ''
using crossing x12 (invs: {u==t,s15==s25,t==u,s25==s15}, mom: {p2==p1,p1==p2})
using crossing x125 (invs: {s==-s25,u==s35,s35==t,s15==-s,t==u,s25==s15}, mom: {p5==-p1,p2==-p5,p1==p2})
using crossing x15 (invs: {s==-s25,s35==t,t==s35,s25==-s}, mom: {p5==-p1,p1==-p5})
using crossing x152 (invs: {s==-s15,u==t,s35==u,s15==s25,t==s35,s25==-s}, mom: {p5==-p2,p2==p1,p1==-p5})
using crossing x25 (invs: {s==-s15,u==s35,s35==u,s15==-s}, mom: {p5==-p2,p2==-p5})
Crossing equivalence: 'x25' -> 'x25'
Crossing equivalence: 'x152' -> 'x152'
Crossing equivalence: 'x15' -> 'x15'
Crossing equivalence: 'x125' -> 'x125'
Crossing equivalence: 'x12' -> 'x12'
Crossing equivalence: '' -> ''
Loaded crossings for kinematics ''
Loaded crossings for 1 kinematics
Done loading crossings
  generated crossed integral family INTx12 (id set to 2)
  generated crossed integral family INTx125 (id set to 3)
  generated crossed integral family INTx15 (id set to 4)
  generated crossed integral family INTx152 (id set to 5)
  generated crossed integral family INTx25 (id set to 6)
Done loading integral families
Inserted new job in queue: job(1): reduce sectors
Updating job queue dependencies
Determining sectors in selection
  normalizing user input
read key 'sectormappings' in file './sectormappings/sectormappings_INT.yaml'
Found valid sector mappings for INT
  selecting explicit sectors
  selecting recursively
  deselecting explicit sectors
  deselecting recursively
  deselecting sectors by t restriction
Resume reduction:       false for sector (INT:2:5)
Output file readable:   false for sector (INT:2:5)
Create identities jobs: true for sector (INT:2:5)
Resume reduction:       false for sector (INT:2:9)
Output file readable:   false for sector (INT:2:9)
Create identities jobs: true for sector (INT:2:9)
Resume reduction:       false for sector (INT:2:17)
Output file readable:   false for sector (INT:2:17)
Create identities jobs: true for sector (INT:2:17)
Resume reduction:       false for sector (INT:2:18)
Output file readable:   false for sector (INT:2:18)
Create identities jobs: true for sector (INT:2:18)
Resume reduction:       false for sector (INT:2:20)
Output file readable:   false for sector (INT:2:20)
Create identities jobs: true for sector (INT:2:20)
Resume reduction:       false for sector (INT:2:24)
Output file readable:   false for sector (INT:2:24)
Create identities jobs: true for sector (INT:2:24)
Resume reduction:       false for sector (INT:3:7)
Output file readable:   false for sector (INT:3:7)
Create identities jobs: true for sector (INT:3:7)
Resume reduction:       false for sector (INT:3:11)
Output file readable:   false for sector (INT:3:11)
Create identities jobs: true for sector (INT:3:11)
Resume reduction:       false for sector (INT:3:19)
Output file readable:   false for sector (INT:3:19)
Create identities jobs: true for sector (INT:3:19)
Resume reduction:       false for sector (INT:3:21)
Output file readable:   false for sector (INT:3:21)
Create identities jobs: true for sector (INT:3:21)
Resume reduction:       false for sector (INT:3:22)
Output file readable:   false for sector (INT:3:22)
Create identities jobs: true for sector (INT:3:22)
Resume reduction:       false for sector (INT:3:25)
Output file readable:   false for sector (INT:3:25)
Create identities jobs: true for sector (INT:3:25)
Resume reduction:       false for sector (INT:3:26)
Output file readable:   false for sector (INT:3:26)
Create identities jobs: true for sector (INT:3:26)
Resume reduction:       false for sector (INT:3:28)
Output file readable:   false for sector (INT:3:28)
Create identities jobs: true for sector (INT:3:28)
Resume reduction:       false for sector (INT:4:15)
Output file readable:   false for sector (INT:4:15)
Create identities jobs: true for sector (INT:4:15)
Resume reduction:       false for sector (INT:4:23)
Output file readable:   false for sector (INT:4:23)
Create identities jobs: true for sector (INT:4:23)
Resume reduction:       false for sector (INT:4:27)
Output file readable:   false for sector (INT:4:27)
Create identities jobs: true for sector (INT:4:27)
Resume reduction:       false for sector (INT:4:29)
Output file readable:   false for sector (INT:4:29)
Create identities jobs: true for sector (INT:4:29)
Resume reduction:       false for sector (INT:4:30)
Output file readable:   false for sector (INT:4:30)
Create identities jobs: true for sector (INT:4:30)
Resume reduction:       false for sector (INT:5:31)
Output file readable:   false for sector (INT:5:31)
Create identities jobs: true for sector (INT:5:31)
Inserted new job in queue: job(2): run reduction for sector (INT:5:31)
Inserted new job in queue: job(3): generate identities: identities_INT_5_31_sector_symmetries_1_of_1
Inserted new job in queue: job(4): generate seeds: seeds_INT_5_31_sector_symmetries
Inserted new job in queue: job(5): generate identities: identities_INT_5_31_lorentz_1_of_1
Inserted new job in queue: job(6): generate seeds: seeds_INT_5_31_lorentz
Inserted new job in queue: job(7): generate identities: identities_INT_5_31_ibp_1_of_1
Inserted new job in queue: job(8): generate seeds: seeds_INT_5_31_ibp
Inserted new job in queue: job(9): run reduction for sector (INT:4:30)
Inserted new job in queue: job(10): generate identities: identities_INT_4_30_sector_symmetries_1_of_1
Inserted new job in queue: job(11): generate seeds: seeds_INT_4_30_sector_symmetries
Inserted new job in queue: job(12): generate identities: identities_INT_4_30_lorentz_1_of_1
Inserted new job in queue: job(13): generate seeds: seeds_INT_4_30_lorentz
Inserted new job in queue: job(14): generate identities: identities_INT_4_30_ibp_1_of_1
Inserted new job in queue: job(15): generate seeds: seeds_INT_4_30_ibp
Inserted new job in queue: job(16): run reduction for sector (INT:4:29)
Inserted new job in queue: job(17): generate identities: identities_INT_4_29_sector_symmetries_1_of_1
Inserted new job in queue: job(18): generate seeds: seeds_INT_4_29_sector_symmetries
Inserted new job in queue: job(19): generate identities: identities_INT_4_29_lorentz_1_of_1
Inserted new job in queue: job(20): generate seeds: seeds_INT_4_29_lorentz
Inserted new job in queue: job(21): generate identities: identities_INT_4_29_ibp_1_of_1
Inserted new job in queue: job(22): generate seeds: seeds_INT_4_29_ibp
Inserted new job in queue: job(23): run reduction for sector (INT:4:27)
Inserted new job in queue: job(24): generate identities: identities_INT_4_27_sector_symmetries_1_of_1
Inserted new job in queue: job(25): generate seeds: seeds_INT_4_27_sector_symmetries
Inserted new job in queue: job(26): generate identities: identities_INT_4_27_lorentz_1_of_1
Inserted new job in queue: job(27): generate seeds: seeds_INT_4_27_lorentz
Inserted new job in queue: job(28): generate identities: identities_INT_4_27_ibp_1_of_1
Inserted new job in queue: job(29): generate seeds: seeds_INT_4_27_ibp
Inserted new job in queue: job(30): run reduction for sector (INT:4:23)
Inserted new job in queue: job(31): generate identities: identities_INT_4_23_sector_symmetries_1_of_1
Inserted new job in queue: job(32): generate seeds: seeds_INT_4_23_sector_symmetries
Inserted new job in queue: job(33): generate identities: identities_INT_4_23_lorentz_1_of_1
Inserted new job in queue: job(34): generate seeds: seeds_INT_4_23_lorentz
Inserted new job in queue: job(35): generate identities: identities_INT_4_23_ibp_1_of_1
Inserted new job in queue: job(36): generate seeds: seeds_INT_4_23_ibp
Inserted new job in queue: job(37): run reduction for sector (INT:4:15)
Inserted new job in queue: job(38): generate identities: identities_INT_4_15_sector_symmetries_1_of_1
Inserted new job in queue: job(39): generate seeds: seeds_INT_4_15_sector_symmetries
Inserted new job in queue: job(40): generate identities: identities_INT_4_15_lorentz_1_of_1
Inserted new job in queue: job(41): generate seeds: seeds_INT_4_15_lorentz
Inserted new job in queue: job(42): generate identities: identities_INT_4_15_ibp_1_of_1
Inserted new job in queue: job(43): generate seeds: seeds_INT_4_15_ibp
Inserted new job in queue: job(44): run reduction for sector (INT:3:28)
Inserted new job in queue: job(45): generate identities: identities_INT_3_28_sector_symmetries_1_of_1
Inserted new job in queue: job(46): generate seeds: seeds_INT_3_28_sector_symmetries
Inserted new job in queue: job(47): generate identities: identities_INT_3_28_lorentz_1_of_1
Inserted new job in queue: job(48): generate seeds: seeds_INT_3_28_lorentz
Inserted new job in queue: job(49): generate identities: identities_INT_3_28_ibp_1_of_1
Inserted new job in queue: job(50): generate seeds: seeds_INT_3_28_ibp
Inserted new job in queue: job(51): run reduction for sector (INT:3:26)
Inserted new job in queue: job(52): generate identities: identities_INT_3_26_sector_symmetries_1_of_1
Inserted new job in queue: job(53): generate seeds: seeds_INT_3_26_sector_symmetries
Inserted new job in queue: job(54): generate identities: identities_INT_3_26_lorentz_1_of_1
Inserted new job in queue: job(55): generate seeds: seeds_INT_3_26_lorentz
Inserted new job in queue: job(56): generate identities: identities_INT_3_26_ibp_1_of_1
Inserted new job in queue: job(57): generate seeds: seeds_INT_3_26_ibp
Inserted new job in queue: job(58): run reduction for sector (INT:3:25)
Inserted new job in queue: job(59): generate identities: identities_INT_3_25_sector_symmetries_1_of_1
Inserted new job in queue: job(60): generate seeds: seeds_INT_3_25_sector_symmetries
Inserted new job in queue: job(61): generate identities: identities_INT_3_25_lorentz_1_of_1
Inserted new job in queue: job(62): generate seeds: seeds_INT_3_25_lorentz
Inserted new job in queue: job(63): generate identities: identities_INT_3_25_ibp_1_of_1
Inserted new job in queue: job(64): generate seeds: seeds_INT_3_25_ibp
Inserted new job in queue: job(65): run reduction for sector (INT:3:22)
Inserted new job in queue: job(66): generate identities: identities_INT_3_22_sector_symmetries_1_of_1
Inserted new job in queue: job(67): generate seeds: seeds_INT_3_22_sector_symmetries
Inserted new job in queue: job(68): generate identities: identities_INT_3_22_lorentz_1_of_1
Inserted new job in queue: job(69): generate seeds: seeds_INT_3_22_lorentz
Inserted new job in queue: job(70): generate identities: identities_INT_3_22_ibp_1_of_1
Inserted new job in queue: job(71): generate seeds: seeds_INT_3_22_ibp
Inserted new job in queue: job(72): run reduction for sector (INT:3:21)
Inserted new job in queue: job(73): generate identities: identities_INT_3_21_sector_symmetries_1_of_1
Inserted new job in queue: job(74): generate seeds: seeds_INT_3_21_sector_symmetries
Inserted new job in queue: job(75): generate identities: identities_INT_3_21_lorentz_1_of_1
Inserted new job in queue: job(76): generate seeds: seeds_INT_3_21_lorentz
Inserted new job in queue: job(77): generate identities: identities_INT_3_21_ibp_1_of_1
Inserted new job in queue: job(78): generate seeds: seeds_INT_3_21_ibp
Inserted new job in queue: job(79): run reduction for sector (INT:3:19)
Inserted new job in queue: job(80): generate identities: identities_INT_3_19_sector_symmetries_1_of_1
Inserted new job in queue: job(81): generate seeds: seeds_INT_3_19_sector_symmetries
Inserted new job in queue: job(82): generate identities: identities_INT_3_19_lorentz_1_of_1
Inserted new job in queue: job(83): generate seeds: seeds_INT_3_19_lorentz
Inserted new job in queue: job(84): generate identities: identities_INT_3_19_ibp_1_of_1
Inserted new job in queue: job(85): generate seeds: seeds_INT_3_19_ibp
Inserted new job in queue: job(86): apply crossing x15 to ./reductions/reduction_INT_3_11
Inserted new job in queue: job(87): run reduction for sector (INT:3:11)
Inserted new job in queue: job(88): generate identities: identities_INT_3_11_sector_symmetries_1_of_1
Inserted new job in queue: job(89): generate seeds: seeds_INT_3_11_sector_symmetries
Inserted new job in queue: job(90): generate identities: identities_INT_3_11_lorentz_1_of_1
Inserted new job in queue: job(91): generate seeds: seeds_INT_3_11_lorentz
Inserted new job in queue: job(92): generate identities: identities_INT_3_11_ibp_1_of_1
Inserted new job in queue: job(93): generate seeds: seeds_INT_3_11_ibp
Inserted new job in queue: job(94): apply crossing x125 to ./reductions/reduction_INT_3_7
Inserted new job in queue: job(95): run reduction for sector (INT:3:7)
Inserted new job in queue: job(96): generate identities: identities_INT_3_7_sector_symmetries_1_of_1
Inserted new job in queue: job(97): generate seeds: seeds_INT_3_7_sector_symmetries
Inserted new job in queue: job(98): generate identities: identities_INT_3_7_lorentz_1_of_1
Inserted new job in queue: job(99): generate seeds: seeds_INT_3_7_lorentz
Inserted new job in queue: job(100): generate identities: identities_INT_3_7_ibp_1_of_1
Inserted new job in queue: job(101): generate seeds: seeds_INT_3_7_ibp
Inserted new job in queue: job(102): run reduction for sector (INT:2:24)
Inserted new job in queue: job(103): generate identities: identities_INT_2_24_sector_symmetries_1_of_1
Inserted new job in queue: job(104): generate seeds: seeds_INT_2_24_sector_symmetries
Inserted new job in queue: job(105): generate identities: identities_INT_2_24_lorentz_1_of_1
Inserted new job in queue: job(106): generate seeds: seeds_INT_2_24_lorentz
Inserted new job in queue: job(107): generate identities: identities_INT_2_24_ibp_1_of_1
Inserted new job in queue: job(108): generate seeds: seeds_INT_2_24_ibp
Inserted new job in queue: job(109): run reduction for sector (INT:2:20)
Inserted new job in queue: job(110): generate identities: identities_INT_2_20_sector_symmetries_1_of_1
Inserted new job in queue: job(111): generate seeds: seeds_INT_2_20_sector_symmetries
Inserted new job in queue: job(112): generate identities: identities_INT_2_20_lorentz_1_of_1
Inserted new job in queue: job(113): generate seeds: seeds_INT_2_20_lorentz
Inserted new job in queue: job(114): generate identities: identities_INT_2_20_ibp_1_of_1
Inserted new job in queue: job(115): generate seeds: seeds_INT_2_20_ibp
Inserted new job in queue: job(116): run reduction for sector (INT:2:18)
Inserted new job in queue: job(117): generate identities: identities_INT_2_18_sector_symmetries_1_of_1
Inserted new job in queue: job(118): generate seeds: seeds_INT_2_18_sector_symmetries
Inserted new job in queue: job(119): generate identities: identities_INT_2_18_lorentz_1_of_1
Inserted new job in queue: job(120): generate seeds: seeds_INT_2_18_lorentz
Inserted new job in queue: job(121): generate identities: identities_INT_2_18_ibp_1_of_1
Inserted new job in queue: job(122): generate seeds: seeds_INT_2_18_ibp
Inserted new job in queue: job(123): run reduction for sector (INT:2:17)
Inserted new job in queue: job(124): generate identities: identities_INT_2_17_sector_symmetries_1_of_1
Inserted new job in queue: job(125): generate seeds: seeds_INT_2_17_sector_symmetries
Inserted new job in queue: job(126): generate identities: identities_INT_2_17_lorentz_1_of_1
Inserted new job in queue: job(127): generate seeds: seeds_INT_2_17_lorentz
Inserted new job in queue: job(128): generate identities: identities_INT_2_17_ibp_1_of_1
Inserted new job in queue: job(129): generate seeds: seeds_INT_2_17_ibp
Inserted new job in queue: job(130): run reduction for sector (INT:2:9)
Inserted new job in queue: job(131): generate identities: identities_INT_2_9_sector_symmetries_1_of_1
Inserted new job in queue: job(132): generate seeds: seeds_INT_2_9_sector_symmetries
Inserted new job in queue: job(133): generate identities: identities_INT_2_9_lorentz_1_of_1
Inserted new job in queue: job(134): generate seeds: seeds_INT_2_9_lorentz
Inserted new job in queue: job(135): generate identities: identities_INT_2_9_ibp_1_of_1
Inserted new job in queue: job(136): generate seeds: seeds_INT_2_9_ibp
Inserted new job in queue: job(137): apply crossing x125 to ./reductions/reduction_INT_2_5
Inserted new job in queue: job(138): run reduction for sector (INT:2:5)
Inserted new job in queue: job(139): generate identities: identities_INT_2_5_sector_symmetries_1_of_1
Inserted new job in queue: job(140): generate seeds: seeds_INT_2_5_sector_symmetries
Inserted new job in queue: job(141): generate identities: identities_INT_2_5_lorentz_1_of_1
Inserted new job in queue: job(142): generate seeds: seeds_INT_2_5_lorentz
Inserted new job in queue: job(143): generate identities: identities_INT_2_5_ibp_1_of_1
Inserted new job in queue: job(144): generate seeds: seeds_INT_2_5_ibp
Updated job queue:
  [p] job(144): generate seeds: seeds_INT_2_5_ibp  [dep: ]
  [p] job(143): generate identities: identities_INT_2_5_ibp_1_of_1  [dep: 144]
  [p] job(142): generate seeds: seeds_INT_2_5_lorentz  [dep: ]
  [p] job(141): generate identities: identities_INT_2_5_lorentz_1_of_1  [dep: 142]
  [p] job(140): generate seeds: seeds_INT_2_5_sector_symmetries  [dep: ]
  [p] job(139): generate identities: identities_INT_2_5_sector_symmetries_1_of_1  [dep: 140]
  [p] job(138): run reduction for sector (INT:2:5)  [dep: 139,141,143]
  [p] job(137): apply crossing x125 to ./reductions/reduction_INT_2_5  [dep: 138]
  [p] job(136): generate seeds: seeds_INT_2_9_ibp  [dep: ]
  [p] job(135): generate identities: identities_INT_2_9_ibp_1_of_1  [dep: 136]
  [p] job(134): generate seeds: seeds_INT_2_9_lorentz  [dep: ]
  [p] job(133): generate identities: identities_INT_2_9_lorentz_1_of_1  [dep: 134]
  [p] job(132): generate seeds: seeds_INT_2_9_sector_symmetries  [dep: ]
  [p] job(131): generate identities: identities_INT_2_9_sector_symmetries_1_of_1  [dep: 132]
  [p] job(130): run reduction for sector (INT:2:9)  [dep: 131,133,135]
  [p] job(129): generate seeds: seeds_INT_2_17_ibp  [dep: ]
  [p] job(128): generate identities: identities_INT_2_17_ibp_1_of_1  [dep: 129]
  [p] job(127): generate seeds: seeds_INT_2_17_lorentz  [dep: ]
  [p] job(126): generate identities: identities_INT_2_17_lorentz_1_of_1  [dep: 127]
  [p] job(125): generate seeds: seeds_INT_2_17_sector_symmetries  [dep: ]
  [p] job(124): generate identities: identities_INT_2_17_sector_symmetries_1_of_1  [dep: 125]
  [p] job(123): run reduction for sector (INT:2:17)  [dep: 124,126,128]
  [p] job(122): generate seeds: seeds_INT_2_18_ibp  [dep: ]
  [p] job(121): generate identities: identities_INT_2_18_ibp_1_of_1  [dep: 122]
  [p] job(120): generate seeds: seeds_INT_2_18_lorentz  [dep: ]
  [p] job(119): generate identities: identities_INT_2_18_lorentz_1_of_1  [dep: 120]
  [p] job(118): generate seeds: seeds_INT_2_18_sector_symmetries  [dep: ]
  [p] job(117): generate identities: identities_INT_2_18_sector_symmetries_1_of_1  [dep: 118]
  [p] job(116): run reduction for sector (INT:2:18)  [dep: 117,119,121]
  [p] job(115): generate seeds: seeds_INT_2_20_ibp  [dep: ]
  [p] job(114): generate identities: identities_INT_2_20_ibp_1_of_1  [dep: 115]
  [p] job(113): generate seeds: seeds_INT_2_20_lorentz  [dep: ]
  [p] job(112): generate identities: identities_INT_2_20_lorentz_1_of_1  [dep: 113]
  [p] job(111): generate seeds: seeds_INT_2_20_sector_symmetries  [dep: ]
  [p] job(110): generate identities: identities_INT_2_20_sector_symmetries_1_of_1  [dep: 111]
  [p] job(109): run reduction for sector (INT:2:20)  [dep: 110,112,114]
  [p] job(108): generate seeds: seeds_INT_2_24_ibp  [dep: ]
  [p] job(107): generate identities: identities_INT_2_24_ibp_1_of_1  [dep: 108]
  [p] job(106): generate seeds: seeds_INT_2_24_lorentz  [dep: ]
  [p] job(105): generate identities: identities_INT_2_24_lorentz_1_of_1  [dep: 106]
  [p] job(104): generate seeds: seeds_INT_2_24_sector_symmetries  [dep: ]
  [p] job(103): generate identities: identities_INT_2_24_sector_symmetries_1_of_1  [dep: 104]
  [p] job(102): run reduction for sector (INT:2:24)  [dep: 103,105,107]
  [p] job(101): generate seeds: seeds_INT_3_7_ibp  [dep: ]
  [p] job(100): generate identities: identities_INT_3_7_ibp_1_of_1  [dep: 101]
  [p] job(99):  generate seeds: seeds_INT_3_7_lorentz  [dep: ]
  [p] job(98):  generate identities: identities_INT_3_7_lorentz_1_of_1  [dep: 99]
  [p] job(97):  generate seeds: seeds_INT_3_7_sector_symmetries  [dep: ]
  [p] job(96):  generate identities: identities_INT_3_7_sector_symmetries_1_of_1  [dep: 97]
  [p] job(95):  run reduction for sector (INT:3:7)  [dep: 96,98,100,138]
  [p] job(94):  apply crossing x125 to ./reductions/reduction_INT_3_7  [dep: 95]
  [p] job(93):  generate seeds: seeds_INT_3_11_ibp  [dep: ]
  [p] job(92):  generate identities: identities_INT_3_11_ibp_1_of_1  [dep: 93]
  [p] job(91):  generate seeds: seeds_INT_3_11_lorentz  [dep: ]
  [p] job(90):  generate identities: identities_INT_3_11_lorentz_1_of_1  [dep: 91]
  [p] job(89):  generate seeds: seeds_INT_3_11_sector_symmetries  [dep: ]
  [p] job(88):  generate identities: identities_INT_3_11_sector_symmetries_1_of_1  [dep: 89]
  [p] job(87):  run reduction for sector (INT:3:11)  [dep: 88,90,92,130,137,138]
  [p] job(86):  apply crossing x15 to ./reductions/reduction_INT_3_11  [dep: 87]
  [p] job(85):  generate seeds: seeds_INT_3_19_ibp  [dep: ]
  [p] job(84):  generate identities: identities_INT_3_19_ibp_1_of_1  [dep: 85]
  [p] job(83):  generate seeds: seeds_INT_3_19_lorentz  [dep: ]
  [p] job(82):  generate identities: identities_INT_3_19_lorentz_1_of_1  [dep: 83]
  [p] job(81):  generate seeds: seeds_INT_3_19_sector_symmetries  [dep: ]
  [p] job(80):  generate identities: identities_INT_3_19_sector_symmetries_1_of_1  [dep: 81]
  [p] job(79):  run reduction for sector (INT:3:19)  [dep: 80,82,84,116,123]
  [p] job(78):  generate seeds: seeds_INT_3_21_ibp  [dep: ]
  [p] job(77):  generate identities: identities_INT_3_21_ibp_1_of_1  [dep: 78]
  [p] job(76):  generate seeds: seeds_INT_3_21_lorentz  [dep: ]
  [p] job(75):  generate identities: identities_INT_3_21_lorentz_1_of_1  [dep: 76]
  [p] job(74):  generate seeds: seeds_INT_3_21_sector_symmetries  [dep: ]
  [p] job(73):  generate identities: identities_INT_3_21_sector_symmetries_1_of_1  [dep: 74]
  [p] job(72):  run reduction for sector (INT:3:21)  [dep: 73,75,77,109,123,138]
  [p] job(71):  generate seeds: seeds_INT_3_22_ibp  [dep: ]
  [p] job(70):  generate identities: identities_INT_3_22_ibp_1_of_1  [dep: 71]
  [p] job(69):  generate seeds: seeds_INT_3_22_lorentz  [dep: ]
  [p] job(68):  generate identities: identities_INT_3_22_lorentz_1_of_1  [dep: 69]
  [p] job(67):  generate seeds: seeds_INT_3_22_sector_symmetries  [dep: ]
  [p] job(66):  generate identities: identities_INT_3_22_sector_symmetries_1_of_1  [dep: 67]
  [p] job(65):  run reduction for sector (INT:3:22)  [dep: 66,68,70,109,116]
  [p] job(64):  generate seeds: seeds_INT_3_25_ibp  [dep: ]
  [p] job(63):  generate identities: identities_INT_3_25_ibp_1_of_1  [dep: 64]
  [p] job(62):  generate seeds: seeds_INT_3_25_lorentz  [dep: ]
  [p] job(61):  generate identities: identities_INT_3_25_lorentz_1_of_1  [dep: 62]
  [p] job(60):  generate seeds: seeds_INT_3_25_sector_symmetries  [dep: ]
  [p] job(59):  generate identities: identities_INT_3_25_sector_symmetries_1_of_1  [dep: 60]
  [p] job(58):  run reduction for sector (INT:3:25)  [dep: 59,61,63,102,123,130]
  [p] job(57):  generate seeds: seeds_INT_3_26_ibp  [dep: ]
  [p] job(56):  generate identities: identities_INT_3_26_ibp_1_of_1  [dep: 57]
  [p] job(55):  generate seeds: seeds_INT_3_26_lorentz  [dep: ]
  [p] job(54):  generate identities: identities_INT_3_26_lorentz_1_of_1  [dep: 55]
  [p] job(53):  generate seeds: seeds_INT_3_26_sector_symmetries  [dep: ]
  [p] job(52):  generate identities: identities_INT_3_26_sector_symmetries_1_of_1  [dep: 53]
  [p] job(51):  run reduction for sector (INT:3:26)  [dep: 52,54,56,102,116,137,138]
  [p] job(50):  generate seeds: seeds_INT_3_28_ibp  [dep: ]
  [p] job(49):  generate identities: identities_INT_3_28_ibp_1_of_1  [dep: 50]
  [p] job(48):  generate seeds: seeds_INT_3_28_lorentz  [dep: ]
  [p] job(47):  generate identities: identities_INT_3_28_lorentz_1_of_1  [dep: 48]
  [p] job(46):  generate seeds: seeds_INT_3_28_sector_symmetries  [dep: ]
  [p] job(45):  generate identities: identities_INT_3_28_sector_symmetries_1_of_1  [dep: 46]
  [p] job(44):  run reduction for sector (INT:3:28)  [dep: 45,47,49,102,109]
  [p] job(43):  generate seeds: seeds_INT_4_15_ibp  [dep: ]
  [p] job(42):  generate identities: identities_INT_4_15_ibp_1_of_1  [dep: 43]
  [p] job(41):  generate seeds: seeds_INT_4_15_lorentz  [dep: ]
  [p] job(40):  generate identities: identities_INT_4_15_lorentz_1_of_1  [dep: 41]
  [p] job(39):  generate seeds: seeds_INT_4_15_sector_symmetries  [dep: ]
  [p] job(38):  generate identities: identities_INT_4_15_sector_symmetries_1_of_1  [dep: 39]
  [p] job(37):  run reduction for sector (INT:4:15)  [dep: 38,40,42,86,87,94,95,130,137,138]
  [p] job(36):  generate seeds: seeds_INT_4_23_ibp  [dep: ]
  [p] job(35):  generate identities: identities_INT_4_23_ibp_1_of_1  [dep: 36]
  [p] job(34):  generate seeds: seeds_INT_4_23_lorentz  [dep: ]
  [p] job(33):  generate identities: identities_INT_4_23_lorentz_1_of_1  [dep: 34]
  [p] job(32):  generate seeds: seeds_INT_4_23_sector_symmetries  [dep: ]
  [p] job(31):  generate identities: identities_INT_4_23_sector_symmetries_1_of_1  [dep: 32]
  [p] job(30):  run reduction for sector (INT:4:23)  [dep: 31,33,35,65,72,79,95,109,116,123,138]
  [p] job(29):  generate seeds: seeds_INT_4_27_ibp  [dep: ]
  [p] job(28):  generate identities: identities_INT_4_27_ibp_1_of_1  [dep: 29]
  [p] job(27):  generate seeds: seeds_INT_4_27_lorentz  [dep: ]
  [p] job(26):  generate identities: identities_INT_4_27_lorentz_1_of_1  [dep: 27]
  [p] job(25):  generate seeds: seeds_INT_4_27_sector_symmetries  [dep: ]
  [p] job(24):  generate identities: identities_INT_4_27_sector_symmetries_1_of_1  [dep: 25]
  [p] job(23):  run reduction for sector (INT:4:27)  [dep: 24,26,28,51,58,79,87,102,116,123,130,137,138]
  [p] job(22):  generate seeds: seeds_INT_4_29_ibp  [dep: ]
  [p] job(21):  generate identities: identities_INT_4_29_ibp_1_of_1  [dep: 22]
  [p] job(20):  generate seeds: seeds_INT_4_29_lorentz  [dep: ]
  [p] job(19):  generate identities: identities_INT_4_29_lorentz_1_of_1  [dep: 20]
  [p] job(18):  generate seeds: seeds_INT_4_29_sector_symmetries  [dep: ]
  [p] job(17):  generate identities: identities_INT_4_29_sector_symmetries_1_of_1  [dep: 18]
  [p] job(16):  run reduction for sector (INT:4:29)  [dep: 17,19,21,44,58,72,86,87,102,109,123,130,137,138]
  [p] job(15):  generate seeds: seeds_INT_4_30_ibp  [dep: ]
  [p] job(14):  generate identities: identities_INT_4_30_ibp_1_of_1  [dep: 15]
  [p] job(13):  generate seeds: seeds_INT_4_30_lorentz  [dep: ]
  [p] job(12):  generate identities: identities_INT_4_30_lorentz_1_of_1  [dep: 13]
  [p] job(11):  generate seeds: seeds_INT_4_30_sector_symmetries  [dep: ]
  [p] job(10):  generate identities: identities_INT_4_30_sector_symmetries_1_of_1  [dep: 11]
  [p] job(9):   run reduction for sector (INT:4:30)  [dep: 10,12,14,44,51,65,94,95,102,109,116,137,138]
  [p] job(8):   generate seeds: seeds_INT_5_31_ibp  [dep: ]
  [p] job(7):   generate identities: identities_INT_5_31_ibp_1_of_1  [dep: 8]
  [p] job(6):   generate seeds: seeds_INT_5_31_lorentz  [dep: ]
  [p] job(5):   generate identities: identities_INT_5_31_lorentz_1_of_1  [dep: 6]
  [p] job(4):   generate seeds: seeds_INT_5_31_sector_symmetries  [dep: ]
  [p] job(3):   generate identities: identities_INT_5_31_sector_symmetries_1_of_1  [dep: 4]
  [p] job(2):   run reduction for sector (INT:5:31)  [dep: 3,5,7,9,16,23,30,37,44,51,58,65,72,79,86,87,94,95,102,109,116,123,130,137,138]
  [p] job(1):   reduce sectors  [dep: 2,9,16,23,30,37,44,51,58,65,72,79,86,87,94,95,102,109,116,123,130,137,138]


Date: Mon Apr  4 10:33:57 2022

Run ID: 652bc1bb

Starting job(144): generate seeds: seeds_INT_2_5_ibp
Completed Job(144) [Time: 0s, CPU: 0s]
Updating job queue dependencies

Date: Mon Apr  4 10:33:57 2022

Run ID: 652bc1bb

Starting job(143): generate identities: identities_INT_2_5_ibp_1_of_1
Completed Job(143) [Time: 0s, CPU: 0s]
Updating job queue dependencies

Date: Mon Apr  4 10:33:57 2022

Run ID: 652bc1bb

Starting job(142): generate seeds: seeds_INT_2_5_lorentz
Completed Job(142) [Time: 0s, CPU: 0s]
Updating job queue dependencies

Date: Mon Apr  4 10:33:57 2022

Run ID: 652bc1bb

Starting job(141): generate identities: identities_INT_2_5_lorentz_1_of_1
Completed Job(141) [Time: 0s, CPU: 0s]
Updating job queue dependencies

Date: Mon Apr  4 10:33:57 2022

Run ID: 652bc1bb

Starting job(140): generate seeds: seeds_INT_2_5_sector_symmetries
Completed Job(140) [Time: 0s, CPU: 0s]
Updating job queue dependencies

Date: Mon Apr  4 10:33:57 2022

Run ID: 652bc1bb

Starting job(139): generate identities: identities_INT_2_5_sector_symmetries_1_of_1
Completed Job(139) [Time: 0s, CPU: 0s]
Updating job queue dependencies

Date: Mon Apr  4 10:33:57 2022

Run ID: 652bc1bb

Starting job(138): run reduction for sector (INT:2:5)
Completed Job(138) [Time: 1s, CPU: 1s]
Updating job queue dependencies

Date: Mon Apr  4 10:33:59 2022

Run ID: 652bc1bb

Starting job(137): apply crossing x125 to ./reductions/reduction_INT_2_5
Completed Job(137) [Time: 0s, CPU: 0s]
Updating job queue dependencies

Date: Mon Apr  4 10:34:00 2022

Run ID: 652bc1bb

Starting job(136): generate seeds: seeds_INT_2_9_ibp
Completed Job(136) [Time: 0s, CPU: 0s]
Updating job queue dependencies

Date: Mon Apr  4 10:34:00 2022

Run ID: 652bc1bb

Starting job(135): generate identities: identities_INT_2_9_ibp_1_of_1
Completed Job(135) [Time: 0s, CPU: 0s]
Updating job queue dependencies

Date: Mon Apr  4 10:34:00 2022

Run ID: 652bc1bb

Starting job(134): generate seeds: seeds_INT_2_9_lorentz
Completed Job(134) [Time: 0s, CPU: 0s]
Updating job queue dependencies

Date: Mon Apr  4 10:34:00 2022

Run ID: 652bc1bb

Starting job(133): generate identities: identities_INT_2_9_lorentz_1_of_1
Completed Job(133) [Time: 0s, CPU: 0s]
Updating job queue dependencies

Date: Mon Apr  4 10:34:00 2022

Run ID: 652bc1bb

Starting job(132): generate seeds: seeds_INT_2_9_sector_symmetries
Completed Job(132) [Time: 0s, CPU: 0s]
Updating job queue dependencies

Date: Mon Apr  4 10:34:00 2022

Run ID: 652bc1bb

Starting job(131): generate identities: identities_INT_2_9_sector_symmetries_1_of_1
Completed Job(131) [Time: 0s, CPU: 0s]
Updating job queue dependencies

Date: Mon Apr  4 10:34:00 2022

Run ID: 652bc1bb

Starting job(130): run reduction for sector (INT:2:9)
Completed Job(130) [Time: 1s, CPU: 1s]
Updating job queue dependencies

Date: Mon Apr  4 10:34:02 2022

Run ID: 652bc1bb

Starting job(129): generate seeds: seeds_INT_2_17_ibp
Completed Job(129) [Time: 0s, CPU: 0s]
Updating job queue dependencies

Date: Mon Apr  4 10:34:02 2022

Run ID: 652bc1bb

Starting job(128): generate identities: identities_INT_2_17_ibp_1_of_1
Completed Job(128) [Time: 0s, CPU: 0s]
Updating job queue dependencies

Date: Mon Apr  4 10:34:02 2022

Run ID: 652bc1bb

Starting job(127): generate seeds: seeds_INT_2_17_lorentz
Completed Job(127) [Time: 0s, CPU: 0s]
Updating job queue dependencies

Date: Mon Apr  4 10:34:02 2022

Run ID: 652bc1bb

Starting job(126): generate identities: identities_INT_2_17_lorentz_1_of_1
Completed Job(126) [Time: 0s, CPU: 0s]
Updating job queue dependencies

Date: Mon Apr  4 10:34:03 2022

Run ID: 652bc1bb

Starting job(125): generate seeds: seeds_INT_2_17_sector_symmetries
Completed Job(125) [Time: 0s, CPU: 0s]
Updating job queue dependencies

Date: Mon Apr  4 10:34:03 2022

Run ID: 652bc1bb

Starting job(124): generate identities: identities_INT_2_17_sector_symmetries_1_of_1
Completed Job(124) [Time: 0s, CPU: 0s]
Updating job queue dependencies

Date: Mon Apr  4 10:34:03 2022

Run ID: 652bc1bb

Starting job(123): run reduction for sector (INT:2:17)
Completed Job(123) [Time: 4s, CPU: 4s]
Updating job queue dependencies

Date: Mon Apr  4 10:34:07 2022

Run ID: 652bc1bb

Starting job(122): generate seeds: seeds_INT_2_18_ibp
Completed Job(122) [Time: 0s, CPU: 0s]
Updating job queue dependencies

Date: Mon Apr  4 10:34:07 2022

Run ID: 652bc1bb

Starting job(121): generate identities: identities_INT_2_18_ibp_1_of_1
Completed Job(121) [Time: 0s, CPU: 0s]
Updating job queue dependencies

Date: Mon Apr  4 10:34:08 2022

Run ID: 652bc1bb

Starting job(120): generate seeds: seeds_INT_2_18_lorentz
Completed Job(120) [Time: 0s, CPU: 0s]
Updating job queue dependencies

Date: Mon Apr  4 10:34:08 2022

Run ID: 652bc1bb

Starting job(119): generate identities: identities_INT_2_18_lorentz_1_of_1
Completed Job(119) [Time: 0s, CPU: 0s]
Updating job queue dependencies

Date: Mon Apr  4 10:34:08 2022

Run ID: 652bc1bb

Starting job(118): generate seeds: seeds_INT_2_18_sector_symmetries
Completed Job(118) [Time: 0s, CPU: 0s]
Updating job queue dependencies

Date: Mon Apr  4 10:34:08 2022

Run ID: 652bc1bb

Starting job(117): generate identities: identities_INT_2_18_sector_symmetries_1_of_1
Completed Job(117) [Time: 0s, CPU: 0s]
Updating job queue dependencies

Date: Mon Apr  4 10:34:08 2022

Run ID: 652bc1bb

Starting job(116): run reduction for sector (INT:2:18)
Completed Job(116) [Time: 4s, CPU: 3s]
Updating job queue dependencies

Date: Mon Apr  4 10:34:12 2022

Run ID: 652bc1bb

Starting job(115): generate seeds: seeds_INT_2_20_ibp
Completed Job(115) [Time: 0s, CPU: 0s]
Updating job queue dependencies

Date: Mon Apr  4 10:34:12 2022

Run ID: 652bc1bb

Starting job(114): generate identities: identities_INT_2_20_ibp_1_of_1
Completed Job(114) [Time: 0s, CPU: 0s]
Updating job queue dependencies

Date: Mon Apr  4 10:34:13 2022

Run ID: 652bc1bb

Starting job(113): generate seeds: seeds_INT_2_20_lorentz
Completed Job(113) [Time: 0s, CPU: 0s]
Updating job queue dependencies

Date: Mon Apr  4 10:34:13 2022

Run ID: 652bc1bb

Starting job(112): generate identities: identities_INT_2_20_lorentz_1_of_1
Completed Job(112) [Time: 0s, CPU: 0s]
Updating job queue dependencies

Date: Mon Apr  4 10:34:13 2022

Run ID: 652bc1bb

Starting job(111): generate seeds: seeds_INT_2_20_sector_symmetries
Completed Job(111) [Time: 0s, CPU: 0s]
Updating job queue dependencies

Date: Mon Apr  4 10:34:13 2022

Run ID: 652bc1bb

Starting job(110): generate identities: identities_INT_2_20_sector_symmetries_1_of_1
Completed Job(110) [Time: 0s, CPU: 0s]
Updating job queue dependencies

Date: Mon Apr  4 10:34:13 2022

Run ID: 652bc1bb

Starting job(109): run reduction for sector (INT:2:20)
Completed Job(109) [Time: 4s, CPU: 3s]
Updating job queue dependencies

Date: Mon Apr  4 10:34:17 2022

Run ID: 652bc1bb

Starting job(108): generate seeds: seeds_INT_2_24_ibp
Completed Job(108) [Time: 0s, CPU: 0s]
Updating job queue dependencies

Date: Mon Apr  4 10:34:17 2022

Run ID: 652bc1bb

Starting job(107): generate identities: identities_INT_2_24_ibp_1_of_1
Completed Job(107) [Time: 0s, CPU: 0s]
Updating job queue dependencies

Date: Mon Apr  4 10:34:18 2022

Run ID: 652bc1bb

Starting job(106): generate seeds: seeds_INT_2_24_lorentz
Completed Job(106) [Time: 0s, CPU: 0s]
Updating job queue dependencies

Date: Mon Apr  4 10:34:18 2022

Run ID: 652bc1bb

Starting job(105): generate identities: identities_INT_2_24_lorentz_1_of_1
Completed Job(105) [Time: 0s, CPU: 0s]
Updating job queue dependencies

Date: Mon Apr  4 10:34:18 2022

Run ID: 652bc1bb

Starting job(104): generate seeds: seeds_INT_2_24_sector_symmetries
Completed Job(104) [Time: 0s, CPU: 0s]
Updating job queue dependencies

Date: Mon Apr  4 10:34:18 2022

Run ID: 652bc1bb

Starting job(103): generate identities: identities_INT_2_24_sector_symmetries_1_of_1
Completed Job(103) [Time: 0s, CPU: 0s]
Updating job queue dependencies

Date: Mon Apr  4 10:34:18 2022

Run ID: 652bc1bb

Starting job(102): run reduction for sector (INT:2:24)
Completed Job(102) [Time: 4s, CPU: 3s]
Updating job queue dependencies

Date: Mon Apr  4 10:34:22 2022

Run ID: 652bc1bb

Starting job(101): generate seeds: seeds_INT_3_7_ibp
Completed Job(101) [Time: 0s, CPU: 0s]
Updating job queue dependencies

Date: Mon Apr  4 10:34:22 2022

Run ID: 652bc1bb

Starting job(100): generate identities: identities_INT_3_7_ibp_1_of_1
Completed Job(100) [Time: 0s, CPU: 0s]
Updating job queue dependencies

Date: Mon Apr  4 10:34:22 2022

Run ID: 652bc1bb

Starting job(99):  generate seeds: seeds_INT_3_7_lorentz
Completed Job(99) [Time: 0s, CPU: 0s]
Updating job queue dependencies

Date: Mon Apr  4 10:34:22 2022

Run ID: 652bc1bb

Starting job(98):  generate identities: identities_INT_3_7_lorentz_1_of_1
Completed Job(98) [Time: 0s, CPU: 0s]
Updating job queue dependencies

Date: Mon Apr  4 10:34:22 2022

Run ID: 652bc1bb

Starting job(97):  generate seeds: seeds_INT_3_7_sector_symmetries
Completed Job(97) [Time: 0s, CPU: 0s]
Updating job queue dependencies

Date: Mon Apr  4 10:34:22 2022

Run ID: 652bc1bb

Starting job(96):  generate identities: identities_INT_3_7_sector_symmetries_1_of_1
Completed Job(96) [Time: 0s, CPU: 0s]
Updating job queue dependencies

Date: Mon Apr  4 10:34:22 2022

Run ID: 652bc1bb

Starting job(95):  run reduction for sector (INT:3:7)
Completed Job(95) [Time: 1s, CPU: 1s]
Updating job queue dependencies

Date: Mon Apr  4 10:34:24 2022

Run ID: 652bc1bb

Starting job(94):  apply crossing x125 to ./reductions/reduction_INT_3_7
Completed Job(94) [Time: 1s, CPU: 1s]
Updating job queue dependencies

Date: Mon Apr  4 10:34:25 2022

Run ID: 652bc1bb

Starting job(93):  generate seeds: seeds_INT_3_11_ibp
Completed Job(93) [Time: 0s, CPU: 0s]
Updating job queue dependencies

Date: Mon Apr  4 10:34:25 2022

Run ID: 652bc1bb

Starting job(92):  generate identities: identities_INT_3_11_ibp_1_of_1
Completed Job(92) [Time: 2s, CPU: 2s]
Updating job queue dependencies

Date: Mon Apr  4 10:34:28 2022

Run ID: 652bc1bb

Starting job(91):  generate seeds: seeds_INT_3_11_lorentz
Completed Job(91) [Time: 0s, CPU: 0s]
Updating job queue dependencies

Date: Mon Apr  4 10:34:28 2022

Run ID: 652bc1bb

Starting job(90):  generate identities: identities_INT_3_11_lorentz_1_of_1
Completed Job(90) [Time: 0s, CPU: 0s]
Updating job queue dependencies

Date: Mon Apr  4 10:34:29 2022

Run ID: 652bc1bb

Starting job(89):  generate seeds: seeds_INT_3_11_sector_symmetries
Completed Job(89) [Time: 0s, CPU: 0s]
Updating job queue dependencies

Date: Mon Apr  4 10:34:29 2022

Run ID: 652bc1bb

Starting job(88):  generate identities: identities_INT_3_11_sector_symmetries_1_of_1
Completed Job(88) [Time: 0s, CPU: 0s]
Updating job queue dependencies

Date: Mon Apr  4 10:34:29 2022

Run ID: 652bc1bb

Starting job(87):  run reduction for sector (INT:3:11)
Completed Job(87) [Time: 12s, CPU: 10s]
Updating job queue dependencies

Date: Mon Apr  4 10:34:42 2022

Run ID: 652bc1bb

Starting job(86):  apply crossing x15 to ./reductions/reduction_INT_3_11
Completed Job(86) [Time: 9s, CPU: 9s]
Updating job queue dependencies

Date: Mon Apr  4 10:34:52 2022

Run ID: 652bc1bb

Starting job(85):  generate seeds: seeds_INT_3_19_ibp
Completed Job(85) [Time: 0s, CPU: 0s]
Updating job queue dependencies

Date: Mon Apr  4 10:34:52 2022

Run ID: 652bc1bb

Starting job(84):  generate identities: identities_INT_3_19_ibp_1_of_1
Completed Job(84) [Time: 0s, CPU: 0s]
Updating job queue dependencies

Date: Mon Apr  4 10:34:52 2022

Run ID: 652bc1bb

Starting job(83):  generate seeds: seeds_INT_3_19_lorentz
Completed Job(83) [Time: 0s, CPU: 0s]
Updating job queue dependencies

Date: Mon Apr  4 10:34:52 2022

Run ID: 652bc1bb

Starting job(82):  generate identities: identities_INT_3_19_lorentz_1_of_1
Completed Job(82) [Time: 0s, CPU: 0s]
Updating job queue dependencies

Date: Mon Apr  4 10:34:52 2022

Run ID: 652bc1bb

Starting job(81):  generate seeds: seeds_INT_3_19_sector_symmetries
Completed Job(81) [Time: 0s, CPU: 0s]
Updating job queue dependencies

Date: Mon Apr  4 10:34:52 2022

Run ID: 652bc1bb

Starting job(80):  generate identities: identities_INT_3_19_sector_symmetries_1_of_1
Completed Job(80) [Time: 0s, CPU: 0s]
Updating job queue dependencies

Date: Mon Apr  4 10:34:52 2022

Run ID: 652bc1bb

Starting job(79):  run reduction for sector (INT:3:19)
Completed Job(79) [Time: 162s, CPU: 112s]
Updating job queue dependencies

Date: Mon Apr  4 10:37:35 2022

Run ID: 652bc1bb

Starting job(78):  generate seeds: seeds_INT_3_21_ibp
Completed Job(78) [Time: 0s, CPU: 0s]
Updating job queue dependencies

Date: Mon Apr  4 10:37:35 2022

Run ID: 652bc1bb

Starting job(77):  generate identities: identities_INT_3_21_ibp_1_of_1
Completed Job(77) [Time: 0s, CPU: 0s]
Updating job queue dependencies

Date: Mon Apr  4 10:37:35 2022

Run ID: 652bc1bb

Starting job(76):  generate seeds: seeds_INT_3_21_lorentz
Completed Job(76) [Time: 0s, CPU: 0s]
Updating job queue dependencies

Date: Mon Apr  4 10:37:35 2022

Run ID: 652bc1bb

Starting job(75):  generate identities: identities_INT_3_21_lorentz_1_of_1
Completed Job(75) [Time: 0s, CPU: 0s]
Updating job queue dependencies

Date: Mon Apr  4 10:37:35 2022

Run ID: 652bc1bb

Starting job(74):  generate seeds: seeds_INT_3_21_sector_symmetries
Completed Job(74) [Time: 0s, CPU: 0s]
Updating job queue dependencies

Date: Mon Apr  4 10:37:35 2022

Run ID: 652bc1bb

Starting job(73):  generate identities: identities_INT_3_21_sector_symmetries_1_of_1
Completed Job(73) [Time: 0s, CPU: 0s]
Updating job queue dependencies

Date: Mon Apr  4 10:37:35 2022

Run ID: 652bc1bb

Starting job(72):  run reduction for sector (INT:3:21)
Completed Job(72) [Time: 893s, CPU: 609s]
Updating job queue dependencies

Date: Mon Apr  4 10:52:29 2022

Run ID: 652bc1bb

Starting job(71):  generate seeds: seeds_INT_3_22_ibp
Completed Job(71) [Time: 0s, CPU: 0s]
Updating job queue dependencies

Date: Mon Apr  4 10:52:29 2022

Run ID: 652bc1bb

Starting job(70):  generate identities: identities_INT_3_22_ibp_1_of_1
Completed Job(70) [Time: 0s, CPU: 0s]
Updating job queue dependencies

Date: Mon Apr  4 10:52:30 2022

Run ID: 652bc1bb

Starting job(69):  generate seeds: seeds_INT_3_22_lorentz
Completed Job(69) [Time: 0s, CPU: 0s]
Updating job queue dependencies

Date: Mon Apr  4 10:52:30 2022

Run ID: 652bc1bb

Starting job(68):  generate identities: identities_INT_3_22_lorentz_1_of_1
Completed Job(68) [Time: 0s, CPU: 0s]
Updating job queue dependencies

Date: Mon Apr  4 10:52:30 2022

Run ID: 652bc1bb

Starting job(67):  generate seeds: seeds_INT_3_22_sector_symmetries
Completed Job(67) [Time: 0s, CPU: 0s]
Updating job queue dependencies

Date: Mon Apr  4 10:52:30 2022

Run ID: 652bc1bb

Starting job(66):  generate identities: identities_INT_3_22_sector_symmetries_1_of_1
Completed Job(66) [Time: 0s, CPU: 0s]
Updating job queue dependencies

Date: Mon Apr  4 10:52:30 2022

Run ID: 652bc1bb

Starting job(65):  run reduction for sector (INT:3:22)
Completed Job(65) [Time: 104s, CPU: 77s]
Updating job queue dependencies

Date: Mon Apr  4 10:54:15 2022

Run ID: 652bc1bb

Starting job(64):  generate seeds: seeds_INT_3_25_ibp
Completed Job(64) [Time: 0s, CPU: 0s]
Updating job queue dependencies

Date: Mon Apr  4 10:54:15 2022

Run ID: 652bc1bb

Starting job(63):  generate identities: identities_INT_3_25_ibp_1_of_1
Completed Job(63) [Time: 0s, CPU: 0s]
Updating job queue dependencies

Date: Mon Apr  4 10:54:15 2022

Run ID: 652bc1bb

Starting job(62):  generate seeds: seeds_INT_3_25_lorentz
Completed Job(62) [Time: 0s, CPU: 0s]
Updating job queue dependencies

Date: Mon Apr  4 10:54:15 2022

Run ID: 652bc1bb

Starting job(61):  generate identities: identities_INT_3_25_lorentz_1_of_1
Completed Job(61) [Time: 0s, CPU: 0s]
Updating job queue dependencies

Date: Mon Apr  4 10:54:15 2022

Run ID: 652bc1bb

Starting job(60):  generate seeds: seeds_INT_3_25_sector_symmetries
Completed Job(60) [Time: 0s, CPU: 0s]
Updating job queue dependencies

Date: Mon Apr  4 10:54:15 2022

Run ID: 652bc1bb

Starting job(59):  generate identities: identities_INT_3_25_sector_symmetries_1_of_1
Completed Job(59) [Time: 0s, CPU: 0s]
Updating job queue dependencies

Date: Mon Apr  4 10:54:15 2022

Run ID: 652bc1bb

Starting job(58):  run reduction for sector (INT:3:25)
Completed Job(58) [Time: 1108s, CPU: 721s]
Updating job queue dependencies

Date: Mon Apr  4 11:12:44 2022

Run ID: 652bc1bb

Starting job(57):  generate seeds: seeds_INT_3_26_ibp
Completed Job(57) [Time: 0s, CPU: 0s]
Updating job queue dependencies

Date: Mon Apr  4 11:12:44 2022

Run ID: 652bc1bb

Starting job(56):  generate identities: identities_INT_3_26_ibp_1_of_1
Completed Job(56) [Time: 1s, CPU: 1s]
Updating job queue dependencies

Date: Mon Apr  4 11:12:46 2022

Run ID: 652bc1bb

Starting job(55):  generate seeds: seeds_INT_3_26_lorentz
Completed Job(55) [Time: 0s, CPU: 0s]
Updating job queue dependencies

Date: Mon Apr  4 11:12:46 2022

Run ID: 652bc1bb

Starting job(54):  generate identities: identities_INT_3_26_lorentz_1_of_1
Completed Job(54) [Time: 0s, CPU: 0s]
Updating job queue dependencies

Date: Mon Apr  4 11:12:46 2022

Run ID: 652bc1bb

Starting job(53):  generate seeds: seeds_INT_3_26_sector_symmetries
Completed Job(53) [Time: 0s, CPU: 0s]
Updating job queue dependencies

Date: Mon Apr  4 11:12:46 2022

Run ID: 652bc1bb

Starting job(52):  generate identities: identities_INT_3_26_sector_symmetries_1_of_1
Completed Job(52) [Time: 0s, CPU: 0s]
Updating job queue dependencies

Date: Mon Apr  4 11:12:46 2022

Run ID: 652bc1bb

Starting job(51):  run reduction for sector (INT:3:26)
Completed Job(51) [Time: 397s, CPU: 274s]
Updating job queue dependencies

Date: Mon Apr  4 11:19:24 2022

Run ID: 652bc1bb

Starting job(50):  generate seeds: seeds_INT_3_28_ibp
Completed Job(50) [Time: 0s, CPU: 0s]
Updating job queue dependencies

Date: Mon Apr  4 11:19:24 2022

Run ID: 652bc1bb

Starting job(49):  generate identities: identities_INT_3_28_ibp_1_of_1
Completed Job(49) [Time: 0s, CPU: 0s]
Updating job queue dependencies

Date: Mon Apr  4 11:19:24 2022

Run ID: 652bc1bb

Starting job(48):  generate seeds: seeds_INT_3_28_lorentz
Completed Job(48) [Time: 0s, CPU: 0s]
Updating job queue dependencies

Date: Mon Apr  4 11:19:24 2022

Run ID: 652bc1bb

Starting job(47):  generate identities: identities_INT_3_28_lorentz_1_of_1
Completed Job(47) [Time: 0s, CPU: 0s]
Updating job queue dependencies

Date: Mon Apr  4 11:19:24 2022

Run ID: 652bc1bb

Starting job(46):  generate seeds: seeds_INT_3_28_sector_symmetries
Completed Job(46) [Time: 0s, CPU: 0s]
Updating job queue dependencies

Date: Mon Apr  4 11:19:24 2022

Run ID: 652bc1bb

Starting job(45):  generate identities: identities_INT_3_28_sector_symmetries_1_of_1
Completed Job(45) [Time: 0s, CPU: 0s]
Updating job queue dependencies

Date: Mon Apr  4 11:19:25 2022

Run ID: 652bc1bb

Starting job(44):  run reduction for sector (INT:3:28)
Completed Job(44) [Time: 61s, CPU: 43s]
Updating job queue dependencies

Date: Mon Apr  4 11:20:26 2022

Run ID: 652bc1bb

Starting job(43):  generate seeds: seeds_INT_4_15_ibp
Completed Job(43) [Time: 0s, CPU: 0s]
Updating job queue dependencies

Date: Mon Apr  4 11:20:26 2022

Run ID: 652bc1bb

Starting job(42):  generate identities: identities_INT_4_15_ibp_1_of_1
Completed Job(42) [Time: 1s, CPU: 1s]
Updating job queue dependencies

Date: Mon Apr  4 11:20:28 2022

Run ID: 652bc1bb

Starting job(41):  generate seeds: seeds_INT_4_15_lorentz
Completed Job(41) [Time: 0s, CPU: 0s]
Updating job queue dependencies

Date: Mon Apr  4 11:20:28 2022

Run ID: 652bc1bb

Starting job(40):  generate identities: identities_INT_4_15_lorentz_1_of_1
Completed Job(40) [Time: 0s, CPU: 0s]
Updating job queue dependencies

Date: Mon Apr  4 11:20:28 2022

Run ID: 652bc1bb

Starting job(39):  generate seeds: seeds_INT_4_15_sector_symmetries
Completed Job(39) [Time: 0s, CPU: 0s]
Updating job queue dependencies

Date: Mon Apr  4 11:20:28 2022

Run ID: 652bc1bb

Starting job(38):  generate identities: identities_INT_4_15_sector_symmetries_1_of_1
Completed Job(38) [Time: 0s, CPU: 0s]
Updating job queue dependencies

Date: Mon Apr  4 11:20:28 2022

Run ID: 652bc1bb

Starting job(37):  run reduction for sector (INT:4:15)
Completed Job(37) [Time: 9s, CPU: 7s]
Updating job queue dependencies

Date: Mon Apr  4 11:20:38 2022

Run ID: 652bc1bb

Starting job(36):  generate seeds: seeds_INT_4_23_ibp
Completed Job(36) [Time: 0s, CPU: 0s]
Updating job queue dependencies

Date: Mon Apr  4 11:20:38 2022

Run ID: 652bc1bb

Starting job(35):  generate identities: identities_INT_4_23_ibp_1_of_1
Completed Job(35) [Time: 0s, CPU: 0s]
Updating job queue dependencies

Date: Mon Apr  4 11:20:38 2022

Run ID: 652bc1bb

Starting job(34):  generate seeds: seeds_INT_4_23_lorentz
Completed Job(34) [Time: 0s, CPU: 0s]
Updating job queue dependencies

Date: Mon Apr  4 11:20:38 2022

Run ID: 652bc1bb

Starting job(33):  generate identities: identities_INT_4_23_lorentz_1_of_1
Completed Job(33) [Time: 0s, CPU: 0s]
Updating job queue dependencies

Date: Mon Apr  4 11:20:38 2022

Run ID: 652bc1bb

Starting job(32):  generate seeds: seeds_INT_4_23_sector_symmetries
Completed Job(32) [Time: 0s, CPU: 0s]
Updating job queue dependencies

Date: Mon Apr  4 11:20:38 2022

Run ID: 652bc1bb

Starting job(31):  generate identities: identities_INT_4_23_sector_symmetries_1_of_1
Completed Job(31) [Time: 0s, CPU: 0s]
Updating job queue dependencies

Date: Mon Apr  4 11:20:38 2022

Run ID: 652bc1bb

Starting job(30):  run reduction for sector (INT:4:23)
Completed Job(30) [Time: 1668s, CPU: 703s]
Updating job queue dependencies

Date: Mon Apr  4 11:48:27 2022

Run ID: 652bc1bb

Starting job(29):  generate seeds: seeds_INT_4_27_ibp
Completed Job(29) [Time: 0s, CPU: 0s]
Updating job queue dependencies

Date: Mon Apr  4 11:48:27 2022

Run ID: 652bc1bb

Starting job(28):  generate identities: identities_INT_4_27_ibp_1_of_1
Completed Job(28) [Time: 0s, CPU: 0s]
Updating job queue dependencies

Date: Mon Apr  4 11:48:27 2022

Run ID: 652bc1bb

Starting job(27):  generate seeds: seeds_INT_4_27_lorentz
Completed Job(27) [Time: 0s, CPU: 0s]
Updating job queue dependencies

Date: Mon Apr  4 11:48:27 2022

Run ID: 652bc1bb

Starting job(26):  generate identities: identities_INT_4_27_lorentz_1_of_1
Completed Job(26) [Time: 0s, CPU: 0s]
Updating job queue dependencies

Date: Mon Apr  4 11:48:28 2022

Run ID: 652bc1bb

Starting job(25):  generate seeds: seeds_INT_4_27_sector_symmetries
Completed Job(25) [Time: 0s, CPU: 0s]
Updating job queue dependencies

Date: Mon Apr  4 11:48:28 2022

Run ID: 652bc1bb

Starting job(24):  generate identities: identities_INT_4_27_sector_symmetries_1_of_1
Completed Job(24) [Time: 0s, CPU: 0s]
Updating job queue dependencies

Date: Mon Apr  4 11:48:28 2022

Run ID: 652bc1bb

Starting job(23):  run reduction for sector (INT:4:27)
Completed Job(23) [Time: 3382s, CPU: 1292s]
Updating job queue dependencies

Date: Mon Apr  4 12:44:50 2022

Run ID: 652bc1bb

Starting job(22):  generate seeds: seeds_INT_4_29_ibp
Completed Job(22) [Time: 0s, CPU: 0s]
Updating job queue dependencies

Date: Mon Apr  4 12:44:50 2022

Run ID: 652bc1bb

Starting job(21):  generate identities: identities_INT_4_29_ibp_1_of_1
Completed Job(21) [Time: 0s, CPU: 0s]
Updating job queue dependencies

Date: Mon Apr  4 12:44:50 2022

Run ID: 652bc1bb

Starting job(20):  generate seeds: seeds_INT_4_29_lorentz
Completed Job(20) [Time: 0s, CPU: 0s]
Updating job queue dependencies

Date: Mon Apr  4 12:44:50 2022

Run ID: 652bc1bb

Starting job(19):  generate identities: identities_INT_4_29_lorentz_1_of_1
Completed Job(19) [Time: 0s, CPU: 0s]
Updating job queue dependencies

Date: Mon Apr  4 12:44:51 2022

Run ID: 652bc1bb

Starting job(18):  generate seeds: seeds_INT_4_29_sector_symmetries
Completed Job(18) [Time: 0s, CPU: 0s]
Updating job queue dependencies

Date: Mon Apr  4 12:44:51 2022

Run ID: 652bc1bb

Starting job(17):  generate identities: identities_INT_4_29_sector_symmetries_1_of_1
Completed Job(17) [Time: 0s, CPU: 0s]
Updating job queue dependencies

Date: Mon Apr  4 12:44:51 2022

Run ID: 652bc1bb

Starting job(16):  run reduction for sector (INT:4:29)
Completed Job(16) [Time: 3430s, CPU: 1580s]
Updating job queue dependencies

Date: Mon Apr  4 13:42:01 2022

Run ID: 652bc1bb

Starting job(15):  generate seeds: seeds_INT_4_30_ibp
Completed Job(15) [Time: 0s, CPU: 0s]
Updating job queue dependencies

Date: Mon Apr  4 13:42:01 2022

Run ID: 652bc1bb

Starting job(14):  generate identities: identities_INT_4_30_ibp_1_of_1
Completed Job(14) [Time: 0s, CPU: 0s]
Updating job queue dependencies

Date: Mon Apr  4 13:42:02 2022

Run ID: 652bc1bb

Starting job(13):  generate seeds: seeds_INT_4_30_lorentz
Completed Job(13) [Time: 0s, CPU: 0s]
Updating job queue dependencies

Date: Mon Apr  4 13:42:02 2022

Run ID: 652bc1bb

Starting job(12):  generate identities: identities_INT_4_30_lorentz_1_of_1
Completed Job(12) [Time: 0s, CPU: 0s]
Updating job queue dependencies

Date: Mon Apr  4 13:42:03 2022

Run ID: 652bc1bb

Starting job(11):  generate seeds: seeds_INT_4_30_sector_symmetries
Completed Job(11) [Time: 0s, CPU: 0s]
Updating job queue dependencies

Date: Mon Apr  4 13:42:03 2022

Run ID: 652bc1bb

Starting job(10):  generate identities: identities_INT_4_30_sector_symmetries_1_of_1
Completed Job(10) [Time: 0s, CPU: 0s]
Updating job queue dependencies

Date: Mon Apr  4 13:42:03 2022

Run ID: 652bc1bb

Starting job(9):   run reduction for sector (INT:4:30)
Completed Job(9) [Time: 810s, CPU: 366s]
Updating job queue dependencies

Date: Mon Apr  4 13:55:33 2022

Run ID: 652bc1bb

Starting job(8):   generate seeds: seeds_INT_5_31_ibp
Completed Job(8) [Time: 0s, CPU: 0s]
Updating job queue dependencies

Date: Mon Apr  4 13:55:33 2022

Run ID: 652bc1bb

Starting job(7):   generate identities: identities_INT_5_31_ibp_1_of_1
Completed Job(7) [Time: 0s, CPU: 0s]
Updating job queue dependencies

Date: Mon Apr  4 13:55:33 2022

Run ID: 652bc1bb

Starting job(6):   generate seeds: seeds_INT_5_31_lorentz
Completed Job(6) [Time: 0s, CPU: 0s]
Updating job queue dependencies

Date: Mon Apr  4 13:55:33 2022

Run ID: 652bc1bb

Starting job(5):   generate identities: identities_INT_5_31_lorentz_1_of_1
Completed Job(5) [Time: 0s, CPU: 0s]
Updating job queue dependencies

Date: Mon Apr  4 13:55:33 2022

Run ID: 652bc1bb

Starting job(4):   generate seeds: seeds_INT_5_31_sector_symmetries
Completed Job(4) [Time: 0s, CPU: 0s]
Updating job queue dependencies

Date: Mon Apr  4 13:55:33 2022

Run ID: 652bc1bb

Starting job(3):   generate identities: identities_INT_5_31_sector_symmetries_1_of_1
Completed Job(3) [Time: 0s, CPU: 0s]
Updating job queue dependencies

Date: Mon Apr  4 13:55:33 2022

Run ID: 652bc1bb

Starting job(2):   run reduction for sector (INT:5:31)
Completed Job(2) [Time: 97s, CPU: 59s]
Updating job queue dependencies

Date: Mon Apr  4 13:57:11 2022

Run ID: 652bc1bb

Starting job(1):   reduce sectors
Completed Job(1) [Time: 0s, CPU: 0s]
Updating job queue dependencies
Completed jobs in jobqueue

Completed all jobs
Total run time: 12195 s
Killing Fermat
