
Date: Mon Apr  4 13:55:33 2022


conditional: false
input_file: ./tmp/INT_5_31/seeds/seeds_INT_5_31_lorentz
output_file: ./tmp/INT_5_31/identities/identities_INT_5_31_lorentz_1_of_1
type: lorentz
options:
  transform_integrals_to_equivalent: true
  solve_equations: true
  set_subsectors_to_zero: false
  eliminate_subsectors_by_shift: true
  map_on_coeff: []
from: 1
to: 1000

  Adjusting last integral 1000 to 1
  Generating identities of type lorentz: identities_INT_5_31_lorentz_1_of_1
  identities from 1 seeds, range: [1, 1]
  ..................................................  **************************************************
  Identities generated: 6 (time: 0.0 s)
  Average number of integrals per equation: 1e+01

Job done (total time: 0 s)
