
Date: Mon Apr  4 10:33:57 2022


conditional: false
input_file: ./tmp/INT_2_5/seeds/seeds_INT_2_5_sector_symmetries
output_file: ./tmp/INT_2_5/identities/identities_INT_2_5_sector_symmetries_1_of_1
type: sector_symmetries
options:
  transform_integrals_to_equivalent: true
  solve_equations: true
  set_subsectors_to_zero: false
  eliminate_subsectors_by_shift: true
  map_on_coeff: []
from: 1
to: 1000

  Adjusting last integral 1000 to 20
  Generating identities of type sector_symmetries: identities_INT_2_5_sector_symmetries_1_of_1
  identities from 20 seeds, range: [1, 20]
  ..................................................  **************************************************
  Identities generated: 19 (time: 0.1 s)
  Average number of integrals per equation: 4

Job done (total time: 0 s)
