
Date: Mon Apr  4 13:58:44 2022


conditional: false
input_file: ./reductions/reduction_INT_2_18
check_for_masters:
  - {r: [0, 4], s: [0, 2]}
masters_file: masters_tmp/masters.T.reduction_INT_2_18-rhs


Analyzing reduction file ./reductions/reduction_INT_2_18

Number of equations: 751
Average coefficient length [bytes]: 138

Extracting status of reduction for each r,s point
Showing statistics for reductions found in each sector
Number of sectors for which this file provides reductions: 1


First table shows the following entries:
A: Number of all integrals
B: Number of unreduced integrals
C: Number of different integrals
D: Number of different unreduced integrals
E: Identities are interreduced w.r.t. this file (.) or not (x)

Second table shows different unreduced integrals in r-s diagram


(INT:2:18)        A       B       C       D       E
......................................................
r=2, s=0:         1       1       1       1       .
r=2, s=1:         3       0       3       0       .
r=2, s=2:         6       0       6       0       .
r=2, s=3:        10       0      10       0       .
r=2, s=4:        15      15      15      15       .
r=3, s=0:         2       0       2       0       .
r=3, s=1:         6       0       6       0       .
r=3, s=2:        12       0      12       0       .
r=3, s=3:        20       0      20       0       .
r=3, s=4:        30       0      30       0       .
r=4, s=0:         3       0       3       0       .
r=4, s=1:         9       0       9       0       .
r=4, s=2:        18       0      18       0       .
r=4, s=3:        30       0      30       0       .
r=4, s=4:        45      15      45      15       .
r=5, s=0:         4       0       4       0       .
r=5, s=1:        12       0      12       0       .
r=5, s=2:        24       0      24       0       .
r=5, s=3:        40       0      40       0       .
r=5, s=4:        60      15      60      15       x
r=6, s=0:         5       5       5       5       .
r=6, s=1:        15       3      15       3       x
r=6, s=2:        30       6      30       6       x
r=6, s=3:        50      10      50      10       x
r=6, s=4:        75      15      75      15       x

(INT:2:18)      s=0     s=1     s=2     s=3     s=4
......................................................
r=2:             1.      0.      0.      0.     15.
r=3:             0.      0.      0.      0.      0.
r=4:             0.      0.      0.      0.     15.
r=5:             0.      0.      0.      0.     15x
r=6:             5.      3x      6x     10x     15x


Checking (INT:2:18) for masters in range:
- {r: [0, 4], s: [0, 2]}

Checking 15 rs-points for border
  on border: 0 2
  on border: 1 2
  on border: 2 2
  on border: 3 2
  on border: 4 0
  on border: 4 1
  on border: 4 2
Missing information for at least one (r,s) in the range

Integrals appearing on r.h.s. of reductions in the range:
(INT:2:18): 1
in total: 1

Writing master candidates to file 'masters_tmp/masters.T.reduction_INT_2_18-rhs'

Job done (total time: 0 s)
