
Date: Thu Aug 26 10:50:58 2021


conditional: false
input_file: ./tmp/T1_6_119/seeds/seeds_T1_6_119_ibp
output_file: ./tmp/T1_6_119/identities/identities_T1_6_119_ibp_1_of_1
type: ibp
options:
  transform_integrals_to_equivalent: true
  solve_equations: true
  set_subsectors_to_zero: false
  eliminate_subsectors_by_shift: true
  map_on_coeff: []
from: 1
to: 1000

  Adjusting last integral 1000 to 560
  Generating identities of type ibp: identities_T1_6_119_ibp_1_of_1
  identities from 560 seeds, range: [1, 560]
  ..................................................  **************************************************
  Identities generated: 5600 (time: 17.9 s)
  Average number of integrals per equation: 1e+01

Job done (total time: 18 s)
