
Date: Thu Aug 26 11:16:35 2021


conditional: false
input_file: ./reductions/reduction_T1_3_84
check_for_masters:
  - {r: [0, 6], s: [0, 2]}
masters_file: masters_tmp/masters.T.reduction_T1_3_84-rhs


Analyzing reduction file ./reductions/reduction_T1_3_84

Number of equations: 17143
Average coefficient length [bytes]: 196

Extracting status of reduction for each r,s point
Showing statistics for reductions found in each sector
Number of sectors for which this file provides reductions: 1


First table shows the following entries:
A: Number of all integrals
B: Number of unreduced integrals
C: Number of different integrals
D: Number of different unreduced integrals
E: Identities are interreduced w.r.t. this file (.) or not (x)

Second table shows different unreduced integrals in r-s diagram


(T1:3:84)        A       B       C       D       E
.....................................................
r=3, s=0:        1       1       1       1       .
r=3, s=1:        6       0       6       0       .
r=3, s=2:       21       0      21       0       .
r=3, s=3:       56       0      56       0       .
r=3, s=4:      126     126     126     126       .
r=4, s=0:        3       0       3       0       .
r=4, s=1:       18       0      18       0       .
r=4, s=2:       63       0      63       0       .
r=4, s=3:      168       0     168       0       .
r=4, s=4:      378      15     378      15       .
r=5, s=0:        6       0       6       0       .
r=5, s=1:       36       0      36       0       .
r=5, s=2:      126       0     126       0       .
r=5, s=3:      336       0     336       0       .
r=5, s=4:      756      45     756      45       .
r=6, s=0:       10       0      10       0       .
r=6, s=1:       60       0      60       0       .
r=6, s=2:      210       0     210       0       .
r=6, s=3:      560       0     560       0       .
r=6, s=4:     1260      55    1260      55       .
r=7, s=0:       15       0      15       0       .
r=7, s=1:       90       0      90       0       .
r=7, s=2:      315       0     315       0       .
r=7, s=3:      840       0     840       0       .
r=7, s=4:     1890      65    1890      65       .
r=8, s=0:       21       0      21       0       .
r=8, s=1:      126       0     126       0       .
r=8, s=2:      441       0     441       0       .
r=8, s=3:     1176       0    1176       0       .
r=8, s=4:     2646      75    2646      75       .
r=9, s=0:       28       3      28       3       .
r=9, s=1:      168       6     168       6       .
r=9, s=2:      588       9     588       9       .
r=9, s=3:     1568      12    1568      12       .
r=9, s=4:     3528      85    3528      85       .

(T1:3:84)      s=0     s=1     s=2     s=3     s=4
.....................................................
r=3:            1.      0.      0.      0.    126.
r=4:            0.      0.      0.      0.     15.
r=5:            0.      0.      0.      0.     45.
r=6:            0.      0.      0.      0.     55.
r=7:            0.      0.      0.      0.     65.
r=8:            0.      0.      0.      0.     75.
r=9:            3.      6.      9.     12.     85.


Checking (T1:3:84) for masters in range:
- {r: [0, 6], s: [0, 2]}

Checking 21 rs-points for border
  on border: 0 2
  on border: 1 2
  on border: 2 2
  on border: 3 2
  on border: 4 2
  on border: 5 2
  on border: 6 0
  on border: 6 1
  on border: 6 2
Missing information for at least one (r,s) in the range

Integrals appearing on r.h.s. of reductions in the range:
(T1:3:84): 1
in total: 1

Writing master candidates to file 'masters_tmp/masters.T.reduction_T1_3_84-rhs'
