
Date: Mon Apr  4 14:16:33 2022


conditional: false
input_file: /net/home/lxtsfs1/tpe/korneev/Desktop/NNLO_Single_Real/REDUZE_REDUCTIONS/List_of_integrals.yaml
output_file: masters_tmp/tmp/AMP_MI.sol
notfound_file: masters_tmp/MI_NF.rest
preferred_masters_file: ""
generate_crossed: false

Finding selected integrals
Reading integrals from file "/net/home/lxtsfs1/tpe/korneev/Desktop/NNLO_Single_Real/REDUZE_REDUCTIONS/List_of_integrals.yaml"
Using integral family INT (id reset to 1)
Loading crossings from file ./sectormappings/crossings.yaml
Crossing equivalence: '' -> ''
using crossing x12 (invs: {u==t,s15==s25,t==u,s25==s15}, mom: {p2==p1,p1==p2})
using crossing x125 (invs: {s==-s25,u==s35,s35==t,s15==-s,t==u,s25==s15}, mom: {p5==-p1,p2==-p5,p1==p2})
using crossing x15 (invs: {s==-s25,s35==t,t==s35,s25==-s}, mom: {p5==-p1,p1==-p5})
using crossing x152 (invs: {s==-s15,u==t,s35==u,s15==s25,t==s35,s25==-s}, mom: {p5==-p2,p2==p1,p1==-p5})
using crossing x25 (invs: {s==-s15,u==s35,s35==u,s15==-s}, mom: {p5==-p2,p2==-p5})
Crossing equivalence: 'x25' -> 'x25'
Crossing equivalence: 'x152' -> 'x152'
Crossing equivalence: 'x15' -> 'x15'
Crossing equivalence: 'x125' -> 'x125'
Crossing equivalence: 'x12' -> 'x12'
Crossing equivalence: '' -> ''
Loaded crossings for kinematics ''
Loaded crossings for 1 kinematics
Done loading crossings
  generated crossed integral family INTx12 (id set to 2)
  generated crossed integral family INTx125 (id set to 3)
  generated crossed integral family INTx15 (id set to 4)
  generated crossed integral family INTx152 (id set to 5)
  generated crossed integral family INTx25 (id set to 6)
Done loading integral families
Solutions for 52 different integrals requested
Finding crossing equivalences
Opening output file 'masters_tmp/tmp/AMP_MI.sol'
