
Date: Mon Apr  4 13:58:02 2022

Setting up job queue from jobs_2_distribute.yaml
Updating job queue dependencies
Processing jobs in serial mode (non-MPI build)
Inserted new job in queue: job(1): distribute external
Updating job queue dependencies
Loading uncrossed integral families from file ./config/integralfamilies.yaml
Initialize integral family 'INT'
Loaded integral family INT
Loaded 1 (uncrossed) integral families
Done loading uncrossed integral families
Determining sectors in selection
  normalizing user input
  selecting all sectors
    considering top level sector (INT:5:31)
Using integral family INT (id reset to 1)
Loading crossings from file ./sectormappings/crossings.yaml
Crossing equivalence: '' -> ''
using crossing x12 (invs: {u==t,s15==s25,t==u,s25==s15}, mom: {p2==p1,p1==p2})
using crossing x125 (invs: {s==-s25,u==s35,s35==t,s15==-s,t==u,s25==s15}, mom: {p5==-p1,p2==-p5,p1==p2})
using crossing x15 (invs: {s==-s25,s35==t,t==s35,s25==-s}, mom: {p5==-p1,p1==-p5})
using crossing x152 (invs: {s==-s15,u==t,s35==u,s15==s25,t==s35,s25==-s}, mom: {p5==-p2,p2==p1,p1==-p5})
using crossing x25 (invs: {s==-s15,u==s35,s35==u,s15==-s}, mom: {p5==-p2,p2==-p5})
Crossing equivalence: 'x25' -> 'x25'
Crossing equivalence: 'x152' -> 'x152'
Crossing equivalence: 'x15' -> 'x15'
Crossing equivalence: 'x125' -> 'x125'
Crossing equivalence: 'x12' -> 'x12'
Crossing equivalence: '' -> ''
Loaded crossings for kinematics ''
Loaded crossings for 1 kinematics
Done loading crossings
  generated crossed integral family INTx12 (id set to 2)
  generated crossed integral family INTx125 (id set to 3)
  generated crossed integral family INTx15 (id set to 4)
  generated crossed integral family INTx152 (id set to 5)
  generated crossed integral family INTx25 (id set to 6)
Done loading integral families
read key 'sectormappings' in file './sectormappings/sectormappings_INT.yaml'
Found valid sector mappings for INT
  selecting explicit sectors
  selecting recursively
  deselecting explicit sectors
  deselecting recursively
  deselecting sectors by t restriction
Updated job queue:
  [p] job(1): distribute external  [dep: ]


Date: Mon Apr  4 13:58:02 2022

Run ID: 653e7132

Starting job(1): distribute external
Completed Job(1) [Time: 0s, CPU: 0s]
Updating job queue dependencies
Completed jobs in jobqueue

Completed all jobs
Total run time: 0 s
Killing Fermat
