
Date: Fri Apr  1 12:35:18 2022

Setting up job queue from jobs_B_sectormappings_appl.yaml
Updating job queue dependencies
Processing jobs in serial mode (non-MPI build)
Inserted new job in queue: job(1): select reductions: [...]Real/REDUZE/3_no_distribute/List_of_integrals.yaml
Inserted new job in queue: job(2): reduce files ./masters_tmp/tmp/AMP_MI.sol
Inserted new job in queue: job(3): reduce files ./masters_tmp/tmp/AMP_MIF2.sol
Inserted new job in queue: job(4): export file masters_tmp/tmp/AMP_MIF3.sol
Updating job queue dependencies
Loading uncrossed integral families from file ./config/integralfamilies.yaml
Initialize integral family 'INT'
Loaded integral family INT
Loaded 1 (uncrossed) integral families
Done loading uncrossed integral families

+-------+
| ERROR |
+-------+
could not resolve dependency problem:
missing file '/net/home/lxtsfs1/tpe/korneev/Desktop/NNLO_Single_Real/REDUZE/3_no_distribute/List_of_integrals.yaml' needed by job job(1): select reductions: [...]Real/REDUZE/3_no_distribute/List_of_integrals.yaml


Killing Fermat
