
Date: Mon Apr  4 10:14:16 2022


conditional: false
input_file: /net/home/lxtsfs1/tpe/korneev/Desktop/NNLO_Single_Real/REDUZE/List_of_integrals.yaml
output_file: masters_tmp/tmp/AMP_MI.sol
notfound_file: masters_tmp/MI_NF.rest
preferred_masters_file: ""
generate_crossed: false

Finding selected integrals
Reading integrals from file "/net/home/lxtsfs1/tpe/korneev/Desktop/NNLO_Single_Real/REDUZE/List_of_integrals.yaml"
Using integral family INT (id reset to 1)
Loading crossings from file ./sectormappings/crossings.yaml
Crossing equivalence: '' -> ''
using crossing x12 (invs: {u==t,s15==s25,t==u,s25==s15}, mom: {p2==p1,p1==p2})
using crossing x125 (invs: {s==-s25,u==s35,s35==t,s15==-s,t==u,s25==s15}, mom: {p5==-p1,p2==-p5,p1==p2})
using crossing x15 (invs: {s==-s25,s35==t,t==s35,s25==-s}, mom: {p5==-p1,p1==-p5})
using crossing x152 (invs: {s==-s15,u==t,s35==u,s15==s25,t==s35,s25==-s}, mom: {p5==-p2,p2==p1,p1==-p5})
using crossing x25 (invs: {s==-s15,u==s35,s35==u,s15==-s}, mom: {p5==-p2,p2==-p5})
Crossing equivalence: 'x25' -> 'x25'
Crossing equivalence: 'x152' -> 'x152'
Crossing equivalence: 'x15' -> 'x15'
Crossing equivalence: 'x125' -> 'x125'
Crossing equivalence: 'x12' -> 'x12'
Crossing equivalence: '' -> ''
Loaded crossings for kinematics ''
Loaded crossings for 1 kinematics
Done loading crossings
  generated crossed integral family INTx12 (id set to 2)
  generated crossed integral family INTx125 (id set to 3)
  generated crossed integral family INTx15 (id set to 4)
  generated crossed integral family INTx152 (id set to 5)
  generated crossed integral family INTx25 (id set to 6)
Done loading integral families
Solutions for 52 different integrals requested
Finding crossing equivalences
Opening output file 'masters_tmp/tmp/AMP_MI.sol'
Writing shift identities
Search shift for INT 1 1  1 0  1 0 0 0 0read key 'sectormappings' in file './sectormappings/sectormappings_INT.yaml'
Found valid sector mappings for INT
 => found shift, select red for rhs
Search shift for INT 1 2  1 0  0 1 0 0 0 => found shift, select red for rhs
Search shift for INT 1 4  1 0  0 0 1 0 0 => found shift, select red for rhs
Search shift for INT 1 8  1 0  0 0 0 1 0 => found shift, select red for rhs
Search shift for INT 2 3  2 0  1 1 0 0 0 => found shift, select red for rhs
Search shift for INT 2 3  2 1  1 1 -1 0 0 => found shift, select red for rhs
Search shift for INT 2 3  2 1  1 1 0 -1 0 => found shift, select red for rhs
Search shift for INT 2 3  2 1  1 1 0 0 -1 => found shift, select red for rhs
Search shift for INT 2 5  2 0  1 0 1 0 0 => none
Search shift for INT 2 5  2 1  1 -1 1 0 0 => none
Search shift for INT 2 5  2 1  1 0 1 -1 0 => none
Search shift for INT 2 5  2 1  1 0 1 0 -1 => none
Search shift for INT 2 6  2 0  0 1 1 0 0 => found shift, select red for rhs
Search shift for INT 2 6  2 1  -1 1 1 0 0 => found shift, select red for rhs
Search shift for INT 2 6  2 1  0 1 1 -1 0 => found shift, select red for rhs
Search shift for INT 2 6  2 1  0 1 1 0 -1 => found shift, select red for rhs
Search shift for INT 2 9  2 0  1 0 0 1 0 => none
Search shift for INT 2 9  2 1  1 -1 0 1 0 => none
Search shift for INT 2 9  2 1  1 0 -1 1 0 => none
Search shift for INT 2 9  2 1  1 0 0 1 -1 => none
Search shift for INT 2 10  2 0  0 1 0 1 0 => found shift, select red for rhs
Search shift for INT 2 10  2 1  -1 1 0 1 0 => found shift, select red for rhs
Search shift for INT 2 10  2 1  0 1 -1 1 0 => found shift, select red for rhs
Search shift for INT 2 10  2 1  0 1 0 1 -1 => found shift, select red for rhs
Search shift for INT 2 12  2 0  0 0 1 1 0 => found shift, select red for rhs
Search shift for INT 2 12  2 1  -1 0 1 1 0 => found shift, select red for rhs
Search shift for INT 2 12  2 1  0 -1 1 1 0 => found shift, select red for rhs
Search shift for INT 2 12  2 1  0 0 1 1 -1 => found shift, select red for rhs
Search shift for INT 3 7  3 0  1 1 1 0 0 => none
Search shift for INT 3 7  3 1  1 1 1 -1 0 => none
Search shift for INT 3 7  3 1  1 1 1 0 -1 => none
Search shift for INT 3 11  3 0  1 1 0 1 0 => none
Search shift for INT 3 11  3 1  1 1 -1 1 0 => none
Search shift for INT 3 11  3 1  1 1 0 1 -1 => none
Search shift for INT 3 11  3 2  1 1 -2 1 0 => none
Search shift for INT 3 11  3 2  1 1 -1 1 -1 => none
Search shift for INT 3 11  3 2  1 1 0 1 -2 => none
Search shift for INT 3 13  3 0  1 0 1 1 0 => found shift, select red for rhs
Search shift for INT 3 13  3 1  1 -1 1 1 0 => found shift, select red for rhs
Search shift for INT 3 13  3 1  1 0 1 1 -1 => found shift, select red for rhs
Search shift for INT 3 13  3 2  1 -2 1 1 0 => found shift, select red for rhs
Search shift for INT 3 13  3 2  1 -1 1 1 -1 => found shift, select red for rhs
Search shift for INT 3 13  3 2  1 0 1 1 -2 => found shift, select red for rhs
Search shift for INT 3 14  3 0  0 1 1 1 0 => found shift, select red for rhs
Search shift for INT 3 14  3 1  -1 1 1 1 0 => found shift, select red for rhs
Search shift for INT 3 14  3 1  0 1 1 1 -1 => found shift, select red for rhs
Search shift for INT 3 14  3 2  -2 1 1 1 0 => found shift, select red for rhs
Search shift for INT 3 14  3 2  -1 1 1 1 -1 => found shift, select red for rhs
Search shift for INT 3 14  3 2  0 1 1 1 -2 => found shift, select red for rhs
Search shift for INT 4 15  4 0  1 1 1 1 0 => none
Search shift for INT 4 15  4 1  1 1 1 1 -1 => none
Search shift for INT 4 15  4 2  1 1 1 1 -2 => none
Selecting: INT 2 5  2 0  1 0 1 0 0
Selecting: INT 2 5  2 1  1 -1 1 0 0
Selecting: INT 2 5  2 1  1 0 1 -1 0
Selecting: INT 2 5  2 1  1 0 1 0 -1
Construct solution for: INTx125 2 5  2 0  1 0 1 0 0 from result of INT 2 5  2 0  1 0 1 0 0 via crossing
Selecting: INT 2 5  2 0  1 0 1 0 0
Construct solution for: INTx125 2 5  2 1  1 -1 1 0 0 from result of INT 2 5  2 1  1 -1 1 0 0 via crossing
Selecting: INT 2 5  2 1  1 -1 1 0 0
Construct solution for: INTx125 2 5  2 1  1 0 1 -1 0 from result of INT 2 5  2 1  1 0 1 -1 0 via crossing
Selecting: INT 2 5  2 1  1 0 1 -1 0
Construct solution for: INTx125 2 5  2 1  1 0 1 0 -1 from result of INT 2 5  2 1  1 0 1 0 -1 via crossing
Selecting: INT 2 5  2 1  1 0 1 0 -1
Selecting: INT 2 9  2 0  1 0 0 1 0
Selecting: INT 2 9  2 1  1 -1 0 1 0
Selecting: INT 2 9  2 1  1 0 -1 1 0
Selecting: INT 2 9  2 1  1 0 0 1 -1
Selecting: INT 3 7  3 0  1 1 1 0 0
Selecting: INT 3 7  3 1  1 1 1 -1 0
Selecting: INT 3 7  3 1  1 1 1 0 -1
Construct solution for: INTx125 3 7  3 0  1 1 1 0 0 from result of INT 3 7  3 0  1 1 1 0 0 via crossing
Selecting: INT 3 7  3 0  1 1 1 0 0
Construct solution for: INTx125 3 7  3 1  1 1 1 -1 0 from result of INT 3 7  3 1  1 1 1 -1 0 via crossing
Selecting: INT 3 7  3 1  1 1 1 -1 0
Construct solution for: INTx125 3 7  3 1  1 1 1 0 -1 from result of INT 3 7  3 1  1 1 1 0 -1 via crossing
Selecting: INT 3 7  3 1  1 1 1 0 -1
Construct solution for: INTx125 3 7  3 2  1 1 1 -2 0 from result of INT 3 7  3 2  1 1 1 -2 0 via crossing
Selecting: INT 3 7  3 2  1 1 1 -2 0
Construct solution for: INTx125 3 7  3 2  1 1 1 -1 -1 from result of INT 3 7  3 2  1 1 1 -1 -1 via crossing
Selecting: INT 3 7  3 2  1 1 1 -1 -1
Construct solution for: INTx125 3 7  3 2  1 1 1 0 -2 from result of INT 3 7  3 2  1 1 1 0 -2 via crossing
Selecting: INT 3 7  3 2  1 1 1 0 -2
Selecting: INT 3 11  3 0  1 1 0 1 0
Selecting: INT 3 11  3 1  1 1 -1 1 0
Selecting: INT 3 11  3 1  1 1 0 1 -1
Selecting: INT 3 11  3 2  1 1 -2 1 0
Selecting: INT 3 11  3 2  1 1 -1 1 -1
Selecting: INT 3 11  3 2  1 1 0 1 -2
Construct solution for: INTx15 3 11  3 0  1 1 0 1 0 from result of INT 3 11  3 0  1 1 0 1 0 via crossing
Selecting: INT 3 11  3 0  1 1 0 1 0
Construct solution for: INTx15 3 11  3 1  1 1 -1 1 0 from result of INT 3 11  3 1  1 1 -1 1 0 via crossing
Selecting: INT 3 11  3 1  1 1 -1 1 0
Construct solution for: INTx15 3 11  3 1  1 1 0 1 -1 from result of INT 3 11  3 1  1 1 0 1 -1 via crossing
Selecting: INT 3 11  3 1  1 1 0 1 -1
Construct solution for: INTx15 3 11  3 2  1 1 -2 1 0 from result of INT 3 11  3 2  1 1 -2 1 0 via crossing
Selecting: INT 3 11  3 2  1 1 -2 1 0
Construct solution for: INTx15 3 11  3 2  1 1 -1 1 -1 from result of INT 3 11  3 2  1 1 -1 1 -1 via crossing
Selecting: INT 3 11  3 2  1 1 -1 1 -1
Construct solution for: INTx15 3 11  3 2  1 1 0 1 -2 from result of INT 3 11  3 2  1 1 0 1 -2 via crossing
Selecting: INT 3 11  3 2  1 1 0 1 -2
Selecting: INT 4 15  4 0  1 1 1 1 0
Selecting: INT 4 15  4 1  1 1 1 1 -1
Selecting: INT 4 15  4 2  1 1 1 1 -2
Need reductions for 5 different sectors
Searching integrals from sector (INT:2:5)
File ./reductions/reduction_INT_2_5 is not readable
INT 2 5  2 0  1 0 1 0 0: no reduction
INTx125 2 5  2 0  1 0 1 0 0: no reduction
INT 2 5  2 1  1 -1 1 0 0: no reduction
INTx125 2 5  2 1  1 -1 1 0 0: no reduction
INT 2 5  2 1  1 0 1 -1 0: no reduction
INTx125 2 5  2 1  1 0 1 -1 0: no reduction
INT 2 5  2 1  1 0 1 0 -1: no reduction
INTx125 2 5  2 1  1 0 1 0 -1: no reduction
Searching integrals from sector (INT:2:9)
File ./reductions/reduction_INT_2_9 is not readable
INT 2 9  2 0  1 0 0 1 0: no reduction
INT 2 9  2 1  1 -1 0 1 0: no reduction
INT 2 9  2 1  1 0 -1 1 0: no reduction
INT 2 9  2 1  1 0 0 1 -1: no reduction
Searching integrals from sector (INT:3:7)
File ./reductions/reduction_INT_3_7 is not readable
INT 3 7  3 0  1 1 1 0 0: no reduction
INTx125 3 7  3 0  1 1 1 0 0: no reduction
INT 3 7  3 1  1 1 1 -1 0: no reduction
INTx125 3 7  3 1  1 1 1 -1 0: no reduction
INT 3 7  3 1  1 1 1 0 -1: no reduction
INTx125 3 7  3 1  1 1 1 0 -1: no reduction
INTx125 3 7  3 2  1 1 1 -2 0: no reduction
INTx125 3 7  3 2  1 1 1 -1 -1: no reduction
INTx125 3 7  3 2  1 1 1 0 -2: no reduction
Searching integrals from sector (INT:3:11)
File ./reductions/reduction_INT_3_11 is not readable
INT 3 11  3 0  1 1 0 1 0: no reduction
INTx15 3 11  3 0  1 1 0 1 0: no reduction
INT 3 11  3 1  1 1 -1 1 0: no reduction
INTx15 3 11  3 1  1 1 -1 1 0: no reduction
INT 3 11  3 1  1 1 0 1 -1: no reduction
INTx15 3 11  3 1  1 1 0 1 -1: no reduction
INT 3 11  3 2  1 1 -2 1 0: no reduction
INTx15 3 11  3 2  1 1 -2 1 0: no reduction
INT 3 11  3 2  1 1 -1 1 -1: no reduction
INTx15 3 11  3 2  1 1 -1 1 -1: no reduction
INT 3 11  3 2  1 1 0 1 -2: no reduction
INTx15 3 11  3 2  1 1 0 1 -2: no reduction
Searching integrals from sector (INT:4:15)
File ./reductions/reduction_INT_4_15 is not readable
INT 4 15  4 0  1 1 1 1 0: no reduction
INT 4 15  4 1  1 1 1 1 -1: no reduction
INT 4 15  4 2  1 1 1 1 -2: no reduction
Output written to file "masters_tmp/tmp/AMP_MI.sol"
Couldn't find solutions for 36 (selected) integral(s)
  writing these integrals to file 'masters_tmp/MI_NF.rest'

Some solutions were constructed on the fly via a shift symmetry
or a crossing. It is recommended to run the job reduce_files on
the output file to ensure fully reduced solutions.

Job done (total time: 0 s)
