
Date: Mon Apr  4 10:34:12 2022


conditional: false
input_file: ./tmp/INT_2_20/seeds/seeds_INT_2_20_ibp
output_file: ./tmp/INT_2_20/identities/identities_INT_2_20_ibp_1_of_1
type: ibp
options:
  transform_integrals_to_equivalent: true
  solve_equations: true
  set_subsectors_to_zero: false
  eliminate_subsectors_by_shift: true
  map_on_coeff: []
from: 1
to: 1000

  Adjusting last integral 1000 to 200
  Generating identities of type ibp: identities_INT_2_20_ibp_1_of_1
  identities from 200 seeds, range: [1, 200]
  ..................................................  **************************************************
  Identities generated: 1000 (time: 0.5 s)
  Average number of integrals per equation: 8

Job done (total time: 0 s)
