
Date: Mon Apr  4 11:20:38 2022


conditional: false
input_file: ./tmp/INT_4_23/seeds/seeds_INT_4_23_sector_symmetries
output_file: ./tmp/INT_4_23/identities/identities_INT_4_23_sector_symmetries_1_of_1
type: sector_symmetries
options:
  transform_integrals_to_equivalent: true
  solve_equations: true
  set_subsectors_to_zero: false
  eliminate_subsectors_by_shift: true
  map_on_coeff: []
from: 1
to: 1000

  Adjusting last integral 1000 to 4
  Generating identities of type sector_symmetries: identities_INT_4_23_sector_symmetries_1_of_1
  identities from 4 seeds, range: [1, 4]
  ..................................................  **************************************************
  Identities generated: 0 (time: 0.0 s)
  Average number of integrals per equation: -nan

Job done (total time: 0 s)
