
Date: Thu Aug 26 10:01:23 2021


conditional: false
qgraf_file: ../../QGRAF/qgraf-3.4.2/qaqHV_REDUZE.yaml
output_file: tmp/reduze_qaqHV_alt.yaml
info_file_form: shifts/reduze_qaqHV_alt.shift
names:
  []

Reading diagrams from file: ../../QGRAF/qgraf-3.4.2/qaqHV_REDUZE.yaml
rename negative field indices
Loaded diagram 1
rename negative field indices
Loaded diagram 2
rename negative field indices
Loaded diagram 3
rename negative field indices
Loaded diagram 4
rename negative field indices
Loaded diagram 5
rename negative field indices
Loaded diagram 6
rename negative field indices
Loaded diagram 7
rename negative field indices
Loaded diagram 8
rename negative field indices
Loaded diagram 9
rename negative field indices
Loaded diagram 10
rename negative field indices
Loaded diagram 11
rename negative field indices
Loaded diagram 12
rename negative field indices
Loaded diagram 13
rename negative field indices
Loaded diagram 14
rename negative field indices
Loaded diagram 15
rename negative field indices
Loaded diagram 16
rename negative field indices
Loaded diagram 17
rename negative field indices
Loaded diagram 18
rename negative field indices
Loaded diagram 19
rename negative field indices
Loaded diagram 20
Diagrams loaded. Time: 0.0322752s

Analyzing topologies of 20 diagrams:
Analyzing diagram 1

  => matched diagram 1 to (T1:4:86)
     via shift: {k1==k1+p1,k2==k2+p1}
read key 'sectormappings' in file './sectormappings/sectormappings_T1.yaml'
Found valid sector mappings for T1
     target sector equivalent to (T1:4:86)

X
Analyzing diagram 2
  => matched diagram 2 to (T1:4:86)
     via shift: {k1==k1+p1,k2==k2+p1}
     target sector equivalent to (T1:4:86)

X
Analyzing diagram 3
  => matched diagram 3 to (T1:5:118)
     via shift: {k1==-k2+p2,k2==-k2+k1}
     target sector equivalent to (T1:5:118)

X
Analyzing diagram 4
  => matched diagram 4 to (T1:5:118)
     via shift: {k1==-k2+p2,k2==-k2+k1}
     target sector equivalent to (T1:5:118)

X
Analyzing diagram 5
  => matched diagram 5 to (T1:4:54)
     via shift: {k1==k2+p1,k2==k1+p1}
     target sector equivalent to (T1:4:54)

X
Analyzing diagram 6
  => matched diagram 6 to (T1:4:54)
     via shift: {k1==k2+p1,k2==k1+p1}
     target sector equivalent to (T1:4:54)

X
Analyzing diagram 7
  => matched diagram 7 to (T1:5:79)
     via shift: {k1==-k1,k2==-k2}
     target sector equivalent to (T1:5:79)

X
Analyzing diagram 8
  => matched diagram 8 to (T1:5:79)
     via shift: {k1==-k1,k2==-k2}
     target sector equivalent to (T1:5:79)

X
Analyzing diagram 9
  => matched diagram 9 to (T1:6:95)
     via shift: {k1==-k2,k2==k1}
     target sector equivalent to (T1:6:95)

X
Analyzing diagram 10
  => matched diagram 10 to (T1:6:95)
     via shift: {k1==-k2,k2==k1}
     target sector equivalent to (T1:6:95)

X
Analyzing diagram 11
  => matched diagram 11 to (T1:6:111)
     via shift: {k1==k2,k2==-k1}
     target sector equivalent to (T1x12:6:95)

X
Analyzing diagram 12
  => matched diagram 12 to (T1:6:111)
     via shift: {k1==k2,k2==-k1}
     target sector equivalent to (T1x12:6:95)

X
Analyzing diagram 13
  => matched diagram 13 to (T2:6:63)
     via shift: {k1==k1+p1,k2==k2}
read key 'sectormappings' in file './sectormappings/sectormappings_T2.yaml'
Found valid sector mappings for T2
     target sector equivalent to (T2:6:63)

X
Analyzing diagram 14
  => matched diagram 14 to (T1:5:87)
     via shift: {k1==-k1,k2==k2+p1}
     target sector equivalent to (T1:5:87)

X
Analyzing diagram 15
  => matched diagram 15 to (T1:5:103)
     via shift: {k1==k1,k2==-k2+p2}
     target sector equivalent to (T1x12:5:87)

X
Analyzing diagram 16
  => matched diagram 16 to (T1:6:119)
     via shift: {k1==-k1,k2==-k2+k1}
     target sector equivalent to (T1:6:119)

X
Analyzing diagram 17
  => matched diagram 17 to (T1:6:119)
     via shift: {k1==-k1,k2==-k2+k1}
     target sector equivalent to (T1:6:119)

X
Analyzing diagram 18
  => matched diagram 18 to (T1:6:119)
     via shift: {k1==-k1,k2==-k2+k1}
     target sector equivalent to (T1:6:119)

X
Analyzing diagram 19
  => matched diagram 19 to (T1:5:55)
     via shift: {k1==-k1,k2==k2+p1}
     target sector equivalent to (T1:5:55)

X
Analyzing diagram 20
  => matched diagram 20 to (T1:5:55)
     via shift: {k1==-k1,k2==k2+p1}
     target sector equivalent to (T1:5:55)

X

Writing new diagram file: tmp/reduze_qaqHV_alt.yaml

Matched diagrams: 20

Unmatched diagrams: 0

Sectors: 11
family T1:
t = 4: 54 86 
t = 5: 55 79 87 103 118 
t = 6: 95 111 119 
family T2:
t = 6: 63 

This selection of sectors should be reduced for the matched diagrams:
sector_selection:
  select_all: false
  select:
    []
  select_recursively:
    - [T2, 63]
    - [T1, 119]
    - [T1, 95]
  deselect:
    []
  deselect_recursively:
    []
  deselect_independents:
    []
  deselect_graphless: false
  deselect_graphs: false
  t_restriction: [-1, -1]

Job done (total time: 2 s)
