
Date: Thu Aug 26 10:54:36 2021


conditional: false
input_file: ./tmp/T2_6_63/seeds/seeds_T2_6_63_ibp
output_file: ./tmp/T2_6_63/identities/identities_T2_6_63_ibp_1_of_1
type: ibp
options:
  transform_integrals_to_equivalent: true
  solve_equations: true
  set_subsectors_to_zero: false
  eliminate_subsectors_by_shift: true
  map_on_coeff: []
from: 1
to: 1000

  Adjusting last integral 1000 to 560
  Generating identities of type ibp: identities_T2_6_63_ibp_1_of_1
  identities from 560 seeds, range: [1, 560]
  ..................................................Loaded only default generic IBP and LI identities
  **************************************************
  Identities generated: 5600 (time: 174.1 s)
  Average number of integrals per equation: 8e+01

Job done (total time: 174 s)
