
Date: Thu Aug 26 10:05:01 2021


conditional: false
input_file: ./tmp/T1_3_84/seeds/seeds_T1_3_84_ibp
output_file: ./tmp/T1_3_84/identities/identities_T1_3_84_ibp_5_of_5
type: ibp
options:
  transform_integrals_to_equivalent: true
  solve_equations: true
  set_subsectors_to_zero: false
  eliminate_subsectors_by_shift: true
  map_on_coeff: []
from: 4001
to: 5000

  Adjusting last integral 5000 to 4704
  Generating identities of type ibp: identities_T1_3_84_ibp_5_of_5
  identities from 704 seeds, range: [4001, 4704]
  ..................................................  **************************************************
  Identities generated: 7040 (time: 2.4 s)
  Average number of integrals per equation: 8

Job done (total time: 2 s)
