
Date: Mon Apr  4 13:58:45 2022


conditional: false
input_file: ./reductions/reduction_INT_4_27
check_for_masters:
  - {r: [0, 4], s: [0, 2]}
masters_file: masters_tmp/masters.T.reduction_INT_4_27-rhs


Analyzing reduction file ./reductions/reduction_INT_4_27

Number of equations: 106
Average coefficient length [bytes]: 83393

Extracting status of reduction for each r,s point
Showing statistics for reductions found in each sector
Number of sectors for which this file provides reductions: 1


First table shows the following entries:
A: Number of all integrals
B: Number of unreduced integrals
C: Number of different integrals
D: Number of different unreduced integrals
E: Identities are interreduced w.r.t. this file (.) or not (x)

Second table shows different unreduced integrals in r-s diagram


(INT:4:27)        A       B       C       D       E
......................................................
r=4, s=0:         1       1       1       1       .
r=4, s=1:         1       0       1       0       .
r=4, s=2:         1       0       1       0       .
r=4, s=3:         1       0       1       0       .
r=4, s=4:         1       1       1       1       .
r=5, s=0:         4       0       4       0       .
r=5, s=1:         4       0       4       0       .
r=5, s=2:         4       0       4       0       .
r=5, s=3:         4       0       4       0       .
r=5, s=4:         4       3       4       3       x
r=6, s=0:        10       6      10       6       x
r=6, s=1:        10       6      10       6       x
r=6, s=2:        10       6      10       6       x
r=6, s=3:        10       6      10       6       x
r=6, s=4:        10       6      10       6       x

(INT:4:27)      s=0     s=1     s=2     s=3     s=4
......................................................
r=4:             1.      0.      0.      0.      1.
r=5:             0.      0.      0.      0.      3x
r=6:             6x      6x      6x      6x      6x


Checking (INT:4:27) for masters in range:
- {r: [0, 4], s: [0, 2]}

Checking 15 rs-points for border
  on border: 0 2
  on border: 1 2
  on border: 2 2
  on border: 3 2
  on border: 4 0
  on border: 4 1
  on border: 4 2
Missing information for at least one (r,s) in the range

Integrals appearing on r.h.s. of reductions in the range:
(INTx125:2:5): 1
(INT:2:9): 1
(INT:2:17): 1
(INT:2:18): 1
(INT:2:24): 1
(INT:3:25): 1
(INT:3:26): 1
(INT:4:27): 1
in total: 8

Writing master candidates to file 'masters_tmp/masters.T.reduction_INT_4_27-rhs'

Job done (total time: 0 s)
