
Date: Mon Apr  4 10:34:13 2022


conditional: false
input_file: ./tmp/INT_2_20/seeds/seeds_INT_2_20_lorentz
output_file: ./tmp/INT_2_20/identities/identities_INT_2_20_lorentz_1_of_1
type: lorentz
options:
  transform_integrals_to_equivalent: true
  solve_equations: true
  set_subsectors_to_zero: false
  eliminate_subsectors_by_shift: true
  map_on_coeff: []
from: 1
to: 1000

  Adjusting last integral 1000 to 20
  Generating identities of type lorentz: identities_INT_2_20_lorentz_1_of_1
  identities from 20 seeds, range: [1, 20]
  ..................................................  **************************************************
  Identities generated: 120 (time: 0.1 s)
  Average number of integrals per equation: 9

Job done (total time: 0 s)
