
Date: Mon Apr  4 10:34:03 2022


conditional: false
min_workers: 0
max_workers: 0
tmp_directory: ./tmp/INT_2_17/
identity_filenames:
  - ./tmp/INT_2_17/identities/identities_INT_2_17_ibp_1_of_1
  - ./tmp/INT_2_17/identities/identities_INT_2_17_lorentz_1_of_1
  - ./tmp/INT_2_17/identities/identities_INT_2_17_sector_symmetries_1_of_1
subst_filenames:
  []
output_file: ./reductions/reduction_INT_2_17
output_file_external: ./reductions/external_INT_2_17
solutions:
  requested_solutions:
    - {r: [t, 5], s: [0, 3]}
  set_subsectors_to_zero: false
  map_on_coeff: []
  discard_new_subsector_identities: false
reduzer_options:
  num_equations_per_subjob: 1
  num_blocks_per_subjob: 1
  only_substitute: false
preferred_masters_file: ""
delete_files:
  - ./tmp/INT_2_17/seeds/seeds_INT_2_17_ibp
  - ./tmp/INT_2_17/identities/identities_INT_2_17_ibp_1_of_1
  - ./tmp/INT_2_17/seeds/seeds_INT_2_17_lorentz
  - ./tmp/INT_2_17/identities/identities_INT_2_17_lorentz_1_of_1
  - ./tmp/INT_2_17/seeds/seeds_INT_2_17_sector_symmetries
  - ./tmp/INT_2_17/identities/identities_INT_2_17_sector_symmetries_1_of_1
delete_directories:
  - ./tmp/INT_2_17/seeds/
  - ./tmp/INT_2_17/identities/
subst_subsectors: true
sector: [INT, 17]

Checking for aborted previous run
Setting up in-memory reduction
Determining integrals: all_ints, external_ints, helper_ints, critical_ints, discard_ints
Find integrals in identities
  scanning ./tmp/INT_2_17/identities/identities_INT_2_17_ibp_1_of_1 (0.02s)
  scanning ./tmp/INT_2_17/identities/identities_INT_2_17_lorentz_1_of_1 (0.002s)
  scanning ./tmp/INT_2_17/identities/identities_INT_2_17_sector_symmetries_1_of_1 (0.002s)
Add optimal set of sub-sector substitution files
Find integrals in substitutions
Find external and helper integrals
Find critical integrals
Selecting border as critical integrals
Checking 16 rs-points for border
  on border: 2 3
  on border: 3 3
  on border: 4 3
  on border: 5 0
  on border: 5 1
  on border: 5 2
  on border: 5 3
Initialize reduzer
Allocated maps for data during reduction.
Building INT translations
Insert integrals for algorithm control:
Insert substitutions
Insert equations to be reduced
  Inserting equations ./tmp/INT_2_17/identities/identities_INT_2_17_ibp_1_of_1 to database
  inserting 345086 bytes to database
  ..................................................  **************************************************
  file loaded (time: 0.0 s)
  Inserting equations ./tmp/INT_2_17/identities/identities_INT_2_17_lorentz_1_of_1 to database
  inserting 63690 bytes to database
  ..................................................  **************************************************
  file loaded (time: 0.0 s)
  Inserting equations ./tmp/INT_2_17/identities/identities_INT_2_17_sector_symmetries_1_of_1 to database
  inserting 7458 bytes to database
  ..................................................  **************************************************
  file loaded (time: 0.0 s)
Starting with 363 reducible integrals
Setup done
Setup of reduction done (time: 0.1 s)
Running Reduction for sector (INT:2:17)
Performing computation in serial mode
  reduction
  ..................................................Processed integral 1/509
  Reduced block [4e-04 s]
Processed integral 2/509
Reduced block [6e-04 s]
Processed integral 3/509
Reduced block [1e-03 s]
Processed integral 10/509
*Reduced block [6e-04 s]
Processed integral 11/509
Reduced block [1e-03 s]
Processed integral 12/509
Reduced block [1e-03 s]
Processed integral 13/509
Reduced block [1e-03 s]
Processed integral 14/509
Reduced block [2e-03 s]
Processed integral 15/509
Reduced block [1e-03 s]
Processed integral 16/509
*Reduced block [1e-03 s]
Processed integral 17/509
Reduced block [1e-03 s]
Processed integral 18/509
Reduced block [1e-03 s]
Processed integral 19/509
Reduced block [7e-04 s]
Processed integral 25/509
Reduced block [1e-03 s]
Processed integral 26/509
*Reduced block [2e-03 s]
Processed integral 27/509
Reduced block [7e-03 s]
Reduced block [2e-03 s]
Reduced block [6e-04 s]
Reduced block [6e-04 s]
Processed integral 34/509
Reduced block [2e-03 s]
Processed integral 35/509
Reduced block [7e-03 s]
Reduced block [1e-03 s]
Reduced block [1e-03 s]
Reduced block [1e-03 s]
Reduced block [2e-03 s]
Processed integral 36/509
*Reduced block [4e-02 s]
Reduced block [1e-03 s]
Reduced block [6e-04 s]
Reduced block [2e-03 s]
Reduced block [8e-04 s]
Reduced block [1e-03 s]
Reduced block [1e-03 s]
Reduced block [1e-03 s]
Reduced block [2e-03 s]
Reduced block [1e-03 s]
Reduced block [7e-04 s]
Reduced block [1e-03 s]
Reduced block [1e-02 s]
Reduced block [5e-04 s]
Reduced block [9e-04 s]
Reduced block [3e-03 s]
Processed integral 37/509
Reduced block [4e-03 s]
Reduced block [1e-03 s]
Reduced block [1e-03 s]
Reduced block [1e-03 s]
Processed integral 38/509
Reduced block [2e-02 s]
Reduced block [1e-03 s]
Reduced block [2e-03 s]
Reduced block [1e-03 s]
Reduced block [1e-03 s]
Processed integral 39/509
Reduced block [1e-02 s]
Reduced block [1e-03 s]
Reduced block [1e-03 s]
Reduced block [8e-04 s]
Reduced block [7e-04 s]
Processed integral 50/509
*Reduced block [3e-03 s]
Processed integral 51/509
Reduced block [1e-02 s]
Reduced block [3e-03 s]
Processed integral 52/509
Reduced block [3e-02 s]
Reduced block [5e-03 s]
Processed integral 53/509
Reduced block [1e-02 s]
Reduced block [3e-03 s]
Processed integral 54/509
Reduced block [5e-02 s]
Reduced block [7e-03 s]
Processed integral 55/509
Reduced block [4e-02 s]
Reduced block [4e-03 s]
Processed integral 56/509
*Reduced block [1e-02 s]
Processed integral 57/509
Reduced block [4e-02 s]
Reduced block [5e-03 s]
Processed integral 58/509
Reduced block [4e-02 s]
Reduced block [4e-03 s]
Processed integral 59/509
Reduced block [2e-02 s]
Reduced block [2e-03 s]
Processed integral 75/509
*Reduced block [2e-03 s]
Processed integral 76/509
Reduced block [3e-02 s]
Reduced block [7e-03 s]
Processed integral 77/509
*Reduced block [2e-01 s]
Reduced block [1e-02 s]
Reduced block [6e-03 s]
Reduced block [4e-02 s]
Reduced block [4e-03 s]
Reduced block [5e-03 s]
Reduced block [1e-02 s]
Processed integral 78/509
Reduced block [4e-02 s]
Reduced block [1e-02 s]
Processed integral 79/509
Reduced block [1e-01 s]
Reduced block [2e-02 s]
Processed integral 80/509
Reduced block [9e-02 s]
Reduced block [1e-02 s]
Processed integral 81/509
Reduced block [4e-02 s]
Reduced block [1e-02 s]
Processed integral 82/509
Reduced block [1e-01 s]
Reduced block [2e-02 s]
Processed integral 83/509
Reduced block [1e-01 s]
Reduced block [2e-02 s]
Processed integral 84/509
Reduced block [9e-02 s]
Reduced block [1e-02 s]
Processed integral 85/509
Reduced block [3e-02 s]
Processed integral 86/509
Reduced block [1e-01 s]
Reduced block [2e-02 s]
Processed integral 87/509
*Reduced block [1e-01 s]
Reduced block [1e-02 s]
Processed integral 88/509
Reduced block [1e-01 s]
Reduced block [1e-02 s]
Processed integral 89/509
Reduced block [6e-02 s]
Reduced block [5e-03 s]
Processed integral 91/509
Reduced block [5e-04 s]
Processed integral 92/509
Reduced block [4e-04 s]
Processed integral 96/509
Reduced block [2e-03 s]
Processed integral 97/509
*Reduced block [3e-03 s]
Processed integral 98/509
Reduced block [5e-03 s]
Reduced block [2e-03 s]
Reduced block [8e-04 s]
Reduced block [7e-04 s]
Processed integral 99/509
Reduced block [1e-03 s]
Processed integral 100/509
Reduced block [3e-03 s]
Processed integral 101/509
Reduced block [4e-03 s]
Processed integral 108/509
*Reduced block [5e-03 s]
Processed integral 109/509
Reduced block [9e-03 s]
Reduced block [2e-03 s]
Processed integral 110/509
Reduced block [1e-02 s]
Reduced block [3e-03 s]
Processed integral 111/509
Reduced block [6e-03 s]
Processed integral 112/509
Reduced block [1e-02 s]
Reduced block [3e-03 s]
Processed integral 113/509
Reduced block [9e-03 s]
Reduced block [1e-03 s]
Processed integral 114/509
Reduced block [2e-03 s]
Processed integral 115/509
Reduced block [6e-03 s]
Processed integral 116/509
Reduced block [9e-03 s]
Processed integral 117/509
Reduced block [4e-03 s]
Processed integral 118/509
*Reduced block [1e-02 s]
Processed integral 119/509
Reduced block [6e-03 s]
Processed integral 130/509
*Reduced block [8e-03 s]
Processed integral 131/509
Reduced block [2e-02 s]
Reduced block [4e-03 s]
Processed integral 132/509
Reduced block [3e-02 s]
Reduced block [6e-03 s]
Processed integral 133/509
Reduced block [2e-02 s]
Reduced block [4e-03 s]
Processed integral 134/509
Reduced block [4e-02 s]
Reduced block [8e-03 s]
Processed integral 135/509
Reduced block [2e-02 s]
Reduced block [5e-03 s]
Processed integral 136/509
Reduced block [1e-02 s]
Processed integral 137/509
Reduced block [3e-02 s]
Reduced block [5e-03 s]
Processed integral 138/509
*Reduced block [3e-02 s]
Reduced block [4e-03 s]
Processed integral 139/509
Reduced block [1e-02 s]
Reduced block [2e-03 s]
Processed integral 140/509
Reduced block [2e-03 s]
Processed integral 141/509
Reduced block [7e-03 s]
Processed integral 142/509
Reduced block [1e-02 s]
Processed integral 143/509
Reduced block [9e-03 s]
Processed integral 144/509
Reduced block [2e-02 s]
Processed integral 145/509
Reduced block [1e-02 s]
Processed integral 146/509
Reduced block [6e-03 s]
Processed integral 147/509
Reduced block [2e-02 s]
Processed integral 148/509
*Reduced block [2e-02 s]
Processed integral 149/509
Reduced block [1e-02 s]
Processed integral 165/509
*Reduced block [6e-03 s]
Processed integral 166/509
Reduced block [2e-02 s]
Processed integral 167/509
Reduced block [2e-02 s]
Processed integral 168/509
*Reduced block [2e-02 s]
Processed integral 169/509
Reduced block [4e-02 s]
Processed integral 170/509
Reduced block [3e-02 s]
Processed integral 171/509
Reduced block [2e-02 s]
Processed integral 172/509
Reduced block [4e-02 s]
Processed integral 173/509
Reduced block [4e-02 s]
Processed integral 174/509
Reduced block [2e-02 s]
Processed integral 175/509
Reduced block [9e-03 s]
Processed integral 176/509
Reduced block [3e-02 s]
Processed integral 177/509
Reduced block [3e-02 s]
Processed integral 178/509
Reduced block [2e-02 s]
Processed integral 179/509
*Reduced block [1e-02 s]
Processed integral 180/509
Reduced block [4e-03 s]
Processed integral 181/509
Reduced block [2e-02 s]
Processed integral 182/509
Reduced block [3e-02 s]
Processed integral 183/509
Reduced block [2e-02 s]
Processed integral 184/509
Reduced block [5e-02 s]
Processed integral 185/509
Reduced block [3e-02 s]
Processed integral 186/509
Reduced block [2e-02 s]
Processed integral 187/509
Reduced block [5e-02 s]
Processed integral 188/509
Reduced block [5e-02 s]
Processed integral 189/509
*Reduced block [3e-02 s]
Processed integral 190/509
Reduced block [1e-02 s]
Processed integral 191/509
Reduced block [4e-02 s]
Processed integral 192/509
Reduced block [4e-02 s]
Processed integral 193/509
Reduced block [4e-02 s]
Processed integral 194/509
Reduced block [2e-02 s]
Processed integral 196/509
Reduced block [1e-03 s]
Processed integral 197/509
Reduced block [1e-03 s]
Processed integral 198/509
Reduced block [7e-04 s]
Processed integral 202/509
*Reduced block [6e-03 s]
Processed integral 203/509
Reduced block [7e-03 s]
Processed integral 204/509
Reduced block [1e-02 s]
Reduced block [4e-03 s]
Reduced block [2e-03 s]
Reduced block [2e-03 s]
Processed integral 205/509
Reduced block [4e-03 s]
Processed integral 206/509
Reduced block [6e-03 s]
Processed integral 207/509
Reduced block [8e-03 s]
Processed integral 208/509
Reduced block [3e-03 s]
Processed integral 209/509
*Reduced block [5e-03 s]
Processed integral 210/509
Reduced block [7e-03 s]
Processed integral 217/509
Reduced block [9e-03 s]
Processed integral 218/509
Reduced block [2e-02 s]
Reduced block [4e-03 s]
Processed integral 219/509
*Reduced block [2e-02 s]
Reduced block [5e-03 s]
Processed integral 220/509
Reduced block [1e-02 s]
Processed integral 221/509
Reduced block [3e-02 s]
Reduced block [5e-03 s]
Processed integral 222/509
Reduced block [2e-02 s]
Reduced block [3e-03 s]
Processed integral 223/509
Reduced block [6e-03 s]
Processed integral 224/509
Reduced block [1e-02 s]
Processed integral 225/509
Reduced block [2e-02 s]
Processed integral 226/509
Reduced block [9e-03 s]
Processed integral 227/509
Reduced block [2e-02 s]
Processed integral 228/509
Reduced block [1e-02 s]
Processed integral 229/509
Reduced block [4e-03 s]
Processed integral 230/509
*Reduced block [1e-02 s]
Processed integral 231/509
Reduced block [2e-02 s]
Processed integral 232/509
Reduced block [8e-03 s]
Processed integral 233/509
Reduced block [2e-02 s]
Processed integral 234/509
Reduced block [1e-02 s]
Processed integral 245/509
*Reduced block [1e-02 s]
Processed integral 246/509
Reduced block [4e-02 s]
Reduced block [7e-03 s]
Processed integral 247/509
Reduced block [4e-02 s]
Reduced block [1e-02 s]
Processed integral 248/509
Reduced block [3e-02 s]
Reduced block [6e-03 s]
Processed integral 249/509
Reduced block [6e-02 s]
Reduced block [1e-02 s]
Processed integral 250/509
*Reduced block [4e-02 s]
Reduced block [8e-03 s]
Processed integral 251/509
Reduced block [2e-02 s]
Processed integral 252/509
Reduced block [4e-02 s]
Reduced block [8e-03 s]
Processed integral 253/509
Reduced block [4e-02 s]
Reduced block [7e-03 s]
Processed integral 254/509
Last critical integral reduced
Reduced block [2e-02 s]
Reduced block [4e-03 s]
Processed integral 255/509
Reduced block [8e-03 s]
Processed integral 256/509
Reduced block [2e-02 s]
Processed integral 257/509
Reduced block [3e-02 s]
Processed integral 258/509
Reduced block [2e-02 s]
Processed integral 259/509
Reduced block [5e-02 s]
Processed integral 260/509
*Reduced block [3e-02 s]
Processed integral 261/509
Reduced block [2e-02 s]
Processed integral 262/509
Reduced block [4e-02 s]
Processed integral 263/509
Reduced block [3e-02 s]
Processed integral 264/509
Reduced block [2e-02 s]
Processed integral 265/509
Reduced block [4e-03 s]
Processed integral 266/509
Reduced block [1e-02 s]
Processed integral 267/509
Reduced block [2e-02 s]
Processed integral 268/509
Reduced block [2e-02 s]
Processed integral 269/509
Reduced block [4e-02 s]
Processed integral 270/509
*Reduced block [3e-02 s]
Processed integral 271/509
Reduced block [1e-02 s]
Processed integral 272/509
Reduced block [3e-02 s]
Processed integral 273/509
Reduced block [3e-02 s]
Processed integral 274/509
Reduced block [2e-02 s]

Reduction done !
Writing results to ./reductions/reduction_INT_2_17
  write result
  ..................................................  **************************************************
  file size: 519542 Bytes
  time unabbreviate: 0.0 s
  time I/O:        0.0 s
  time write tot   0.0 s (22550677 Bytes/s)

Reduction done (time: 4.6 s)

Cleaning up
Analyzing reduction result

Analyzing reduction file ./reductions/reduction_INT_2_17

Number of equations: 779
Average coefficient length [bytes]: 186

Extracting status of reduction for each r,s point
Showing statistics for reductions found in each sector
Number of sectors for which this file provides reductions: 1


First table shows the following entries:
A: Number of all integrals
B: Number of unreduced integrals
C: Number of different integrals
D: Number of different unreduced integrals
E: Identities are interreduced w.r.t. this file (.) or not (x)

Second table shows different unreduced integrals in r-s diagram


(INT:2:17)        A       B       C       D       E
......................................................
r=2, s=0:         1       1       1       1       .
r=2, s=1:         3       0       3       0       .
r=2, s=2:         6       0       6       0       .
r=2, s=3:        10       0      10       0       .
r=2, s=4:        15      15      15      15       .
r=3, s=0:         2       0       2       0       .
r=3, s=1:         6       0       6       0       .
r=3, s=2:        12       0      12       0       .
r=3, s=3:        20       0      20       0       .
r=3, s=4:        30       0      30       0       .
r=4, s=0:         3       0       3       0       .
r=4, s=1:         9       0       9       0       .
r=4, s=2:        18       0      18       0       .
r=4, s=3:        30       0      30       0       .
r=4, s=4:        45      15      45      15       .
r=5, s=0:         4       0       4       0       .
r=5, s=1:        12       0      12       0       .
r=5, s=2:        24       0      24       0       .
r=5, s=3:        40       0      40       0       .
r=5, s=4:        60      15      60      15       x
r=6, s=0:         5       1       5       1       x
r=6, s=1:        15       3      15       3       x
r=6, s=2:        30       6      30       6       x
r=6, s=3:        50      10      50      10       x
r=6, s=4:        75      15      75      15       x

(INT:2:17)      s=0     s=1     s=2     s=3     s=4
......................................................
r=2:             1.      0.      0.      0.     15.
r=3:             0.      0.      0.      0.      0.
r=4:             0.      0.      0.      0.     15.
r=5:             0.      0.      0.      0.     15x
r=6:             1x      3x      6x     10x     15x


Check for masters done (time: 0.1 s)

Done [5 s]
Setup:         0 s  (1 %)
Reduction:     5 s  (98 %)
Write/analyze: 0 s  (1 %)


Job done (total time: 5 s)
