
Date: Thu Aug 26 11:05:29 2021

Setting up job queue from jobs_2_distribute.yaml
Updating job queue dependencies
Processing jobs in serial mode (non-MPI build)
Inserted new job in queue: job(1): distribute external
Updating job queue dependencies
Loading uncrossed integral families from file ./config/integralfamilies.yaml
Initialize integral family 'T1'
Loaded integral family T1
Initialize integral family 'T2'
Loaded integral family T2
Loaded 2 (uncrossed) integral families
Done loading uncrossed integral families
Determining sectors in selection
  normalizing user input
  selecting all sectors
    considering top level sector (T1:9:511)
    considering top level sector (T2:9:511)
Using integral family T1 (id reset to 1)
Loading crossings from file ./sectormappings/crossings.yaml
Crossing equivalence: '' -> ''
using crossing x12 (invs: {t==-t+mw^2-s+mh^2}, mom: {p2==p1,p1==p2})
Crossing equivalence: 'x12' -> 'x12'
Crossing equivalence: '' -> ''
Loaded crossings for kinematics ''
Loaded crossings for 1 kinematics
Done loading crossings
  generated crossed integral family T1x12 (id set to 2)
Using integral family T2 (id reset to 3)
  generated crossed integral family T2x12 (id set to 4)
Done loading integral families
read key 'sectormappings' in file './sectormappings/sectormappings_T1.yaml'
Found valid sector mappings for T1
read key 'sectormappings' in file './sectormappings/sectormappings_T2.yaml'
Found valid sector mappings for T2
  selecting explicit sectors
  selecting recursively
  deselecting explicit sectors
  deselecting recursively
  deselecting sectors by t restriction
Updated job queue:
  [p] job(1): distribute external  [dep: ]


Date: Thu Aug 26 11:05:29 2021

Run ID: f35ee6d5

Starting job(1): distribute external
Completed Job(1) [Time: 0s, CPU: 0s]
Updating job queue dependencies
Completed jobs in jobqueue

Completed all jobs
Total run time: 0 s
Killing Fermat
