
Date: Fri Apr  1 11:54:27 2022


conditional: false
qgraf_file: /net/home/lxtsfs1/tpe/korneev/Desktop/NNLO_Single_Real/QGRAF/qgraf-3.4.2/qaqHV_REDUZE.yaml
output_file: tmp/reduze_qaqHV_alt.yaml
info_file_form: shifts/reduze_qaqHV_alt.shift
names:
  []

Reading diagrams from file: /net/home/lxtsfs1/tpe/korneev/Desktop/NNLO_Single_Real/QGRAF/qgraf-3.4.2/qaqHV_REDUZE.yaml
rename negative field indices
Loaded diagram 1
rename negative field indices
Loaded diagram 2
rename negative field indices
Loaded diagram 3
rename negative field indices
Loaded diagram 4
rename negative field indices
Loaded diagram 5
rename negative field indices
Loaded diagram 6
rename negative field indices
Loaded diagram 7
rename negative field indices
Loaded diagram 8
rename negative field indices
Loaded diagram 9
rename negative field indices
Loaded diagram 10
rename negative field indices
Loaded diagram 11
rename negative field indices
Loaded diagram 12
rename negative field indices
Loaded diagram 13
rename negative field indices
Loaded diagram 14
rename negative field indices
Loaded diagram 15
rename negative field indices
Loaded diagram 16
Diagrams loaded. Time: 0.02315s

Analyzing topologies of 16 diagrams:
Analyzing diagram 1

  => matched diagram 1 to (INTx12:2:10)
     via shift: {k1==-k-p2}
read key 'sectormappings' in file './sectormappings/sectormappings_INT.yaml'
Found valid sector mappings for INT
     target sector equivalent to (INTx25:2:5)

x
Analyzing diagram 2
  => matched diagram 2 to (INT:2:10)
     via shift: {k1==-k-p1}
     target sector equivalent to (INTx125:2:5)

X
Analyzing diagram 3
  => matched diagram 3 to (INTx12:3:14)
     via shift: {k1==k+p2+p1}
     target sector equivalent to (INTx25:3:7)

x
Analyzing diagram 4
  => matched diagram 4 to (INTx12:3:14)
     via shift: {k1==k+p2+p1}
     target sector equivalent to (INTx25:3:7)

x
Analyzing diagram 5
  => matched diagram 5 to (INT:3:14)
     via shift: {k1==k+p2+p1}
     target sector equivalent to (INTx125:3:7)

X
Analyzing diagram 6
  => matched diagram 6 to (INT:3:14)
     via shift: {k1==k+p2+p1}
     target sector equivalent to (INTx125:3:7)

X
Analyzing diagram 7
  => matched diagram 7 to (INT:3:13)
     via shift: {k1==-k-p2-p1}
     target sector equivalent to (INTx15:3:11)

X
Analyzing diagram 8
  => matched diagram 8 to (INT:3:13)
     via shift: {k1==-k-p2-p1}
     target sector equivalent to (INTx15:3:11)

X
Analyzing diagram 9
  => matched diagram 9 to (INTx12:3:11)
     via shift: {k1==k+p2}
     target sector equivalent to (INTx12:3:11)

x
Analyzing diagram 10
  => matched diagram 10 to (INT:3:11)
     via shift: {k1==k+p1}
     target sector equivalent to (INT:3:11)

X
Analyzing diagram 11
  => matched diagram 11 to (INT:2:9)
     via shift: {k1==-k}
     target sector equivalent to (INT:2:9)

X
Analyzing diagram 12
  => matched diagram 12 to (INT:2:9)
     via shift: {k1==-k}
     target sector equivalent to (INT:2:9)

X
Analyzing diagram 13
  => matched diagram 13 to (INT:2:9)
     via shift: {k1==-k}
     target sector equivalent to (INT:2:9)

X
Analyzing diagram 14
  => matched diagram 14 to (INTx12:4:15)
     via shift: {k1==-k-p2}
     target sector equivalent to (INTx12:4:15)

x
Analyzing diagram 15
  => matched diagram 15 to (INT:4:15)
     via shift: {k1==-k-p1}
     target sector equivalent to (INT:4:15)

X
Analyzing diagram 16
  => matched diagram 16 to (INTx125:4:15)
     via shift: {k1==k-p5+p2}
     target sector equivalent to (INTx125:4:15)

x

+-------+
| ERROR |
+-------+
/net/home/lxtsfs1/tpe/korneev/Desktop/Reduze/reduze-2.5/reduze/files.cpp:1066:void Reduze::rename(const string&, const string&):
Failed to rename file from: shifts/reduze_qaqHV_alt.shift.tmp to: shifts/reduze_qaqHV_alt.shift

