
Date: Mon Apr  4 13:58:02 2022


conditional: false
sector_selection:
  select_all: true
  select:
    []
  select_recursively:
    []
  deselect:
    []
  deselect_recursively:
    []
  deselect_independents:
    []
  deselect_graphless: false
  deselect_graphs: false
  t_restriction: [-1, -1]
equation_files:
  []
reduzer_options:
  num_equations_per_subjob: 1
  num_blocks_per_subjob: 1
  only_substitute: false



Step 1: determine external* and explicit input files

Determining sectors in selection
  normalizing user input
  selecting all sectors
    considering top level sector (INT:5:31)
  selecting explicit sectors
  selecting recursively
  deselecting explicit sectors
  deselecting recursively
  deselecting sectors by t restriction


Finished the cleanup !

Job done (total time: 0 s)
