
Date: Mon Apr  4 10:34:22 2022


conditional: false
input_file: ./tmp/INT_3_7/seeds/seeds_INT_3_7_ibp
output_file: ./tmp/INT_3_7/identities/identities_INT_3_7_ibp_1_of_1
type: ibp
options:
  transform_integrals_to_equivalent: true
  solve_equations: true
  set_subsectors_to_zero: false
  eliminate_subsectors_by_shift: true
  map_on_coeff: []
from: 1
to: 1000

  Adjusting last integral 1000 to 100
  Generating identities of type ibp: identities_INT_3_7_ibp_1_of_1
  identities from 100 seeds, range: [1, 100]
  ..................................................  **************************************************
  Identities generated: 500 (time: 0.2 s)
  Average number of integrals per equation: 8

Job done (total time: 0 s)
