
Date: Mon Apr  4 11:48:27 2022


conditional: false
input_file: ./tmp/INT_4_27/seeds/seeds_INT_4_27_ibp
output_file: ./tmp/INT_4_27/identities/identities_INT_4_27_ibp_1_of_1
type: ibp
options:
  transform_integrals_to_equivalent: true
  solve_equations: true
  set_subsectors_to_zero: false
  eliminate_subsectors_by_shift: true
  map_on_coeff: []
from: 1
to: 1000

  Adjusting last integral 1000 to 20
  Generating identities of type ibp: identities_INT_4_27_ibp_1_of_1
  identities from 20 seeds, range: [1, 20]
  ..................................................  **************************************************
  Identities generated: 100 (time: 0.1 s)
  Average number of integrals per equation: 1e+01

Job done (total time: 0 s)
