
Date: Mon Apr  4 11:20:38 2022


conditional: false
input_file: ./tmp/INT_4_23/seeds/seeds_INT_4_23_lorentz
output_file: ./tmp/INT_4_23/identities/identities_INT_4_23_lorentz_1_of_1
type: lorentz
options:
  transform_integrals_to_equivalent: true
  solve_equations: true
  set_subsectors_to_zero: false
  eliminate_subsectors_by_shift: true
  map_on_coeff: []
from: 1
to: 1000

  Adjusting last integral 1000 to 4
  Generating identities of type lorentz: identities_INT_4_23_lorentz_1_of_1
  identities from 4 seeds, range: [1, 4]
  ..................................................  **************************************************
  Identities generated: 24 (time: 0.1 s)
  Average number of integrals per equation: 1e+01

Job done (total time: 0 s)
