
Date: Mon Apr  4 10:34:25 2022


conditional: false
input_file: ./tmp/INT_3_11/seeds/seeds_INT_3_11_ibp
output_file: ./tmp/INT_3_11/identities/identities_INT_3_11_ibp_1_of_1
type: ibp
options:
  transform_integrals_to_equivalent: true
  solve_equations: true
  set_subsectors_to_zero: false
  eliminate_subsectors_by_shift: true
  map_on_coeff: []
from: 1
to: 1000

  Adjusting last integral 1000 to 100
  Generating identities of type ibp: identities_INT_3_11_ibp_1_of_1
  identities from 100 seeds, range: [1, 100]
  ..................................................  **************************************************
  Identities generated: 500 (time: 3.0 s)
  Average number of integrals per equation: 1e+01

Job done (total time: 3 s)
