
Date: Thu Aug 26 10:08:52 2021


conditional: false
input_file: ./tmp/T1_4_54/seeds/seeds_T1_4_54_sector_symmetries
output_file: ./tmp/T1_4_54/identities/identities_T1_4_54_sector_symmetries_1_of_1
type: sector_symmetries
options:
  transform_integrals_to_equivalent: true
  solve_equations: true
  set_subsectors_to_zero: false
  eliminate_subsectors_by_shift: true
  map_on_coeff: []
from: 1
to: 1000

  Adjusting last integral 1000 to 56
  Generating identities of type sector_symmetries: identities_T1_4_54_sector_symmetries_1_of_1
  identities from 56 seeds, range: [1, 56]
  ..................................................  **************************************************
  Identities generated: 144 (time: 0.4 s)
  Average number of integrals per equation: 3

Job done (total time: 0 s)
