
Date: Thu Aug 26 10:28:33 2021


conditional: false
input_file: ./tmp/T1_5_93/seeds/seeds_T1_5_93_ibp
output_file: ./tmp/T1_5_93/identities/identities_T1_5_93_ibp_2_of_2
type: ibp
options:
  transform_integrals_to_equivalent: true
  solve_equations: true
  set_subsectors_to_zero: false
  eliminate_subsectors_by_shift: true
  map_on_coeff: []
from: 1001
to: 2000

  Adjusting last integral 2000 to 1960
  Generating identities of type ibp: identities_T1_5_93_ibp_2_of_2
  identities from 960 seeds, range: [1001, 1960]
  ..................................................  **************************************************
  Identities generated: 9600 (time: 57.0 s)
  Average number of integrals per equation: 3e+01

Job done (total time: 57 s)
