
Date: Thu Aug 26 10:22:54 2021


conditional: false
input_file: ./tmp/T1_5_79/seeds/seeds_T1_5_79_ibp
output_file: ./tmp/T1_5_79/identities/identities_T1_5_79_ibp_2_of_2
type: ibp
options:
  transform_integrals_to_equivalent: true
  solve_equations: true
  set_subsectors_to_zero: false
  eliminate_subsectors_by_shift: true
  map_on_coeff: []
from: 1001
to: 2000

  Adjusting last integral 2000 to 1960
  Generating identities of type ibp: identities_T1_5_79_ibp_2_of_2
  identities from 960 seeds, range: [1001, 1960]
  ..................................................  **************************************************
  Identities generated: 9600 (time: 3.3 s)
  Average number of integrals per equation: 8

Job done (total time: 3 s)
