
Date: Mon Apr  4 13:55:33 2022


conditional: false
min_workers: 0
max_workers: 0
tmp_directory: ./tmp/INT_5_31/
identity_filenames:
  - ./tmp/INT_5_31/identities/identities_INT_5_31_ibp_1_of_1
  - ./tmp/INT_5_31/identities/identities_INT_5_31_lorentz_1_of_1
  - ./tmp/INT_5_31/identities/identities_INT_5_31_sector_symmetries_1_of_1
subst_filenames:
  []
output_file: ./reductions/reduction_INT_5_31
output_file_external: ./reductions/external_INT_5_31
solutions:
  requested_solutions:
    - {r: [t, 5], s: [0, 3]}
  set_subsectors_to_zero: false
  map_on_coeff: []
  discard_new_subsector_identities: false
reduzer_options:
  num_equations_per_subjob: 1
  num_blocks_per_subjob: 1
  only_substitute: false
preferred_masters_file: ""
delete_files:
  - ./tmp/INT_5_31/seeds/seeds_INT_5_31_ibp
  - ./tmp/INT_5_31/identities/identities_INT_5_31_ibp_1_of_1
  - ./tmp/INT_5_31/seeds/seeds_INT_5_31_lorentz
  - ./tmp/INT_5_31/identities/identities_INT_5_31_lorentz_1_of_1
  - ./tmp/INT_5_31/seeds/seeds_INT_5_31_sector_symmetries
  - ./tmp/INT_5_31/identities/identities_INT_5_31_sector_symmetries_1_of_1
delete_directories:
  - ./tmp/INT_5_31/seeds/
  - ./tmp/INT_5_31/identities/
subst_subsectors: true
sector: [INT, 31]

Checking for aborted previous run
Setting up in-memory reduction
Determining integrals: all_ints, external_ints, helper_ints, critical_ints, discard_ints
Find integrals in identities
  scanning ./tmp/INT_5_31/identities/identities_INT_5_31_ibp_1_of_1 (0.004s)
  scanning ./tmp/INT_5_31/identities/identities_INT_5_31_lorentz_1_of_1 (0.0007s)
  scanning ./tmp/INT_5_31/identities/identities_INT_5_31_sector_symmetries_1_of_1 (0.0004s)
Add optimal set of sub-sector substitution files
  using ./reductions/reduction_INT_4_15
  using ./reductions/reduction_INT_4_23
  using ./reductions/reduction_INT_4_27
  using ./reductions/reduction_INT_4_29
  using ./reductions/reduction_INT_4_30
Find integrals in substitutions
  scanning ./reductions/reduction_INT_4_15 (0.01s)
  scanning ./reductions/reduction_INT_4_23 (0.2s)
  scanning ./reductions/reduction_INT_4_27 (0.7s)
  scanning ./reductions/reduction_INT_4_29 (0.5s)
  scanning ./reductions/reduction_INT_4_30 (0.05s)
Find external and helper integrals
Find critical integrals
Selecting border as critical integrals
Checking 4 rs-points for border
  on border: 5 0
  on border: 5 1
  on border: 5 2
  on border: 5 3
Initialize reduzer
Allocated maps for data during reduction.
Building INT translations
Insert integrals for algorithm control:
Insert substitutions
  Inserting needed substitutions from ./reductions/reduction_INT_4_15 to database
  scanning 350719 bytes
  ..................................................  **************************************************
  file scanned (time: 0.0 s)
  Inserting needed substitutions from ./reductions/reduction_INT_4_23 to database
  scanning 26511324 bytes
  ..................................................  **************************************************
  file scanned (time: 0.0 s)
  Inserting needed substitutions from ./reductions/reduction_INT_4_27 to database
  scanning 79598889 bytes
  ..................................................  **************************************************
  file scanned (time: 0.1 s)
  Inserting needed substitutions from ./reductions/reduction_INT_4_29 to database
  scanning 56123670 bytes
  ..................................................  **************************************************
  file scanned (time: 0.1 s)
  Inserting needed substitutions from ./reductions/reduction_INT_4_30 to database
  scanning 34020829 bytes
  ..................................................  **************************************************
  file scanned (time: 0.1 s)
Insert equations to be reduced
  Inserting equations ./tmp/INT_5_31/identities/identities_INT_5_31_ibp_1_of_1 to database
  inserting 2811 bytes to database
  ..................................................  **************************************************
  file loaded (time: 0.0 s)
  Inserting equations ./tmp/INT_5_31/identities/identities_INT_5_31_lorentz_1_of_1 to database
  inserting 7278 bytes to database
  ..................................................  **************************************************
  file loaded (time: 0.0 s)
  Inserting equations ./tmp/INT_5_31/identities/identities_INT_5_31_sector_symmetries_1_of_1 to database
  inserting 0 bytes to database
  ..................................................
  file loaded (time: 0.0 s)
Starting with 1 reducible integrals
Setup done
Setup of reduction done (time: 1.8 s)
Running Reduction for sector (INT:5:31)
Performing computation in serial mode
  reduction
  ..................................................Processed integral 1/1
  **************************************************Reduced block [2e+01 s]
Reduced block [3e+01 s]
Reduced block [2e+01 s]
Reduced block [7e+00 s]
Reduced block [3e+00 s]
Reduced block [4e+00 s]
Reduced block [3e+00 s]
Reduced block [1e+00 s]

Reduction done !
Writing results to ./reductions/reduction_INT_5_31
  write result
  ..................................................  **************************************************
  file size: 575976 Bytes
  time unabbreviate: 0.0 s
  time I/O:        0.0 s
  time write tot   0.0 s (58707617 Bytes/s)

Reduction done (time: 95.8 s)

Cleaning up
Analyzing reduction result

Analyzing reduction file ./reductions/reduction_INT_5_31

Number of equations: 5
Average coefficient length [bytes]: 6741

Extracting status of reduction for each r,s point
Showing statistics for reductions found in each sector
Number of sectors for which this file provides reductions: 1


First table shows the following entries:
A: Number of all integrals
B: Number of unreduced integrals
C: Number of different integrals
D: Number of different unreduced integrals
E: Identities are interreduced w.r.t. this file (.) or not (x)

Second table shows different unreduced integrals in r-s diagram


(INT:5:31)        A       B       C       D       E
......................................................
r=5, s=0:         1       1       1       1       .
r=6, s=0:         5       0       5       0       .

(INT:5:31)      s=0
......................
r=5:             1.
r=6:             0.


Check for masters done (time: 0.0 s)

Done [98 s]
Setup:         2 s  (2 %)
Reduction:     96 s  (98 %)
Write/analyze: 0 s  (0 %)


Job done (total time: 98 s)
