
Date: Fri Apr  1 11:54:27 2022

Setting up job queue from jobs_A_diagramshift.yaml
Updating job queue dependencies
Processing jobs in serial mode (non-MPI build)
Inserted new job in queue: job(1): find diagram shifts (alt) for [...]LO_Single_Real/QGRAF/qgraf-3.4.2/qaqHV_REDUZE.yaml
Inserted new job in queue: job(2): find diagram shifts for [...]LO_Single_Real/QGRAF/qgraf-3.4.2/qaqHV_REDUZE.yaml
Updating job queue dependencies
Loading uncrossed integral families from file ./config/integralfamilies.yaml
Initialize integral family 'INT'
Loaded integral family INT
Loaded 1 (uncrossed) integral families
Done loading uncrossed integral families
Using integral family INT (id reset to 1)
Loading crossings from file ./sectormappings/crossings.yaml
Crossing equivalence: '' -> ''
using crossing x12 (invs: {u==t,s15==s25,t==u,s25==s15}, mom: {p2==p1,p1==p2})
using crossing x125 (invs: {s==-s25,u==s35,s35==t,s15==-s,t==u,s25==s15}, mom: {p5==-p1,p2==-p5,p1==p2})
using crossing x15 (invs: {s==-s25,s35==t,t==s35,s25==-s}, mom: {p5==-p1,p1==-p5})
using crossing x152 (invs: {s==-s15,u==t,s35==u,s15==s25,t==s35,s25==-s}, mom: {p5==-p2,p2==p1,p1==-p5})
using crossing x25 (invs: {s==-s15,u==s35,s35==u,s15==-s}, mom: {p5==-p2,p2==-p5})
Crossing equivalence: 'x25' -> 'x25'
Crossing equivalence: 'x152' -> 'x152'
Crossing equivalence: 'x15' -> 'x15'
Crossing equivalence: 'x125' -> 'x125'
Crossing equivalence: 'x12' -> 'x12'
Crossing equivalence: '' -> ''
Loaded crossings for kinematics ''
Loaded crossings for 1 kinematics
Done loading crossings
  generated crossed integral family INTx12 (id set to 2)
  generated crossed integral family INTx125 (id set to 3)
  generated crossed integral family INTx15 (id set to 4)
  generated crossed integral family INTx152 (id set to 5)
  generated crossed integral family INTx25 (id set to 6)
Done loading integral families
Updated job queue:
  [p] job(1): find diagram shifts (alt) for [...]LO_Single_Real/QGRAF/qgraf-3.4.2/qaqHV_REDUZE.yaml  [dep: ]
  [p] job(2): find diagram shifts for [...]LO_Single_Real/QGRAF/qgraf-3.4.2/qaqHV_REDUZE.yaml  [dep: ]


Date: Fri Apr  1 11:54:27 2022

Run ID: 63a79ec5

Starting job(1): find diagram shifts (alt) for [...]LO_Single_Real/QGRAF/qgraf-3.4.2/qaqHV_REDUZE.yaml
