
Date: Thu Aug 26 11:17:54 2021


conditional: false
input_file: ./reductions/reduction_T1_5_55
check_for_masters:
  - {r: [0, 6], s: [0, 2]}
masters_file: masters_tmp/masters.T.reduction_T1_5_55-rhs


Analyzing reduction file ./reductions/reduction_T1_5_55

Number of equations: 7625
Average coefficient length [bytes]: 118

Extracting status of reduction for each r,s point
Showing statistics for reductions found in each sector
Number of sectors for which this file provides reductions: 1


First table shows the following entries:
A: Number of all integrals
B: Number of unreduced integrals
C: Number of different integrals
D: Number of different unreduced integrals
E: Identities are interreduced w.r.t. this file (.) or not (x)

Second table shows different unreduced integrals in r-s diagram


(T1:5:55)        A       B       C       D       E
.....................................................
r=5, s=0:        1       0       1       0       .
r=5, s=1:        4       0       4       0       .
r=5, s=2:       10       0      10       0       .
r=5, s=3:       20       0      20       0       .
r=5, s=4:       35      35      35      35       .
r=6, s=0:        5       0       5       0       .
r=6, s=1:       20       0      20       0       .
r=6, s=2:       50       0      50       0       .
r=6, s=3:      100       0     100       0       .
r=6, s=4:      175      51     175      51       .
r=7, s=0:       15       0      15       0       .
r=7, s=1:       60       0      60       0       .
r=7, s=2:      150       0     150       0       .
r=7, s=3:      300       0     300       0       .
r=7, s=4:      525     204     525     204       .
r=8, s=0:       35       0      35       0       .
r=8, s=1:      140       0     140       0       .
r=8, s=2:      350       0     350       0       .
r=8, s=3:      700       0     700       0       .
r=8, s=4:     1225     350    1225     350       .
r=9, s=0:       70       1      70       1       .
r=9, s=1:      280       2     280       2       .
r=9, s=2:      700       3     700       3       .
r=9, s=3:     1400       4    1400       4       .
r=9, s=4:     2450     545    2450     545       .

(T1:5:55)      s=0     s=1     s=2     s=3     s=4
.....................................................
r=5:            0.      0.      0.      0.     35.
r=6:            0.      0.      0.      0.     51.
r=7:            0.      0.      0.      0.    204.
r=8:            0.      0.      0.      0.    350.
r=9:            1.      2.      3.      4.    545.


Checking (T1:5:55) for masters in range:
- {r: [0, 6], s: [0, 2]}

Checking 21 rs-points for border
  on border: 0 2
  on border: 1 2
  on border: 2 2
  on border: 3 2
  on border: 4 2
  on border: 5 2
  on border: 6 0
  on border: 6 1
  on border: 6 2
Missing information for at least one (r,s) in the range

Integrals appearing on r.h.s. of reductions in the range:
(T1:4:54): 1
in total: 1

Writing master candidates to file 'masters_tmp/masters.T.reduction_T1_5_55-rhs'

Job done (total time: 0 s)
